#-----------------------------------------------------------
# Vivado v2016.3 (64-bit)
# SW Build 1682563 on Mon Oct 10 19:07:27 MDT 2016
# IP Build 1681267 on Mon Oct 10 21:28:31 MDT 2016
# Start of session at: Tue May 02 21:20:17 2017
# Process ID: 15960
# Current directory: E:/HITCS/principles-of-computer-organization/exp2/ram
# Command line: vivado.exe -gui_launcher_event rodinguilauncherevent4680 E:\HITCS\principles-of-computer-organization\exp2\ram\ram.xpr
# Log file: E:/HITCS/principles-of-computer-organization/exp2/ram/vivado.log
# Journal file: E:/HITCS/principles-of-computer-organization/exp2/ram\vivado.jou
#-----------------------------------------------------------
start_gui
open_project E:/HITCS/principles-of-computer-organization/exp2/ram/ram.xpr
Scanning sources...
Finished scanning sources
WARNING: [filemgmt 56-3] IP Output Repository Path: Could not find the directory 'E:/HITCS/principles-of-computer-organization/exp2/ram/ram.cache/ip'.
INFO: [IP_Flow 19-234] Refreshing IP repositories
INFO: [IP_Flow 19-1704] No user IP repositories specified
INFO: [IP_Flow 19-2313] Loaded Vivado IP repository 'C:/Xilinx/Vivado/2016.3/data/ip'.
reset_run synth_1
launch_runs impl_1
[Tue May 02 21:20:33 2017] Launched synth_1...
Run output will be captured here: E:/HITCS/principles-of-computer-organization/exp2/ram/ram.runs/synth_1/runme.log
[Tue May 02 21:20:33 2017] Launched impl_1...
Run output will be captured here: E:/HITCS/principles-of-computer-organization/exp2/ram/ram.runs/impl_1/runme.log
exit
INFO: [Common 17-206] Exiting Vivado at Tue May 02 21:22:10 2017...
