\BOOKMARK [0][-]{title.0}{封面}{}% 1
\BOOKMARK [0][-]{toc.0}{目录}{}% 3
\BOOKMARK [0][-]{chapter.1}{xv6实验系统简述}{}% 4
\BOOKMARK [0][-]{chapter.2}{xv6环境配置}{}% 5
\BOOKMARK [1][-]{section.2.1}{系统环境}{chapter.2}% 6
\BOOKMARK [1][-]{section.2.2}{编译环境}{chapter.2}% 7
\BOOKMARK [1][-]{section.2.3}{安装QEMU}{chapter.2}% 8
\BOOKMARK [0][-]{chapter.3}{实验过程}{}% 9
\BOOKMARK [1][-]{section.3.1}{Lab\0401:\040Booting\040a\040PC}{chapter.3}% 10
\BOOKMARK [2][-]{subsection.3.1.1}{实验简介}{section.3.1}% 11
\BOOKMARK [2][-]{subsection.3.1.2}{实验目的}{section.3.1}% 12
\BOOKMARK [2][-]{subsection.3.1.3}{实验内容}{section.3.1}% 13
\BOOKMARK [3][-]{subsubsection.3.1.3.1}{准备}{subsection.3.1.3}% 14
\BOOKMARK [3][-]{subsubsection.3.1.3.2}{第一部分：启动PC}{subsection.3.1.3}% 15
\BOOKMARK [3][-]{subsubsection.3.1.3.3}{第二部分：The Boot Loader}{subsection.3.1.3}% 16
\BOOKMARK [3][-]{subsubsection.3.1.3.4}{第三部分：内核}{subsection.3.1.3}% 17
\BOOKMARK [1][-]{section.3.2}{Lab\0402:\040Memory\040Management}{chapter.3}% 18
\BOOKMARK [2][-]{subsection.3.2.1}{实验目的}{section.3.2}% 19
\BOOKMARK [2][-]{subsection.3.2.2}{实验内容}{section.3.2}% 20
\BOOKMARK [1][-]{section.3.3}{Lab\0403:\040User\040Environments}{chapter.3}% 21
\BOOKMARK [2][-]{subsection.3.3.1}{实验目的}{section.3.3}% 22
\BOOKMARK [2][-]{subsection.3.3.2}{实验内容}{section.3.3}% 23
\BOOKMARK [1][-]{section.3.4}{Lab\0404:\040Preemptive\040Multitasking}{chapter.3}% 24
\BOOKMARK [2][-]{subsection.3.4.1}{实验简介}{section.3.4}% 25
\BOOKMARK [2][-]{subsection.3.4.2}{实验目的}{section.3.4}% 26
\BOOKMARK [2][-]{subsection.3.4.3}{实验内容}{section.3.4}% 27
\BOOKMARK [3][-]{subsubsection.3.4.3.1}{准备工作}{subsection.3.4.3}% 28
\BOOKMARK [3][-]{subsubsection.3.4.3.2}{第一部分: 多处理器支持及协作式多任务}{subsection.3.4.3}% 29
\BOOKMARK [3][-]{subsubsection.3.4.3.3}{第二部分: 写时拷贝}{subsection.3.4.3}% 30
\BOOKMARK [3][-]{subsubsection.3.4.3.4}{第三部分: 抢占式多任务及进程间通信}{subsection.3.4.3}% 31
\BOOKMARK [1][-]{section.3.5}{Lab\0405:\040File\040system,\040Spawn\040and\040Shell}{chapter.3}% 32
\BOOKMARK [2][-]{subsection.3.5.1}{实验目的}{section.3.5}% 33
\BOOKMARK [2][-]{subsection.3.5.2}{实验过程}{section.3.5}% 34
\BOOKMARK [3][-]{subsubsection.3.5.2.1}{第一部分：文件系统实现}{subsection.3.5.2}% 35
\BOOKMARK [3][-]{subsubsection.3.5.2.2}{第二部分：Spawning过程}{subsection.3.5.2}% 36
\BOOKMARK [3][-]{subsubsection.3.5.2.3}{第三部分：Shell}{subsection.3.5.2}% 37
\BOOKMARK [0][-]{chapter.4}{xv6实验系统分析}{}% 38
\BOOKMARK [1][-]{section.4.1}{xv6的系统结构}{chapter.4}% 39
\BOOKMARK [1][-]{section.4.2}{引导}{chapter.4}% 40
\BOOKMARK [2][-]{subsection.4.2.1}{开始}{section.4.2}% 41
\BOOKMARK [2][-]{subsection.4.2.2}{xv6启动}{section.4.2}% 42
\BOOKMARK [3][-]{subsubsection.4.2.2.1}{bootloader代码分析}{subsection.4.2.2}% 43
\BOOKMARK [3][-]{subsubsection.4.2.2.2}{bootasm.S}{subsection.4.2.2}% 44
\BOOKMARK [3][-]{subsubsection.4.2.2.3}{bootmain.c}{subsection.4.2.2}% 45
\BOOKMARK [1][-]{section.4.3}{进程与调度分析}{chapter.4}% 46
\BOOKMARK [2][-]{subsection.4.3.1}{进程的概念}{section.4.3}% 47
\BOOKMARK [2][-]{subsection.4.3.2}{进程控制块}{section.4.3}% 48
\BOOKMARK [2][-]{subsection.4.3.3}{进程的状态}{section.4.3}% 49
\BOOKMARK [2][-]{subsection.4.3.4}{Xv6对于进程的处理过程}{section.4.3}% 50
\BOOKMARK [3][-]{subsubsection.4.3.4.1}{进程管理初始化}{subsection.4.3.4}% 51
\BOOKMARK [3][-]{subsubsection.4.3.4.2}{初始化用户进程init}{subsection.4.3.4}% 52
\BOOKMARK [3][-]{subsubsection.4.3.4.3}{创建子进程}{subsection.4.3.4}% 53
\BOOKMARK [3][-]{subsubsection.4.3.4.4}{调度进程}{subsection.4.3.4}% 54
\BOOKMARK [3][-]{subsubsection.4.3.4.5}{设置用户进程返回}{subsection.4.3.4}% 55
\BOOKMARK [3][-]{subsubsection.4.3.4.6}{睡眠进程}{subsection.4.3.4}% 56
\BOOKMARK [3][-]{subsubsection.4.3.4.7}{唤醒进程}{subsection.4.3.4}% 57
\BOOKMARK [3][-]{subsubsection.4.3.4.8}{杀死进程}{subsection.4.3.4}% 58
\BOOKMARK [3][-]{subsubsection.4.3.4.9}{退出进程}{subsection.4.3.4}% 59
\BOOKMARK [3][-]{subsubsection.4.3.4.10}{等待进程结束}{subsection.4.3.4}% 60
\BOOKMARK [1][-]{section.4.4}{内存管理}{chapter.4}% 61
\BOOKMARK [1][-]{section.4.5}{文件系统}{chapter.4}% 62
\BOOKMARK [2][-]{subsection.4.5.1}{磁盘结构}{section.4.5}% 63
\BOOKMARK [2][-]{subsection.4.5.2}{文件元数据}{section.4.5}% 64
\BOOKMARK [2][-]{subsection.4.5.3}{目录与普通文件}{section.4.5}% 65
\BOOKMARK [2][-]{subsection.4.5.4}{块缓存}{section.4.5}% 66
\BOOKMARK [2][-]{subsection.4.5.5}{磁盘ide驱动文件}{section.4.5}% 67
\BOOKMARK [2][-]{subsection.4.5.6}{文件操作}{section.4.5}% 68
\BOOKMARK [2][-]{subsection.4.5.7}{文件系统服务器}{section.4.5}% 69
\BOOKMARK [2][-]{subsection.4.5.8}{用户使用的fd文件描述符}{section.4.5}% 70
\BOOKMARK [1][-]{section.4.6}{I/O}{chapter.4}% 71
\BOOKMARK [2][-]{subsection.4.6.1}{I/O 系统调用部分}{section.4.6}% 72
\BOOKMARK [2][-]{subsection.4.6.2}{使用系统调用的文件描述符}{section.4.6}% 73
\BOOKMARK [3][-]{subsubsection.4.6.2.1}{命名服务}{subsection.4.6.2}% 74
\BOOKMARK [2][-]{subsection.4.6.3}{I/O 子系统}{section.4.6}% 75
\BOOKMARK [2][-]{subsection.4.6.4}{I/O缓存Buf结构}{section.4.6}% 76
\BOOKMARK [0][-]{chapter.5}{xv6实验系统实例分析——从命令cat讲起}{}% 77
\BOOKMARK [1][-]{section.5.1}{准备阶段}{chapter.5}% 78
\BOOKMARK [2][-]{subsection.5.1.1}{文件准备}{section.5.1}% 79
\BOOKMARK [2][-]{subsection.5.1.2}{xv6当前的文件}{section.5.1}% 80
\BOOKMARK [1][-]{section.5.2}{开始阶段}{chapter.5}% 81
\BOOKMARK [2][-]{subsection.5.2.1}{用户输入命令过程}{section.5.2}% 82
\BOOKMARK [2][-]{subsection.5.2.2}{创建cat进程}{section.5.2}% 83
\BOOKMARK [3][-]{subsubsection.5.2.2.1}{拷贝子进程}{subsection.5.2.2}% 84
\BOOKMARK [3][-]{subsubsection.5.2.2.2}{执行cat程序}{subsection.5.2.2}% 85
\BOOKMARK [1][-]{section.5.3}{执行阶段}{chapter.5}% 86
\BOOKMARK [2][-]{subsection.5.3.1}{准备工作}{section.5.3}% 87
\BOOKMARK [2][-]{subsection.5.3.2}{读入文件}{section.5.3}% 88
\BOOKMARK [2][-]{subsection.5.3.3}{输出结果}{section.5.3}% 89
\BOOKMARK [2][-]{subsection.5.3.4}{中间过程：程序调度}{section.5.3}% 90
\BOOKMARK [2][-]{subsection.5.3.5}{中间过程：休眠唤醒}{section.5.3}% 91
\BOOKMARK [1][-]{section.5.4}{结束阶段}{chapter.5}% 92
\BOOKMARK [0][-]{chapter.6}{总结与心得}{}% 93
\BOOKMARK [0][-]{section*.23}{参考文献}{}% 94
