#-----------------------------------------------------------
# Vivado v2017.1 (64-bit)
# SW Build 1846317 on Fri Apr 14 18:55:03 MDT 2017
# IP Build 1846188 on Fri Apr 14 20:52:08 MDT 2017
# Start of session at: Sun Jul 23 14:56:12 2017
# Process ID: 18296
# Current directory: E:/HITCS/exp5/cpu_artix
# Command line: vivado.exe -gui_launcher_event rodinguilauncherevent2060 E:\HITCS\exp5\cpu_artix\cpu.xpr
# Log file: E:/HITCS/exp5/cpu_artix/vivado.log
# Journal file: E:/HITCS/exp5/cpu_artix\vivado.jou
#-----------------------------------------------------------
start_gui
open_project E:/HITCS/exp5/cpu_artix/cpu.xpr
Scanning sources...
Finished scanning sources
INFO: [IP_Flow 19-234] Refreshing IP repositories
INFO: [IP_Flow 19-1704] No user IP repositories specified
INFO: [IP_Flow 19-2313] Loaded Vivado IP repository 'C:/Xilinx/Vivado/2017.1/data/ip'.
launch_runs impl_1 -to_step write_bitstream -jobs 8
INFO: [Vivado 12-4149] The synthesis checkpoint for IP 'E:/HITCS/exp5/cpu_artix/ipcore_dir/ddr.xci' is already up-to-date
[Sun Jul 23 14:56:30 2017] Launched synth_1...
Run output will be captured here: E:/HITCS/exp5/cpu_artix/cpu.runs/synth_1/runme.log
[Sun Jul 23 14:56:30 2017] Launched impl_1...
Run output will be captured here: E:/HITCS/exp5/cpu_artix/cpu.runs/impl_1/runme.log
reset_run synth_1
WARNING: [Vivado 12-1017] Problems encountered:
1. PID not specified

launch_runs synth_1 -jobs 8
INFO: [Vivado 12-4149] The synthesis checkpoint for IP 'E:/HITCS/exp5/cpu_artix/ipcore_dir/ddr.xci' is already up-to-date
[Sun Jul 23 14:59:14 2017] Launched synth_1...
Run output will be captured here: E:/HITCS/exp5/cpu_artix/cpu.runs/synth_1/runme.log
reset_run synth_1
WARNING: [Vivado 12-1017] Problems encountered:
1. PID not specified

launch_runs synth_1 -jobs 8
INFO: [Vivado 12-4149] The synthesis checkpoint for IP 'E:/HITCS/exp5/cpu_artix/ipcore_dir/ddr.xci' is already up-to-date
[Sun Jul 23 14:59:47 2017] Launched synth_1...
Run output will be captured here: E:/HITCS/exp5/cpu_artix/cpu.runs/synth_1/runme.log
reset_run synth_1
WARNING: [Vivado 12-1017] Problems encountered:
1. PID not specified

exit
INFO: [Common 17-206] Exiting Vivado at Sun Jul 23 15:05:01 2017...
