Unable to capture context for thread 14304 in process 16048, can not generate back trace
Unable to capture context for thread 9796 in process 16048, can not generate back trace
Exception at PC 0x00007FF937459E08
Unable to capture context for thread 14304 in process 16048, can not generate back trace
Unable to capture context for thread 8212 in process 16048, can not generate back trace
Exception at PC 0x00007FF8C82BBB93
Printing stacktrace...

Unable to capture context for thread 8212 in process 16048, can not generate back trace
Exception at PC 0x00007FF937459E08
Exception at PC 0x00007FF937459E08
Exception at PC 0x00007FF937459E08
Exception at PC 0x00007FF937459E08
Exception at PC 0x00007FF937459E08
Exception at PC 0x00007FF937459E08
Exception at PC 0x00007FF937459E08
Exception at PC 0x00007FF937459E08
Exception at PC 0x00007FF937459E08
Exception at PC 0x00007FF937459E08
Exception at PC 0x00007FF937459E08
Exception at PC 0x00007FF937459E08
Exception at PC 0x00007FF937459E08
Exception at PC 0x00007FF937459E08
Exception at PC 0x00007FF937459E08
Exception at PC 0x00007FF937459E08
Exception at PC 0x00007FF937459E08
[0]  [0x00007FF8C82BBB93]
[1]  [0x00007FF8C82BBB93]
[2]  [0x00007FF8C82BB4A1]
[3]  [0x00007FF8C82BB3EF]
[4]  [0x00007FF8C82A19FE]
[5]  [0x00007FF8C82A0ED1]
[6]  [0x00007FF8C82A0D76]
[7]  [0x00007FF8C82479F6]
[8]  [0x00007FF8C8237AFB]
[9]  [0x00007FF8C835E90A]
[10]  [0x00007FF8C8379F87]
[11]  [0x00007FF8C837A05F]
[12] (BaseThreadInitThunk+0x14) [0x00007FF938D82774]
[13] (RtlUserThreadStart+0x21) [0x00007FF93A380D61]
Done
Exception at PC 0x00007FF8C7FC1A52
Attemped to write at address 0x00007FF8FFBF9BA4
Printing stacktrace...

[0]  [0x00007FF8C7FC1A52]
[1]  [0x00007FF8C7FC1A52]
[2]  [0x00007FF8C7FC1AD4]
[3]  [0x00007FF8C8103FF7]
[4]  [0x00007FF8C7FE9128]
[5]  [0x00007FF8C829DFB9]
[6]  [0x00007FF8C846EF23]
[7]  [0x00007FF8C837B06B]
[8]  [0x00007FF8C83708AF]
[9]  [0x00007FF8C8370A32]
[10] (RtlDeactivateActivationContextUnsafeFast+0x1af) [0x00007FF93A33486F]
[11] (LdrShutdownProcess+0x12c) [0x00007FF93A35D44C]
[12] (RtlExitUserProcess+0xb4) [0x00007FF93A35D304]
[13] (FatalExit+0xa) [0x00007FF938D8C0DA]
[14] (exit+0x75) [0x00007FF9391FA045]
[15] (initterm_e+0x21d) [0x00007FF9391FA68D]
[16]  [0x00000000004014CD]
[17]  [0x000000000040151B]
[18] (BaseThreadInitThunk+0x14) [0x00007FF938D82774]
[19] (RtlUserThreadStart+0x21) [0x00007FF93A380D61]
Done
