Unable to capture context for thread 2952 in process 16628, can not generate back trace
Unable to capture context for thread 14672 in process 16628, can not generate back trace
Exception at PC 0x00007FFB9940BB93
Printing stacktrace...

Exception at PC 0x00007FFBDAD89E08
Unable to capture context for thread 16772 in process 16628, can not generate back trace
Exception at PC 0x00007FFBDAD89E08
Exception at PC 0x00007FFBDAD89E08
Exception at PC 0x00007FFBDAD89E08
Exception at PC 0x00007FFBDAD89E08
Exception at PC 0x00007FFBDAD89E08
Exception at PC 0x00007FFBDAD89E08
Exception at PC 0x00007FFBDAD89E08
Exception at PC 0x00007FFBDAD89E08
Exception at PC 0x00007FFBDAD89E08
Exception at PC 0x00007FFBDAD89E08
Exception at PC 0x00007FFBDAD89E08
Exception at PC 0x00007FFBDAD89E08
Exception at PC 0x00007FFBDAD89E08
[0]  [0x00007FFB9940BB93]
[1]  [0x00007FFB9940BB93]
[2]  [0x00007FFB9940B4A1]
[3]  [0x00007FFB9940B459]
[4]  [0x00007FFB993F19FE]
[5]  [0x00007FFB993F0ED1]
[6]  [0x00007FFB993F0D76]
[7]  [0x00007FFB993979F6]
[8]  [0x00007FFB99387AFB]
[9]  [0x00007FFB994AE90A]
[10]  [0x00007FFB994C9F87]
[11]  [0x00007FFB994CA05F]
[12] (BaseThreadInitThunk+0x14) [0x00007FFBDBE32774]
[13] (RtlUserThreadStart+0x21) [0x00007FFBDE800D61]
Done
Exception at PC 0x00007FFBDAD89E08
Exception at PC 0x00007FFBDAD89E08
Exception at PC 0x00007FFBDAD89E08
Exception at PC 0x00007FFBDAD89E08
Exception at PC 0x00007FFBDAD89E08
