#-----------------------------------------------------------
# Vivado v2017.1 (64-bit)
# SW Build 1846317 on Fri Apr 14 18:55:03 MDT 2017
# IP Build 1846188 on Fri Apr 14 20:52:08 MDT 2017
# Start of session at: Thu Jun  1 21:06:03 2017
# Process ID: 20008
# Current directory: E:/HITCS/principles-of-computer-organization/exp2/ram2114
# Command line: vivado.exe -gui_launcher_event rodinguilauncherevent25188 E:\HITCS\principles-of-computer-organization\exp2\ram2114\ram2114.xpr
# Log file: E:/HITCS/principles-of-computer-organization/exp2/ram2114/vivado.log
# Journal file: E:/HITCS/principles-of-computer-organization/exp2/ram2114\vivado.jou
#-----------------------------------------------------------
start_gui
open_project E:/HITCS/principles-of-computer-organization/exp2/ram2114/ram2114.xpr
Scanning sources...
Finished scanning sources
INFO: [Project 1-230] Project 'ram2114.xpr' upgraded for this version of Vivado.
INFO: [IP_Flow 19-234] Refreshing IP repositories
INFO: [IP_Flow 19-1704] No user IP repositories specified
INFO: [IP_Flow 19-2313] Loaded Vivado IP repository 'C:/Xilinx/Vivado/2017.1/data/ip'.
update_compile_order -fileset sources_1
exit
INFO: [Common 17-206] Exiting Vivado at Thu Jun  1 21:08:59 2017...
