\BOOKMARK [0][-]{title.0}{封面}{}% 1
\BOOKMARK [0][-]{chapter*.1}{摘要}{}% 2
\BOOKMARK [0][-]{toc.0}{目录}{}% 3
\BOOKMARK [0][-]{chapter.1}{简介/问题描述}{}% 4
\BOOKMARK [1][-]{section.1.1}{解决问题的解释}{chapter.1}% 5
\BOOKMARK [1][-]{section.1.2}{问题的形式化描述}{chapter.1}% 6
\BOOKMARK [1][-]{section.1.3}{解决方案介绍（原理）}{chapter.1}% 7
\BOOKMARK [0][-]{chapter.2}{算法介绍}{}% 8
\BOOKMARK [1][-]{section.2.1}{所用方法的一般介绍}{chapter.2}% 9
\BOOKMARK [1][-]{section.2.2}{算法伪代码}{chapter.2}% 10
\BOOKMARK [0][-]{chapter.3}{算法实现}{}% 11
\BOOKMARK [1][-]{section.3.1}{实验环境与问题规模}{chapter.3}% 12
\BOOKMARK [2][-]{subsection.3.1.1}{实验环境}{section.3.1}% 13
\BOOKMARK [2][-]{subsection.3.1.2}{问题规模}{section.3.1}% 14
\BOOKMARK [1][-]{section.3.2}{数据结构}{chapter.3}% 15
\BOOKMARK [1][-]{section.3.3}{实验结果}{chapter.3}% 16
\BOOKMARK [1][-]{section.3.4}{系统中间及最终输出结果}{chapter.3}% 17
\BOOKMARK [0][-]{chapter.4}{总结及讨论}{}% 18
\BOOKMARK [0][-]{section*.3}{参考文献}{}% 19
\BOOKMARK [0][-]{appendix.A}{实验代码}{}% 20
