Copyright 1986-2017 Xilinx, Inc. All Rights Reserved.
-------------------------------------------------------------------------------------------------------------------------------------------------------
| Tool Version : Vivado v.2017.1 (win64) Build 1846317 Fri Apr 14 18:55:03 MDT 2017
| Date         : Sat Jun 24 10:54:54 2017
| Host         : DESKTOP-IQ9RCDV running 64-bit major release  (build 9200)
| Command      : report_timing_summary -warn_on_violation -max_paths 10 -file perform_timing_summary_routed.rpt -rpx perform_timing_summary_routed.rpx
| Design       : perform
| Device       : 7a100t-csg324
| Speed File   : -1  PRODUCTION 1.16 2016-11-09
-------------------------------------------------------------------------------------------------------------------------------------------------------

Timing Summary Report

------------------------------------------------------------------------------------------------
| Timer Settings
| --------------
------------------------------------------------------------------------------------------------

  Enable Multi Corner Analysis               :  Yes
  Enable Pessimism Removal                   :  Yes
  Pessimism Removal Resolution               :  Nearest Common Node
  Enable Input Delay Default Clock           :  No
  Enable Preset / Clear Arcs                 :  No
  Disable Flight Delays                      :  No
  Ignore I/O Paths                           :  No
  Timing Early Launch at Borrowing Latches   :  false

  Corner  Analyze    Analyze    
  Name    Max Paths  Min Paths  
  ------  ---------  ---------  
  Slow    Yes        Yes        
  Fast    Yes        Yes        



check_timing report

Table of Contents
-----------------
1. checking no_clock
2. checking constant_clock
3. checking pulse_width_clock
4. checking unconstrained_internal_endpoints
5. checking no_input_delay
6. checking no_output_delay
7. checking multiple_clock
8. checking generated_clocks
9. checking loops
10. checking partial_input_delay
11. checking partial_output_delay
12. checking latch_loops

1. checking no_clock
--------------------
 There is 1 register/latch pin with no clock driven by root clock pin: btnl (HIGH)

 There is 1 register/latch pin with no clock driven by root clock pin: btnr (HIGH)

 There are 4 register/latch pins with no clock driven by root clock pin: btnu (HIGH)

 There are 9 register/latch pins with no clock driven by root clock pin: clk1khz_reg/Q (HIGH)


2. checking constant_clock
--------------------------
 There are 0 register/latch pins with constant_clock.


3. checking pulse_width_clock
-----------------------------
 There are 0 register/latch pins which need pulse_width check


4. checking unconstrained_internal_endpoints
--------------------------------------------
 There are 14 pins that are not constrained for maximum delay. (HIGH)

 There are 0 pins that are not constrained for maximum delay due to constant clock.


5. checking no_input_delay
--------------------------
 There is 1 input port with no input delay specified. (HIGH)

 There are 0 input ports with no input delay but user has a false path constraint.


6. checking no_output_delay
---------------------------
 There are 24 ports with no output delay specified. (HIGH)

 There are 0 ports with no output delay but user has a false path constraint

 There are 0 ports with no output delay but with a timing clock defined on it or propagating through it


7. checking multiple_clock
--------------------------
 There are 0 register/latch pins with multiple clocks.


8. checking generated_clocks
----------------------------
 There are 0 generated clocks that are not connected to a clock source.


9. checking loops
-----------------
 There are 0 combinational loops in the design.


10. checking partial_input_delay
--------------------------------
 There are 0 input ports with partial input delay specified.


11. checking partial_output_delay
---------------------------------
 There are 0 ports with partial output delay specified.


12. checking latch_loops
------------------------
 There is 1 combinational latch loop in the design through latch input (HIGH)



------------------------------------------------------------------------------------------------
| Design Timing Summary
| ---------------------
------------------------------------------------------------------------------------------------

    WNS(ns)      TNS(ns)  TNS Failing Endpoints  TNS Total Endpoints      WHS(ns)      THS(ns)  THS Failing Endpoints  THS Total Endpoints     WPWS(ns)     TPWS(ns)  TPWS Failing Endpoints  TPWS Total Endpoints  
    -------      -------  ---------------------  -------------------      -------      -------  ---------------------  -------------------     --------     --------  ----------------------  --------------------  
      6.524        0.000                      0                   35        0.263        0.000                      0                   35        4.500        0.000                       0                    19  


All user specified timing constraints are met.


------------------------------------------------------------------------------------------------
| Clock Summary
| -------------
------------------------------------------------------------------------------------------------

Clock        Waveform(ns)       Period(ns)      Frequency(MHz)
-----        ------------       ----------      --------------
sys_clk_pin  {0.000 5.000}      10.000          100.000         


------------------------------------------------------------------------------------------------
| Intra Clock Table
| -----------------
------------------------------------------------------------------------------------------------

Clock             WNS(ns)      TNS(ns)  TNS Failing Endpoints  TNS Total Endpoints      WHS(ns)      THS(ns)  THS Failing Endpoints  THS Total Endpoints     WPWS(ns)     TPWS(ns)  TPWS Failing Endpoints  TPWS Total Endpoints  
-----             -------      -------  ---------------------  -------------------      -------      -------  ---------------------  -------------------     --------     --------  ----------------------  --------------------  
sys_clk_pin         6.524        0.000                      0                   35        0.263        0.000                      0                   35        4.500        0.000                       0                    19  


------------------------------------------------------------------------------------------------
| Inter Clock Table
| -----------------
------------------------------------------------------------------------------------------------

From Clock    To Clock          WNS(ns)      TNS(ns)  TNS Failing Endpoints  TNS Total Endpoints      WHS(ns)      THS(ns)  THS Failing Endpoints  THS Total Endpoints  
----------    --------          -------      -------  ---------------------  -------------------      -------      -------  ---------------------  -------------------  


------------------------------------------------------------------------------------------------
| Other Path Groups Table
| -----------------------
------------------------------------------------------------------------------------------------

Path Group    From Clock    To Clock          WNS(ns)      TNS(ns)  TNS Failing Endpoints  TNS Total Endpoints      WHS(ns)      THS(ns)  THS Failing Endpoints  THS Total Endpoints  
----------    ----------    --------          -------      -------  ---------------------  -------------------      -------      -------  ---------------------  -------------------  


------------------------------------------------------------------------------------------------
| Timing Details
| --------------
------------------------------------------------------------------------------------------------


---------------------------------------------------------------------------------------------------
From Clock:  sys_clk_pin
  To Clock:  sys_clk_pin

Setup :            0  Failing Endpoints,  Worst Slack        6.524ns,  Total Violation        0.000ns
Hold  :            0  Failing Endpoints,  Worst Slack        0.263ns,  Total Violation        0.000ns
PW    :            0  Failing Endpoints,  Worst Slack        4.500ns,  Total Violation        0.000ns
---------------------------------------------------------------------------------------------------


Max Delay Paths
--------------------------------------------------------------------------------------
Slack (MET) :             6.524ns  (required time - arrival time)
  Source:                 clk1khz_i_reg[14]/C
                            (rising edge-triggered cell FDRE clocked by sys_clk_pin  {rise@0.000ns fall@5.000ns period=10.000ns})
  Destination:            clk1khz_i_reg[10]/R
                            (rising edge-triggered cell FDRE clocked by sys_clk_pin  {rise@0.000ns fall@5.000ns period=10.000ns})
  Path Group:             sys_clk_pin
  Path Type:              Setup (Max at Slow Process Corner)
  Requirement:            10.000ns  (sys_clk_pin rise@10.000ns - sys_clk_pin rise@0.000ns)
  Data Path Delay:        2.987ns  (logic 0.704ns (23.572%)  route 2.283ns (76.428%))
  Logic Levels:           2  (LUT3=1 LUT6=1)
  Clock Path Skew:        -0.025ns (DCD - SCD + CPR)
    Destination Clock Delay (DCD):    5.014ns = ( 15.014 - 10.000 ) 
    Source Clock Delay      (SCD):    5.314ns
    Clock Pessimism Removal (CPR):    0.275ns
  Clock Uncertainty:      0.035ns  ((TSJ^2 + TIJ^2)^1/2 + DJ) / 2 + PE
    Total System Jitter     (TSJ):    0.071ns
    Total Input Jitter      (TIJ):    0.000ns
    Discrete Jitter          (DJ):    0.000ns
    Phase Error              (PE):    0.000ns

    Location             Delay type                Incr(ns)  Path(ns)    Netlist Resource(s)
  -------------------------------------------------------------------    -------------------
                         (clock sys_clk_pin rise edge)
                                                      0.000     0.000 r  
    E3                                                0.000     0.000 r  clk (IN)
                         net (fo=0)                   0.000     0.000    clk
    E3                   IBUF (Prop_ibuf_I_O)         1.482     1.482 r  clk_IBUF_inst/O
                         net (fo=1, routed)           2.025     3.506    clk_IBUF
    BUFGCTRL_X0Y16       BUFG (Prop_bufg_I_O)         0.096     3.602 r  clk_IBUF_BUFG_inst/O
                         net (fo=18, routed)          1.711     5.314    clk_IBUF_BUFG
    SLICE_X3Y78          FDRE                                         r  clk1khz_i_reg[14]/C
  -------------------------------------------------------------------    -------------------
    SLICE_X3Y78          FDRE (Prop_fdre_C_Q)         0.456     5.770 f  clk1khz_i_reg[14]/Q
                         net (fo=2, routed)           0.862     6.632    clk1khz_i_reg[14]
    SLICE_X2Y78          LUT6 (Prop_lut6_I1_O)        0.124     6.756 r  clk1khz_i[0]_i_5/O
                         net (fo=2, routed)           0.821     7.576    clk1khz_i[0]_i_5_n_0
    SLICE_X2Y77          LUT3 (Prop_lut3_I2_O)        0.124     7.700 r  clk1khz_i[0]_i_1/O
                         net (fo=17, routed)          0.600     8.300    clear
    SLICE_X3Y77          FDRE                                         r  clk1khz_i_reg[10]/R
  -------------------------------------------------------------------    -------------------

                         (clock sys_clk_pin rise edge)
                                                     10.000    10.000 r  
    E3                                                0.000    10.000 r  clk (IN)
                         net (fo=0)                   0.000    10.000    clk
    E3                   IBUF (Prop_ibuf_I_O)         1.411    11.411 r  clk_IBUF_inst/O
                         net (fo=1, routed)           1.920    13.331    clk_IBUF
    BUFGCTRL_X0Y16       BUFG (Prop_bufg_I_O)         0.091    13.422 r  clk_IBUF_BUFG_inst/O
                         net (fo=18, routed)          1.591    15.014    clk_IBUF_BUFG
    SLICE_X3Y77          FDRE                                         r  clk1khz_i_reg[10]/C
                         clock pessimism              0.275    15.289    
                         clock uncertainty           -0.035    15.253    
    SLICE_X3Y77          FDRE (Setup_fdre_C_R)       -0.429    14.824    clk1khz_i_reg[10]
  -------------------------------------------------------------------
                         required time                         14.824    
                         arrival time                          -8.300    
  -------------------------------------------------------------------
                         slack                                  6.524    

Slack (MET) :             6.524ns  (required time - arrival time)
  Source:                 clk1khz_i_reg[14]/C
                            (rising edge-triggered cell FDRE clocked by sys_clk_pin  {rise@0.000ns fall@5.000ns period=10.000ns})
  Destination:            clk1khz_i_reg[11]/R
                            (rising edge-triggered cell FDRE clocked by sys_clk_pin  {rise@0.000ns fall@5.000ns period=10.000ns})
  Path Group:             sys_clk_pin
  Path Type:              Setup (Max at Slow Process Corner)
  Requirement:            10.000ns  (sys_clk_pin rise@10.000ns - sys_clk_pin rise@0.000ns)
  Data Path Delay:        2.987ns  (logic 0.704ns (23.572%)  route 2.283ns (76.428%))
  Logic Levels:           2  (LUT3=1 LUT6=1)
  Clock Path Skew:        -0.025ns (DCD - SCD + CPR)
    Destination Clock Delay (DCD):    5.014ns = ( 15.014 - 10.000 ) 
    Source Clock Delay      (SCD):    5.314ns
    Clock Pessimism Removal (CPR):    0.275ns
  Clock Uncertainty:      0.035ns  ((TSJ^2 + TIJ^2)^1/2 + DJ) / 2 + PE
    Total System Jitter     (TSJ):    0.071ns
    Total Input Jitter      (TIJ):    0.000ns
    Discrete Jitter          (DJ):    0.000ns
    Phase Error              (PE):    0.000ns

    Location             Delay type                Incr(ns)  Path(ns)    Netlist Resource(s)
  -------------------------------------------------------------------    -------------------
                         (clock sys_clk_pin rise edge)
                                                      0.000     0.000 r  
    E3                                                0.000     0.000 r  clk (IN)
                         net (fo=0)                   0.000     0.000    clk
    E3                   IBUF (Prop_ibuf_I_O)         1.482     1.482 r  clk_IBUF_inst/O
                         net (fo=1, routed)           2.025     3.506    clk_IBUF
    BUFGCTRL_X0Y16       BUFG (Prop_bufg_I_O)         0.096     3.602 r  clk_IBUF_BUFG_inst/O
                         net (fo=18, routed)          1.711     5.314    clk_IBUF_BUFG
    SLICE_X3Y78          FDRE                                         r  clk1khz_i_reg[14]/C
  -------------------------------------------------------------------    -------------------
    SLICE_X3Y78          FDRE (Prop_fdre_C_Q)         0.456     5.770 f  clk1khz_i_reg[14]/Q
                         net (fo=2, routed)           0.862     6.632    clk1khz_i_reg[14]
    SLICE_X2Y78          LUT6 (Prop_lut6_I1_O)        0.124     6.756 r  clk1khz_i[0]_i_5/O
                         net (fo=2, routed)           0.821     7.576    clk1khz_i[0]_i_5_n_0
    SLICE_X2Y77          LUT3 (Prop_lut3_I2_O)        0.124     7.700 r  clk1khz_i[0]_i_1/O
                         net (fo=17, routed)          0.600     8.300    clear
    SLICE_X3Y77          FDRE                                         r  clk1khz_i_reg[11]/R
  -------------------------------------------------------------------    -------------------

                         (clock sys_clk_pin rise edge)
                                                     10.000    10.000 r  
    E3                                                0.000    10.000 r  clk (IN)
                         net (fo=0)                   0.000    10.000    clk
    E3                   IBUF (Prop_ibuf_I_O)         1.411    11.411 r  clk_IBUF_inst/O
                         net (fo=1, routed)           1.920    13.331    clk_IBUF
    BUFGCTRL_X0Y16       BUFG (Prop_bufg_I_O)         0.091    13.422 r  clk_IBUF_BUFG_inst/O
                         net (fo=18, routed)          1.591    15.014    clk_IBUF_BUFG
    SLICE_X3Y77          FDRE                                         r  clk1khz_i_reg[11]/C
                         clock pessimism              0.275    15.289    
                         clock uncertainty           -0.035    15.253    
    SLICE_X3Y77          FDRE (Setup_fdre_C_R)       -0.429    14.824    clk1khz_i_reg[11]
  -------------------------------------------------------------------
                         required time                         14.824    
                         arrival time                          -8.300    
  -------------------------------------------------------------------
                         slack                                  6.524    

Slack (MET) :             6.524ns  (required time - arrival time)
  Source:                 clk1khz_i_reg[14]/C
                            (rising edge-triggered cell FDRE clocked by sys_clk_pin  {rise@0.000ns fall@5.000ns period=10.000ns})
  Destination:            clk1khz_i_reg[8]/R
                            (rising edge-triggered cell FDRE clocked by sys_clk_pin  {rise@0.000ns fall@5.000ns period=10.000ns})
  Path Group:             sys_clk_pin
  Path Type:              Setup (Max at Slow Process Corner)
  Requirement:            10.000ns  (sys_clk_pin rise@10.000ns - sys_clk_pin rise@0.000ns)
  Data Path Delay:        2.987ns  (logic 0.704ns (23.572%)  route 2.283ns (76.428%))
  Logic Levels:           2  (LUT3=1 LUT6=1)
  Clock Path Skew:        -0.025ns (DCD - SCD + CPR)
    Destination Clock Delay (DCD):    5.014ns = ( 15.014 - 10.000 ) 
    Source Clock Delay      (SCD):    5.314ns
    Clock Pessimism Removal (CPR):    0.275ns
  Clock Uncertainty:      0.035ns  ((TSJ^2 + TIJ^2)^1/2 + DJ) / 2 + PE
    Total System Jitter     (TSJ):    0.071ns
    Total Input Jitter      (TIJ):    0.000ns
    Discrete Jitter          (DJ):    0.000ns
    Phase Error              (PE):    0.000ns

    Location             Delay type                Incr(ns)  Path(ns)    Netlist Resource(s)
  -------------------------------------------------------------------    -------------------
                         (clock sys_clk_pin rise edge)
                                                      0.000     0.000 r  
    E3                                                0.000     0.000 r  clk (IN)
                         net (fo=0)                   0.000     0.000    clk
    E3                   IBUF (Prop_ibuf_I_O)         1.482     1.482 r  clk_IBUF_inst/O
                         net (fo=1, routed)           2.025     3.506    clk_IBUF
    BUFGCTRL_X0Y16       BUFG (Prop_bufg_I_O)         0.096     3.602 r  clk_IBUF_BUFG_inst/O
                         net (fo=18, routed)          1.711     5.314    clk_IBUF_BUFG
    SLICE_X3Y78          FDRE                                         r  clk1khz_i_reg[14]/C
  -------------------------------------------------------------------    -------------------
    SLICE_X3Y78          FDRE (Prop_fdre_C_Q)         0.456     5.770 f  clk1khz_i_reg[14]/Q
                         net (fo=2, routed)           0.862     6.632    clk1khz_i_reg[14]
    SLICE_X2Y78          LUT6 (Prop_lut6_I1_O)        0.124     6.756 r  clk1khz_i[0]_i_5/O
                         net (fo=2, routed)           0.821     7.576    clk1khz_i[0]_i_5_n_0
    SLICE_X2Y77          LUT3 (Prop_lut3_I2_O)        0.124     7.700 r  clk1khz_i[0]_i_1/O
                         net (fo=17, routed)          0.600     8.300    clear
    SLICE_X3Y77          FDRE                                         r  clk1khz_i_reg[8]/R
  -------------------------------------------------------------------    -------------------

                         (clock sys_clk_pin rise edge)
                                                     10.000    10.000 r  
    E3                                                0.000    10.000 r  clk (IN)
                         net (fo=0)                   0.000    10.000    clk
    E3                   IBUF (Prop_ibuf_I_O)         1.411    11.411 r  clk_IBUF_inst/O
                         net (fo=1, routed)           1.920    13.331    clk_IBUF
    BUFGCTRL_X0Y16       BUFG (Prop_bufg_I_O)         0.091    13.422 r  clk_IBUF_BUFG_inst/O
                         net (fo=18, routed)          1.591    15.014    clk_IBUF_BUFG
    SLICE_X3Y77          FDRE                                         r  clk1khz_i_reg[8]/C
                         clock pessimism              0.275    15.289    
                         clock uncertainty           -0.035    15.253    
    SLICE_X3Y77          FDRE (Setup_fdre_C_R)       -0.429    14.824    clk1khz_i_reg[8]
  -------------------------------------------------------------------
                         required time                         14.824    
                         arrival time                          -8.300    
  -------------------------------------------------------------------
                         slack                                  6.524    

Slack (MET) :             6.524ns  (required time - arrival time)
  Source:                 clk1khz_i_reg[14]/C
                            (rising edge-triggered cell FDRE clocked by sys_clk_pin  {rise@0.000ns fall@5.000ns period=10.000ns})
  Destination:            clk1khz_i_reg[9]/R
                            (rising edge-triggered cell FDRE clocked by sys_clk_pin  {rise@0.000ns fall@5.000ns period=10.000ns})
  Path Group:             sys_clk_pin
  Path Type:              Setup (Max at Slow Process Corner)
  Requirement:            10.000ns  (sys_clk_pin rise@10.000ns - sys_clk_pin rise@0.000ns)
  Data Path Delay:        2.987ns  (logic 0.704ns (23.572%)  route 2.283ns (76.428%))
  Logic Levels:           2  (LUT3=1 LUT6=1)
  Clock Path Skew:        -0.025ns (DCD - SCD + CPR)
    Destination Clock Delay (DCD):    5.014ns = ( 15.014 - 10.000 ) 
    Source Clock Delay      (SCD):    5.314ns
    Clock Pessimism Removal (CPR):    0.275ns
  Clock Uncertainty:      0.035ns  ((TSJ^2 + TIJ^2)^1/2 + DJ) / 2 + PE
    Total System Jitter     (TSJ):    0.071ns
    Total Input Jitter      (TIJ):    0.000ns
    Discrete Jitter          (DJ):    0.000ns
    Phase Error              (PE):    0.000ns

    Location             Delay type                Incr(ns)  Path(ns)    Netlist Resource(s)
  -------------------------------------------------------------------    -------------------
                         (clock sys_clk_pin rise edge)
                                                      0.000     0.000 r  
    E3                                                0.000     0.000 r  clk (IN)
                         net (fo=0)                   0.000     0.000    clk
    E3                   IBUF (Prop_ibuf_I_O)         1.482     1.482 r  clk_IBUF_inst/O
                         net (fo=1, routed)           2.025     3.506    clk_IBUF
    BUFGCTRL_X0Y16       BUFG (Prop_bufg_I_O)         0.096     3.602 r  clk_IBUF_BUFG_inst/O
                         net (fo=18, routed)          1.711     5.314    clk_IBUF_BUFG
    SLICE_X3Y78          FDRE                                         r  clk1khz_i_reg[14]/C
  -------------------------------------------------------------------    -------------------
    SLICE_X3Y78          FDRE (Prop_fdre_C_Q)         0.456     5.770 f  clk1khz_i_reg[14]/Q
                         net (fo=2, routed)           0.862     6.632    clk1khz_i_reg[14]
    SLICE_X2Y78          LUT6 (Prop_lut6_I1_O)        0.124     6.756 r  clk1khz_i[0]_i_5/O
                         net (fo=2, routed)           0.821     7.576    clk1khz_i[0]_i_5_n_0
    SLICE_X2Y77          LUT3 (Prop_lut3_I2_O)        0.124     7.700 r  clk1khz_i[0]_i_1/O
                         net (fo=17, routed)          0.600     8.300    clear
    SLICE_X3Y77          FDRE                                         r  clk1khz_i_reg[9]/R
  -------------------------------------------------------------------    -------------------

                         (clock sys_clk_pin rise edge)
                                                     10.000    10.000 r  
    E3                                                0.000    10.000 r  clk (IN)
                         net (fo=0)                   0.000    10.000    clk
    E3                   IBUF (Prop_ibuf_I_O)         1.411    11.411 r  clk_IBUF_inst/O
                         net (fo=1, routed)           1.920    13.331    clk_IBUF
    BUFGCTRL_X0Y16       BUFG (Prop_bufg_I_O)         0.091    13.422 r  clk_IBUF_BUFG_inst/O
                         net (fo=18, routed)          1.591    15.014    clk_IBUF_BUFG
    SLICE_X3Y77          FDRE                                         r  clk1khz_i_reg[9]/C
                         clock pessimism              0.275    15.289    
                         clock uncertainty           -0.035    15.253    
    SLICE_X3Y77          FDRE (Setup_fdre_C_R)       -0.429    14.824    clk1khz_i_reg[9]
  -------------------------------------------------------------------
                         required time                         14.824    
                         arrival time                          -8.300    
  -------------------------------------------------------------------
                         slack                                  6.524    

Slack (MET) :             6.560ns  (required time - arrival time)
  Source:                 clk1khz_i_reg[14]/C
                            (rising edge-triggered cell FDRE clocked by sys_clk_pin  {rise@0.000ns fall@5.000ns period=10.000ns})
  Destination:            clk1khz_i_reg[0]/R
                            (rising edge-triggered cell FDRE clocked by sys_clk_pin  {rise@0.000ns fall@5.000ns period=10.000ns})
  Path Group:             sys_clk_pin
  Path Type:              Setup (Max at Slow Process Corner)
  Requirement:            10.000ns  (sys_clk_pin rise@10.000ns - sys_clk_pin rise@0.000ns)
  Data Path Delay:        2.947ns  (logic 0.704ns (23.885%)  route 2.243ns (76.115%))
  Logic Levels:           2  (LUT3=1 LUT6=1)
  Clock Path Skew:        -0.028ns (DCD - SCD + CPR)
    Destination Clock Delay (DCD):    5.011ns = ( 15.011 - 10.000 ) 
    Source Clock Delay      (SCD):    5.314ns
    Clock Pessimism Removal (CPR):    0.275ns
  Clock Uncertainty:      0.035ns  ((TSJ^2 + TIJ^2)^1/2 + DJ) / 2 + PE
    Total System Jitter     (TSJ):    0.071ns
    Total Input Jitter      (TIJ):    0.000ns
    Discrete Jitter          (DJ):    0.000ns
    Phase Error              (PE):    0.000ns

    Location             Delay type                Incr(ns)  Path(ns)    Netlist Resource(s)
  -------------------------------------------------------------------    -------------------
                         (clock sys_clk_pin rise edge)
                                                      0.000     0.000 r  
    E3                                                0.000     0.000 r  clk (IN)
                         net (fo=0)                   0.000     0.000    clk
    E3                   IBUF (Prop_ibuf_I_O)         1.482     1.482 r  clk_IBUF_inst/O
                         net (fo=1, routed)           2.025     3.506    clk_IBUF
    BUFGCTRL_X0Y16       BUFG (Prop_bufg_I_O)         0.096     3.602 r  clk_IBUF_BUFG_inst/O
                         net (fo=18, routed)          1.711     5.314    clk_IBUF_BUFG
    SLICE_X3Y78          FDRE                                         r  clk1khz_i_reg[14]/C
  -------------------------------------------------------------------    -------------------
    SLICE_X3Y78          FDRE (Prop_fdre_C_Q)         0.456     5.770 f  clk1khz_i_reg[14]/Q
                         net (fo=2, routed)           0.862     6.632    clk1khz_i_reg[14]
    SLICE_X2Y78          LUT6 (Prop_lut6_I1_O)        0.124     6.756 r  clk1khz_i[0]_i_5/O
                         net (fo=2, routed)           0.821     7.576    clk1khz_i[0]_i_5_n_0
    SLICE_X2Y77          LUT3 (Prop_lut3_I2_O)        0.124     7.700 r  clk1khz_i[0]_i_1/O
                         net (fo=17, routed)          0.561     8.261    clear
    SLICE_X3Y75          FDRE                                         r  clk1khz_i_reg[0]/R
  -------------------------------------------------------------------    -------------------

                         (clock sys_clk_pin rise edge)
                                                     10.000    10.000 r  
    E3                                                0.000    10.000 r  clk (IN)
                         net (fo=0)                   0.000    10.000    clk
    E3                   IBUF (Prop_ibuf_I_O)         1.411    11.411 r  clk_IBUF_inst/O
                         net (fo=1, routed)           1.920    13.331    clk_IBUF
    BUFGCTRL_X0Y16       BUFG (Prop_bufg_I_O)         0.091    13.422 r  clk_IBUF_BUFG_inst/O
                         net (fo=18, routed)          1.588    15.011    clk_IBUF_BUFG
    SLICE_X3Y75          FDRE                                         r  clk1khz_i_reg[0]/C
                         clock pessimism              0.275    15.286    
                         clock uncertainty           -0.035    15.250    
    SLICE_X3Y75          FDRE (Setup_fdre_C_R)       -0.429    14.821    clk1khz_i_reg[0]
  -------------------------------------------------------------------
                         required time                         14.821    
                         arrival time                          -8.261    
  -------------------------------------------------------------------
                         slack                                  6.560    

Slack (MET) :             6.560ns  (required time - arrival time)
  Source:                 clk1khz_i_reg[14]/C
                            (rising edge-triggered cell FDRE clocked by sys_clk_pin  {rise@0.000ns fall@5.000ns period=10.000ns})
  Destination:            clk1khz_i_reg[1]/R
                            (rising edge-triggered cell FDRE clocked by sys_clk_pin  {rise@0.000ns fall@5.000ns period=10.000ns})
  Path Group:             sys_clk_pin
  Path Type:              Setup (Max at Slow Process Corner)
  Requirement:            10.000ns  (sys_clk_pin rise@10.000ns - sys_clk_pin rise@0.000ns)
  Data Path Delay:        2.947ns  (logic 0.704ns (23.885%)  route 2.243ns (76.115%))
  Logic Levels:           2  (LUT3=1 LUT6=1)
  Clock Path Skew:        -0.028ns (DCD - SCD + CPR)
    Destination Clock Delay (DCD):    5.011ns = ( 15.011 - 10.000 ) 
    Source Clock Delay      (SCD):    5.314ns
    Clock Pessimism Removal (CPR):    0.275ns
  Clock Uncertainty:      0.035ns  ((TSJ^2 + TIJ^2)^1/2 + DJ) / 2 + PE
    Total System Jitter     (TSJ):    0.071ns
    Total Input Jitter      (TIJ):    0.000ns
    Discrete Jitter          (DJ):    0.000ns
    Phase Error              (PE):    0.000ns

    Location             Delay type                Incr(ns)  Path(ns)    Netlist Resource(s)
  -------------------------------------------------------------------    -------------------
                         (clock sys_clk_pin rise edge)
                                                      0.000     0.000 r  
    E3                                                0.000     0.000 r  clk (IN)
                         net (fo=0)                   0.000     0.000    clk
    E3                   IBUF (Prop_ibuf_I_O)         1.482     1.482 r  clk_IBUF_inst/O
                         net (fo=1, routed)           2.025     3.506    clk_IBUF
    BUFGCTRL_X0Y16       BUFG (Prop_bufg_I_O)         0.096     3.602 r  clk_IBUF_BUFG_inst/O
                         net (fo=18, routed)          1.711     5.314    clk_IBUF_BUFG
    SLICE_X3Y78          FDRE                                         r  clk1khz_i_reg[14]/C
  -------------------------------------------------------------------    -------------------
    SLICE_X3Y78          FDRE (Prop_fdre_C_Q)         0.456     5.770 f  clk1khz_i_reg[14]/Q
                         net (fo=2, routed)           0.862     6.632    clk1khz_i_reg[14]
    SLICE_X2Y78          LUT6 (Prop_lut6_I1_O)        0.124     6.756 r  clk1khz_i[0]_i_5/O
                         net (fo=2, routed)           0.821     7.576    clk1khz_i[0]_i_5_n_0
    SLICE_X2Y77          LUT3 (Prop_lut3_I2_O)        0.124     7.700 r  clk1khz_i[0]_i_1/O
                         net (fo=17, routed)          0.561     8.261    clear
    SLICE_X3Y75          FDRE                                         r  clk1khz_i_reg[1]/R
  -------------------------------------------------------------------    -------------------

                         (clock sys_clk_pin rise edge)
                                                     10.000    10.000 r  
    E3                                                0.000    10.000 r  clk (IN)
                         net (fo=0)                   0.000    10.000    clk
    E3                   IBUF (Prop_ibuf_I_O)         1.411    11.411 r  clk_IBUF_inst/O
                         net (fo=1, routed)           1.920    13.331    clk_IBUF
    BUFGCTRL_X0Y16       BUFG (Prop_bufg_I_O)         0.091    13.422 r  clk_IBUF_BUFG_inst/O
                         net (fo=18, routed)          1.588    15.011    clk_IBUF_BUFG
    SLICE_X3Y75          FDRE                                         r  clk1khz_i_reg[1]/C
                         clock pessimism              0.275    15.286    
                         clock uncertainty           -0.035    15.250    
    SLICE_X3Y75          FDRE (Setup_fdre_C_R)       -0.429    14.821    clk1khz_i_reg[1]
  -------------------------------------------------------------------
                         required time                         14.821    
                         arrival time                          -8.261    
  -------------------------------------------------------------------
                         slack                                  6.560    

Slack (MET) :             6.560ns  (required time - arrival time)
  Source:                 clk1khz_i_reg[14]/C
                            (rising edge-triggered cell FDRE clocked by sys_clk_pin  {rise@0.000ns fall@5.000ns period=10.000ns})
  Destination:            clk1khz_i_reg[2]/R
                            (rising edge-triggered cell FDRE clocked by sys_clk_pin  {rise@0.000ns fall@5.000ns period=10.000ns})
  Path Group:             sys_clk_pin
  Path Type:              Setup (Max at Slow Process Corner)
  Requirement:            10.000ns  (sys_clk_pin rise@10.000ns - sys_clk_pin rise@0.000ns)
  Data Path Delay:        2.947ns  (logic 0.704ns (23.885%)  route 2.243ns (76.115%))
  Logic Levels:           2  (LUT3=1 LUT6=1)
  Clock Path Skew:        -0.028ns (DCD - SCD + CPR)
    Destination Clock Delay (DCD):    5.011ns = ( 15.011 - 10.000 ) 
    Source Clock Delay      (SCD):    5.314ns
    Clock Pessimism Removal (CPR):    0.275ns
  Clock Uncertainty:      0.035ns  ((TSJ^2 + TIJ^2)^1/2 + DJ) / 2 + PE
    Total System Jitter     (TSJ):    0.071ns
    Total Input Jitter      (TIJ):    0.000ns
    Discrete Jitter          (DJ):    0.000ns
    Phase Error              (PE):    0.000ns

    Location             Delay type                Incr(ns)  Path(ns)    Netlist Resource(s)
  -------------------------------------------------------------------    -------------------
                         (clock sys_clk_pin rise edge)
                                                      0.000     0.000 r  
    E3                                                0.000     0.000 r  clk (IN)
                         net (fo=0)                   0.000     0.000    clk
    E3                   IBUF (Prop_ibuf_I_O)         1.482     1.482 r  clk_IBUF_inst/O
                         net (fo=1, routed)           2.025     3.506    clk_IBUF
    BUFGCTRL_X0Y16       BUFG (Prop_bufg_I_O)         0.096     3.602 r  clk_IBUF_BUFG_inst/O
                         net (fo=18, routed)          1.711     5.314    clk_IBUF_BUFG
    SLICE_X3Y78          FDRE                                         r  clk1khz_i_reg[14]/C
  -------------------------------------------------------------------    -------------------
    SLICE_X3Y78          FDRE (Prop_fdre_C_Q)         0.456     5.770 f  clk1khz_i_reg[14]/Q
                         net (fo=2, routed)           0.862     6.632    clk1khz_i_reg[14]
    SLICE_X2Y78          LUT6 (Prop_lut6_I1_O)        0.124     6.756 r  clk1khz_i[0]_i_5/O
                         net (fo=2, routed)           0.821     7.576    clk1khz_i[0]_i_5_n_0
    SLICE_X2Y77          LUT3 (Prop_lut3_I2_O)        0.124     7.700 r  clk1khz_i[0]_i_1/O
                         net (fo=17, routed)          0.561     8.261    clear
    SLICE_X3Y75          FDRE                                         r  clk1khz_i_reg[2]/R
  -------------------------------------------------------------------    -------------------

                         (clock sys_clk_pin rise edge)
                                                     10.000    10.000 r  
    E3                                                0.000    10.000 r  clk (IN)
                         net (fo=0)                   0.000    10.000    clk
    E3                   IBUF (Prop_ibuf_I_O)         1.411    11.411 r  clk_IBUF_inst/O
                         net (fo=1, routed)           1.920    13.331    clk_IBUF
    BUFGCTRL_X0Y16       BUFG (Prop_bufg_I_O)         0.091    13.422 r  clk_IBUF_BUFG_inst/O
                         net (fo=18, routed)          1.588    15.011    clk_IBUF_BUFG
    SLICE_X3Y75          FDRE                                         r  clk1khz_i_reg[2]/C
                         clock pessimism              0.275    15.286    
                         clock uncertainty           -0.035    15.250    
    SLICE_X3Y75          FDRE (Setup_fdre_C_R)       -0.429    14.821    clk1khz_i_reg[2]
  -------------------------------------------------------------------
                         required time                         14.821    
                         arrival time                          -8.261    
  -------------------------------------------------------------------
                         slack                                  6.560    

Slack (MET) :             6.560ns  (required time - arrival time)
  Source:                 clk1khz_i_reg[14]/C
                            (rising edge-triggered cell FDRE clocked by sys_clk_pin  {rise@0.000ns fall@5.000ns period=10.000ns})
  Destination:            clk1khz_i_reg[3]/R
                            (rising edge-triggered cell FDRE clocked by sys_clk_pin  {rise@0.000ns fall@5.000ns period=10.000ns})
  Path Group:             sys_clk_pin
  Path Type:              Setup (Max at Slow Process Corner)
  Requirement:            10.000ns  (sys_clk_pin rise@10.000ns - sys_clk_pin rise@0.000ns)
  Data Path Delay:        2.947ns  (logic 0.704ns (23.885%)  route 2.243ns (76.115%))
  Logic Levels:           2  (LUT3=1 LUT6=1)
  Clock Path Skew:        -0.028ns (DCD - SCD + CPR)
    Destination Clock Delay (DCD):    5.011ns = ( 15.011 - 10.000 ) 
    Source Clock Delay      (SCD):    5.314ns
    Clock Pessimism Removal (CPR):    0.275ns
  Clock Uncertainty:      0.035ns  ((TSJ^2 + TIJ^2)^1/2 + DJ) / 2 + PE
    Total System Jitter     (TSJ):    0.071ns
    Total Input Jitter      (TIJ):    0.000ns
    Discrete Jitter          (DJ):    0.000ns
    Phase Error              (PE):    0.000ns

    Location             Delay type                Incr(ns)  Path(ns)    Netlist Resource(s)
  -------------------------------------------------------------------    -------------------
                         (clock sys_clk_pin rise edge)
                                                      0.000     0.000 r  
    E3                                                0.000     0.000 r  clk (IN)
                         net (fo=0)                   0.000     0.000    clk
    E3                   IBUF (Prop_ibuf_I_O)         1.482     1.482 r  clk_IBUF_inst/O
                         net (fo=1, routed)           2.025     3.506    clk_IBUF
    BUFGCTRL_X0Y16       BUFG (Prop_bufg_I_O)         0.096     3.602 r  clk_IBUF_BUFG_inst/O
                         net (fo=18, routed)          1.711     5.314    clk_IBUF_BUFG
    SLICE_X3Y78          FDRE                                         r  clk1khz_i_reg[14]/C
  -------------------------------------------------------------------    -------------------
    SLICE_X3Y78          FDRE (Prop_fdre_C_Q)         0.456     5.770 f  clk1khz_i_reg[14]/Q
                         net (fo=2, routed)           0.862     6.632    clk1khz_i_reg[14]
    SLICE_X2Y78          LUT6 (Prop_lut6_I1_O)        0.124     6.756 r  clk1khz_i[0]_i_5/O
                         net (fo=2, routed)           0.821     7.576    clk1khz_i[0]_i_5_n_0
    SLICE_X2Y77          LUT3 (Prop_lut3_I2_O)        0.124     7.700 r  clk1khz_i[0]_i_1/O
                         net (fo=17, routed)          0.561     8.261    clear
    SLICE_X3Y75          FDRE                                         r  clk1khz_i_reg[3]/R
  -------------------------------------------------------------------    -------------------

                         (clock sys_clk_pin rise edge)
                                                     10.000    10.000 r  
    E3                                                0.000    10.000 r  clk (IN)
                         net (fo=0)                   0.000    10.000    clk
    E3                   IBUF (Prop_ibuf_I_O)         1.411    11.411 r  clk_IBUF_inst/O
                         net (fo=1, routed)           1.920    13.331    clk_IBUF
    BUFGCTRL_X0Y16       BUFG (Prop_bufg_I_O)         0.091    13.422 r  clk_IBUF_BUFG_inst/O
                         net (fo=18, routed)          1.588    15.011    clk_IBUF_BUFG
    SLICE_X3Y75          FDRE                                         r  clk1khz_i_reg[3]/C
                         clock pessimism              0.275    15.286    
                         clock uncertainty           -0.035    15.250    
    SLICE_X3Y75          FDRE (Setup_fdre_C_R)       -0.429    14.821    clk1khz_i_reg[3]
  -------------------------------------------------------------------
                         required time                         14.821    
                         arrival time                          -8.261    
  -------------------------------------------------------------------
                         slack                                  6.560    

Slack (MET) :             6.611ns  (required time - arrival time)
  Source:                 clk1khz_i_reg[14]/C
                            (rising edge-triggered cell FDRE clocked by sys_clk_pin  {rise@0.000ns fall@5.000ns period=10.000ns})
  Destination:            clk1khz_i_reg[4]/R
                            (rising edge-triggered cell FDRE clocked by sys_clk_pin  {rise@0.000ns fall@5.000ns period=10.000ns})
  Path Group:             sys_clk_pin
  Path Type:              Setup (Max at Slow Process Corner)
  Requirement:            10.000ns  (sys_clk_pin rise@10.000ns - sys_clk_pin rise@0.000ns)
  Data Path Delay:        2.898ns  (logic 0.704ns (24.289%)  route 2.194ns (75.711%))
  Logic Levels:           2  (LUT3=1 LUT6=1)
  Clock Path Skew:        -0.026ns (DCD - SCD + CPR)
    Destination Clock Delay (DCD):    5.013ns = ( 15.013 - 10.000 ) 
    Source Clock Delay      (SCD):    5.314ns
    Clock Pessimism Removal (CPR):    0.275ns
  Clock Uncertainty:      0.035ns  ((TSJ^2 + TIJ^2)^1/2 + DJ) / 2 + PE
    Total System Jitter     (TSJ):    0.071ns
    Total Input Jitter      (TIJ):    0.000ns
    Discrete Jitter          (DJ):    0.000ns
    Phase Error              (PE):    0.000ns

    Location             Delay type                Incr(ns)  Path(ns)    Netlist Resource(s)
  -------------------------------------------------------------------    -------------------
                         (clock sys_clk_pin rise edge)
                                                      0.000     0.000 r  
    E3                                                0.000     0.000 r  clk (IN)
                         net (fo=0)                   0.000     0.000    clk
    E3                   IBUF (Prop_ibuf_I_O)         1.482     1.482 r  clk_IBUF_inst/O
                         net (fo=1, routed)           2.025     3.506    clk_IBUF
    BUFGCTRL_X0Y16       BUFG (Prop_bufg_I_O)         0.096     3.602 r  clk_IBUF_BUFG_inst/O
                         net (fo=18, routed)          1.711     5.314    clk_IBUF_BUFG
    SLICE_X3Y78          FDRE                                         r  clk1khz_i_reg[14]/C
  -------------------------------------------------------------------    -------------------
    SLICE_X3Y78          FDRE (Prop_fdre_C_Q)         0.456     5.770 f  clk1khz_i_reg[14]/Q
                         net (fo=2, routed)           0.862     6.632    clk1khz_i_reg[14]
    SLICE_X2Y78          LUT6 (Prop_lut6_I1_O)        0.124     6.756 r  clk1khz_i[0]_i_5/O
                         net (fo=2, routed)           0.821     7.576    clk1khz_i[0]_i_5_n_0
    SLICE_X2Y77          LUT3 (Prop_lut3_I2_O)        0.124     7.700 r  clk1khz_i[0]_i_1/O
                         net (fo=17, routed)          0.512     8.212    clear
    SLICE_X3Y76          FDRE                                         r  clk1khz_i_reg[4]/R
  -------------------------------------------------------------------    -------------------

                         (clock sys_clk_pin rise edge)
                                                     10.000    10.000 r  
    E3                                                0.000    10.000 r  clk (IN)
                         net (fo=0)                   0.000    10.000    clk
    E3                   IBUF (Prop_ibuf_I_O)         1.411    11.411 r  clk_IBUF_inst/O
                         net (fo=1, routed)           1.920    13.331    clk_IBUF
    BUFGCTRL_X0Y16       BUFG (Prop_bufg_I_O)         0.091    13.422 r  clk_IBUF_BUFG_inst/O
                         net (fo=18, routed)          1.590    15.013    clk_IBUF_BUFG
    SLICE_X3Y76          FDRE                                         r  clk1khz_i_reg[4]/C
                         clock pessimism              0.275    15.288    
                         clock uncertainty           -0.035    15.252    
    SLICE_X3Y76          FDRE (Setup_fdre_C_R)       -0.429    14.823    clk1khz_i_reg[4]
  -------------------------------------------------------------------
                         required time                         14.823    
                         arrival time                          -8.212    
  -------------------------------------------------------------------
                         slack                                  6.611    

Slack (MET) :             6.611ns  (required time - arrival time)
  Source:                 clk1khz_i_reg[14]/C
                            (rising edge-triggered cell FDRE clocked by sys_clk_pin  {rise@0.000ns fall@5.000ns period=10.000ns})
  Destination:            clk1khz_i_reg[5]/R
                            (rising edge-triggered cell FDRE clocked by sys_clk_pin  {rise@0.000ns fall@5.000ns period=10.000ns})
  Path Group:             sys_clk_pin
  Path Type:              Setup (Max at Slow Process Corner)
  Requirement:            10.000ns  (sys_clk_pin rise@10.000ns - sys_clk_pin rise@0.000ns)
  Data Path Delay:        2.898ns  (logic 0.704ns (24.289%)  route 2.194ns (75.711%))
  Logic Levels:           2  (LUT3=1 LUT6=1)
  Clock Path Skew:        -0.026ns (DCD - SCD + CPR)
    Destination Clock Delay (DCD):    5.013ns = ( 15.013 - 10.000 ) 
    Source Clock Delay      (SCD):    5.314ns
    Clock Pessimism Removal (CPR):    0.275ns
  Clock Uncertainty:      0.035ns  ((TSJ^2 + TIJ^2)^1/2 + DJ) / 2 + PE
    Total System Jitter     (TSJ):    0.071ns
    Total Input Jitter      (TIJ):    0.000ns
    Discrete Jitter          (DJ):    0.000ns
    Phase Error              (PE):    0.000ns

    Location             Delay type                Incr(ns)  Path(ns)    Netlist Resource(s)
  -------------------------------------------------------------------    -------------------
                         (clock sys_clk_pin rise edge)
                                                      0.000     0.000 r  
    E3                                                0.000     0.000 r  clk (IN)
                         net (fo=0)                   0.000     0.000    clk
    E3                   IBUF (Prop_ibuf_I_O)         1.482     1.482 r  clk_IBUF_inst/O
                         net (fo=1, routed)           2.025     3.506    clk_IBUF
    BUFGCTRL_X0Y16       BUFG (Prop_bufg_I_O)         0.096     3.602 r  clk_IBUF_BUFG_inst/O
                         net (fo=18, routed)          1.711     5.314    clk_IBUF_BUFG
    SLICE_X3Y78          FDRE                                         r  clk1khz_i_reg[14]/C
  -------------------------------------------------------------------    -------------------
    SLICE_X3Y78          FDRE (Prop_fdre_C_Q)         0.456     5.770 f  clk1khz_i_reg[14]/Q
                         net (fo=2, routed)           0.862     6.632    clk1khz_i_reg[14]
    SLICE_X2Y78          LUT6 (Prop_lut6_I1_O)        0.124     6.756 r  clk1khz_i[0]_i_5/O
                         net (fo=2, routed)           0.821     7.576    clk1khz_i[0]_i_5_n_0
    SLICE_X2Y77          LUT3 (Prop_lut3_I2_O)        0.124     7.700 r  clk1khz_i[0]_i_1/O
                         net (fo=17, routed)          0.512     8.212    clear
    SLICE_X3Y76          FDRE                                         r  clk1khz_i_reg[5]/R
  -------------------------------------------------------------------    -------------------

                         (clock sys_clk_pin rise edge)
                                                     10.000    10.000 r  
    E3                                                0.000    10.000 r  clk (IN)
                         net (fo=0)                   0.000    10.000    clk
    E3                   IBUF (Prop_ibuf_I_O)         1.411    11.411 r  clk_IBUF_inst/O
                         net (fo=1, routed)           1.920    13.331    clk_IBUF
    BUFGCTRL_X0Y16       BUFG (Prop_bufg_I_O)         0.091    13.422 r  clk_IBUF_BUFG_inst/O
                         net (fo=18, routed)          1.590    15.013    clk_IBUF_BUFG
    SLICE_X3Y76          FDRE                                         r  clk1khz_i_reg[5]/C
                         clock pessimism              0.275    15.288    
                         clock uncertainty           -0.035    15.252    
    SLICE_X3Y76          FDRE (Setup_fdre_C_R)       -0.429    14.823    clk1khz_i_reg[5]
  -------------------------------------------------------------------
                         required time                         14.823    
                         arrival time                          -8.212    
  -------------------------------------------------------------------
                         slack                                  6.611    





Min Delay Paths
--------------------------------------------------------------------------------------
Slack (MET) :             0.263ns  (arrival time - required time)
  Source:                 clk1khz_i_reg[15]/C
                            (rising edge-triggered cell FDRE clocked by sys_clk_pin  {rise@0.000ns fall@5.000ns period=10.000ns})
  Destination:            clk1khz_i_reg[15]/D
                            (rising edge-triggered cell FDRE clocked by sys_clk_pin  {rise@0.000ns fall@5.000ns period=10.000ns})
  Path Group:             sys_clk_pin
  Path Type:              Hold (Min at Fast Process Corner)
  Requirement:            0.000ns  (sys_clk_pin rise@0.000ns - sys_clk_pin rise@0.000ns)
  Data Path Delay:        0.368ns  (logic 0.249ns (67.612%)  route 0.119ns (32.388%))
  Logic Levels:           1  (CARRY4=1)
  Clock Path Skew:        0.000ns (DCD - SCD - CPR)
    Destination Clock Delay (DCD):    2.030ns
    Source Clock Delay      (SCD):    1.513ns
    Clock Pessimism Removal (CPR):    0.516ns

    Location             Delay type                Incr(ns)  Path(ns)    Netlist Resource(s)
  -------------------------------------------------------------------    -------------------
                         (clock sys_clk_pin rise edge)
                                                      0.000     0.000 r  
    E3                                                0.000     0.000 r  clk (IN)
                         net (fo=0)                   0.000     0.000    clk
    E3                   IBUF (Prop_ibuf_I_O)         0.250     0.250 r  clk_IBUF_inst/O
                         net (fo=1, routed)           0.644     0.894    clk_IBUF
    BUFGCTRL_X0Y16       BUFG (Prop_bufg_I_O)         0.026     0.920 r  clk_IBUF_BUFG_inst/O
                         net (fo=18, routed)          0.594     1.513    clk_IBUF_BUFG
    SLICE_X3Y78          FDRE                                         r  clk1khz_i_reg[15]/C
  -------------------------------------------------------------------    -------------------
    SLICE_X3Y78          FDRE (Prop_fdre_C_Q)         0.141     1.654 r  clk1khz_i_reg[15]/Q
                         net (fo=2, routed)           0.119     1.774    clk1khz_i_reg[15]
    SLICE_X3Y78          CARRY4 (Prop_carry4_S[3]_O[3])
                                                      0.108     1.882 r  clk1khz_i_reg[12]_i_1/O[3]
                         net (fo=1, routed)           0.000     1.882    clk1khz_i_reg[12]_i_1_n_4
    SLICE_X3Y78          FDRE                                         r  clk1khz_i_reg[15]/D
  -------------------------------------------------------------------    -------------------

                         (clock sys_clk_pin rise edge)
                                                      0.000     0.000 r  
    E3                                                0.000     0.000 r  clk (IN)
                         net (fo=0)                   0.000     0.000    clk
    E3                   IBUF (Prop_ibuf_I_O)         0.438     0.438 r  clk_IBUF_inst/O
                         net (fo=1, routed)           0.699     1.136    clk_IBUF
    BUFGCTRL_X0Y16       BUFG (Prop_bufg_I_O)         0.029     1.165 r  clk_IBUF_BUFG_inst/O
                         net (fo=18, routed)          0.865     2.030    clk_IBUF_BUFG
    SLICE_X3Y78          FDRE                                         r  clk1khz_i_reg[15]/C
                         clock pessimism             -0.516     1.513    
    SLICE_X3Y78          FDRE (Hold_fdre_C_D)         0.105     1.618    clk1khz_i_reg[15]
  -------------------------------------------------------------------
                         required time                         -1.618    
                         arrival time                           1.882    
  -------------------------------------------------------------------
                         slack                                  0.263    

Slack (MET) :             0.263ns  (arrival time - required time)
  Source:                 clk1khz_i_reg[3]/C
                            (rising edge-triggered cell FDRE clocked by sys_clk_pin  {rise@0.000ns fall@5.000ns period=10.000ns})
  Destination:            clk1khz_i_reg[3]/D
                            (rising edge-triggered cell FDRE clocked by sys_clk_pin  {rise@0.000ns fall@5.000ns period=10.000ns})
  Path Group:             sys_clk_pin
  Path Type:              Hold (Min at Fast Process Corner)
  Requirement:            0.000ns  (sys_clk_pin rise@0.000ns - sys_clk_pin rise@0.000ns)
  Data Path Delay:        0.368ns  (logic 0.249ns (67.612%)  route 0.119ns (32.388%))
  Logic Levels:           1  (CARRY4=1)
  Clock Path Skew:        0.000ns (DCD - SCD - CPR)
    Destination Clock Delay (DCD):    2.026ns
    Source Clock Delay      (SCD):    1.510ns
    Clock Pessimism Removal (CPR):    0.515ns

    Location             Delay type                Incr(ns)  Path(ns)    Netlist Resource(s)
  -------------------------------------------------------------------    -------------------
                         (clock sys_clk_pin rise edge)
                                                      0.000     0.000 r  
    E3                                                0.000     0.000 r  clk (IN)
                         net (fo=0)                   0.000     0.000    clk
    E3                   IBUF (Prop_ibuf_I_O)         0.250     0.250 r  clk_IBUF_inst/O
                         net (fo=1, routed)           0.644     0.894    clk_IBUF
    BUFGCTRL_X0Y16       BUFG (Prop_bufg_I_O)         0.026     0.920 r  clk_IBUF_BUFG_inst/O
                         net (fo=18, routed)          0.591     1.510    clk_IBUF_BUFG
    SLICE_X3Y75          FDRE                                         r  clk1khz_i_reg[3]/C
  -------------------------------------------------------------------    -------------------
    SLICE_X3Y75          FDRE (Prop_fdre_C_Q)         0.141     1.651 r  clk1khz_i_reg[3]/Q
                         net (fo=2, routed)           0.119     1.771    clk1khz_i_reg[3]
    SLICE_X3Y75          CARRY4 (Prop_carry4_S[3]_O[3])
                                                      0.108     1.879 r  clk1khz_i_reg[0]_i_2/O[3]
                         net (fo=1, routed)           0.000     1.879    clk1khz_i_reg[0]_i_2_n_4
    SLICE_X3Y75          FDRE                                         r  clk1khz_i_reg[3]/D
  -------------------------------------------------------------------    -------------------

                         (clock sys_clk_pin rise edge)
                                                      0.000     0.000 r  
    E3                                                0.000     0.000 r  clk (IN)
                         net (fo=0)                   0.000     0.000    clk
    E3                   IBUF (Prop_ibuf_I_O)         0.438     0.438 r  clk_IBUF_inst/O
                         net (fo=1, routed)           0.699     1.136    clk_IBUF
    BUFGCTRL_X0Y16       BUFG (Prop_bufg_I_O)         0.029     1.165 r  clk_IBUF_BUFG_inst/O
                         net (fo=18, routed)          0.861     2.026    clk_IBUF_BUFG
    SLICE_X3Y75          FDRE                                         r  clk1khz_i_reg[3]/C
                         clock pessimism             -0.515     1.510    
    SLICE_X3Y75          FDRE (Hold_fdre_C_D)         0.105     1.615    clk1khz_i_reg[3]
  -------------------------------------------------------------------
                         required time                         -1.615    
                         arrival time                           1.879    
  -------------------------------------------------------------------
                         slack                                  0.263    

Slack (MET) :             0.264ns  (arrival time - required time)
  Source:                 clk1khz_reg/C
                            (rising edge-triggered cell FDRE clocked by sys_clk_pin  {rise@0.000ns fall@5.000ns period=10.000ns})
  Destination:            clk1khz_reg/D
                            (rising edge-triggered cell FDRE clocked by sys_clk_pin  {rise@0.000ns fall@5.000ns period=10.000ns})
  Path Group:             sys_clk_pin
  Path Type:              Hold (Min at Fast Process Corner)
  Requirement:            0.000ns  (sys_clk_pin rise@0.000ns - sys_clk_pin rise@0.000ns)
  Data Path Delay:        0.384ns  (logic 0.209ns (54.393%)  route 0.175ns (45.607%))
  Logic Levels:           1  (LUT4=1)
  Clock Path Skew:        0.000ns (DCD - SCD - CPR)
    Destination Clock Delay (DCD):    2.029ns
    Source Clock Delay      (SCD):    1.513ns
    Clock Pessimism Removal (CPR):    0.515ns

    Location             Delay type                Incr(ns)  Path(ns)    Netlist Resource(s)
  -------------------------------------------------------------------    -------------------
                         (clock sys_clk_pin rise edge)
                                                      0.000     0.000 r  
    E3                                                0.000     0.000 r  clk (IN)
                         net (fo=0)                   0.000     0.000    clk
    E3                   IBUF (Prop_ibuf_I_O)         0.250     0.250 r  clk_IBUF_inst/O
                         net (fo=1, routed)           0.644     0.894    clk_IBUF
    BUFGCTRL_X0Y16       BUFG (Prop_bufg_I_O)         0.026     0.920 r  clk_IBUF_BUFG_inst/O
                         net (fo=18, routed)          0.594     1.513    clk_IBUF_BUFG
    SLICE_X2Y77          FDRE                                         r  clk1khz_reg/C
  -------------------------------------------------------------------    -------------------
    SLICE_X2Y77          FDRE (Prop_fdre_C_Q)         0.164     1.677 r  clk1khz_reg/Q
                         net (fo=10, routed)          0.175     1.853    clk1khz
    SLICE_X2Y77          LUT4 (Prop_lut4_I3_O)        0.045     1.898 r  clk1khz_i_1/O
                         net (fo=1, routed)           0.000     1.898    clk1khz_i_1_n_0
    SLICE_X2Y77          FDRE                                         r  clk1khz_reg/D
  -------------------------------------------------------------------    -------------------

                         (clock sys_clk_pin rise edge)
                                                      0.000     0.000 r  
    E3                                                0.000     0.000 r  clk (IN)
                         net (fo=0)                   0.000     0.000    clk
    E3                   IBUF (Prop_ibuf_I_O)         0.438     0.438 r  clk_IBUF_inst/O
                         net (fo=1, routed)           0.699     1.136    clk_IBUF
    BUFGCTRL_X0Y16       BUFG (Prop_bufg_I_O)         0.029     1.165 r  clk_IBUF_BUFG_inst/O
                         net (fo=18, routed)          0.864     2.029    clk_IBUF_BUFG
    SLICE_X2Y77          FDRE                                         r  clk1khz_reg/C
                         clock pessimism             -0.515     1.513    
    SLICE_X2Y77          FDRE (Hold_fdre_C_D)         0.120     1.633    clk1khz_reg
  -------------------------------------------------------------------
                         required time                         -1.633    
                         arrival time                           1.898    
  -------------------------------------------------------------------
                         slack                                  0.264    

Slack (MET) :             0.264ns  (arrival time - required time)
  Source:                 clk1khz_i_reg[11]/C
                            (rising edge-triggered cell FDRE clocked by sys_clk_pin  {rise@0.000ns fall@5.000ns period=10.000ns})
  Destination:            clk1khz_i_reg[11]/D
                            (rising edge-triggered cell FDRE clocked by sys_clk_pin  {rise@0.000ns fall@5.000ns period=10.000ns})
  Path Group:             sys_clk_pin
  Path Type:              Hold (Min at Fast Process Corner)
  Requirement:            0.000ns  (sys_clk_pin rise@0.000ns - sys_clk_pin rise@0.000ns)
  Data Path Delay:        0.369ns  (logic 0.249ns (67.424%)  route 0.120ns (32.576%))
  Logic Levels:           1  (CARRY4=1)
  Clock Path Skew:        0.000ns (DCD - SCD - CPR)
    Destination Clock Delay (DCD):    2.029ns
    Source Clock Delay      (SCD):    1.513ns
    Clock Pessimism Removal (CPR):    0.515ns

    Location             Delay type                Incr(ns)  Path(ns)    Netlist Resource(s)
  -------------------------------------------------------------------    -------------------
                         (clock sys_clk_pin rise edge)
                                                      0.000     0.000 r  
    E3                                                0.000     0.000 r  clk (IN)
                         net (fo=0)                   0.000     0.000    clk
    E3                   IBUF (Prop_ibuf_I_O)         0.250     0.250 r  clk_IBUF_inst/O
                         net (fo=1, routed)           0.644     0.894    clk_IBUF
    BUFGCTRL_X0Y16       BUFG (Prop_bufg_I_O)         0.026     0.920 r  clk_IBUF_BUFG_inst/O
                         net (fo=18, routed)          0.594     1.513    clk_IBUF_BUFG
    SLICE_X3Y77          FDRE                                         r  clk1khz_i_reg[11]/C
  -------------------------------------------------------------------    -------------------
    SLICE_X3Y77          FDRE (Prop_fdre_C_Q)         0.141     1.654 r  clk1khz_i_reg[11]/Q
                         net (fo=2, routed)           0.120     1.775    clk1khz_i_reg[11]
    SLICE_X3Y77          CARRY4 (Prop_carry4_S[3]_O[3])
                                                      0.108     1.883 r  clk1khz_i_reg[8]_i_1/O[3]
                         net (fo=1, routed)           0.000     1.883    clk1khz_i_reg[8]_i_1_n_4
    SLICE_X3Y77          FDRE                                         r  clk1khz_i_reg[11]/D
  -------------------------------------------------------------------    -------------------

                         (clock sys_clk_pin rise edge)
                                                      0.000     0.000 r  
    E3                                                0.000     0.000 r  clk (IN)
                         net (fo=0)                   0.000     0.000    clk
    E3                   IBUF (Prop_ibuf_I_O)         0.438     0.438 r  clk_IBUF_inst/O
                         net (fo=1, routed)           0.699     1.136    clk_IBUF
    BUFGCTRL_X0Y16       BUFG (Prop_bufg_I_O)         0.029     1.165 r  clk_IBUF_BUFG_inst/O
                         net (fo=18, routed)          0.864     2.029    clk_IBUF_BUFG
    SLICE_X3Y77          FDRE                                         r  clk1khz_i_reg[11]/C
                         clock pessimism             -0.515     1.513    
    SLICE_X3Y77          FDRE (Hold_fdre_C_D)         0.105     1.618    clk1khz_i_reg[11]
  -------------------------------------------------------------------
                         required time                         -1.618    
                         arrival time                           1.883    
  -------------------------------------------------------------------
                         slack                                  0.264    

Slack (MET) :             0.264ns  (arrival time - required time)
  Source:                 clk1khz_i_reg[7]/C
                            (rising edge-triggered cell FDRE clocked by sys_clk_pin  {rise@0.000ns fall@5.000ns period=10.000ns})
  Destination:            clk1khz_i_reg[7]/D
                            (rising edge-triggered cell FDRE clocked by sys_clk_pin  {rise@0.000ns fall@5.000ns period=10.000ns})
  Path Group:             sys_clk_pin
  Path Type:              Hold (Min at Fast Process Corner)
  Requirement:            0.000ns  (sys_clk_pin rise@0.000ns - sys_clk_pin rise@0.000ns)
  Data Path Delay:        0.369ns  (logic 0.249ns (67.424%)  route 0.120ns (32.576%))
  Logic Levels:           1  (CARRY4=1)
  Clock Path Skew:        0.000ns (DCD - SCD - CPR)
    Destination Clock Delay (DCD):    2.027ns
    Source Clock Delay      (SCD):    1.511ns
    Clock Pessimism Removal (CPR):    0.515ns

    Location             Delay type                Incr(ns)  Path(ns)    Netlist Resource(s)
  -------------------------------------------------------------------    -------------------
                         (clock sys_clk_pin rise edge)
                                                      0.000     0.000 r  
    E3                                                0.000     0.000 r  clk (IN)
                         net (fo=0)                   0.000     0.000    clk
    E3                   IBUF (Prop_ibuf_I_O)         0.250     0.250 r  clk_IBUF_inst/O
                         net (fo=1, routed)           0.644     0.894    clk_IBUF
    BUFGCTRL_X0Y16       BUFG (Prop_bufg_I_O)         0.026     0.920 r  clk_IBUF_BUFG_inst/O
                         net (fo=18, routed)          0.592     1.511    clk_IBUF_BUFG
    SLICE_X3Y76          FDRE                                         r  clk1khz_i_reg[7]/C
  -------------------------------------------------------------------    -------------------
    SLICE_X3Y76          FDRE (Prop_fdre_C_Q)         0.141     1.652 r  clk1khz_i_reg[7]/Q
                         net (fo=2, routed)           0.120     1.773    clk1khz_i_reg[7]
    SLICE_X3Y76          CARRY4 (Prop_carry4_S[3]_O[3])
                                                      0.108     1.881 r  clk1khz_i_reg[4]_i_1/O[3]
                         net (fo=1, routed)           0.000     1.881    clk1khz_i_reg[4]_i_1_n_4
    SLICE_X3Y76          FDRE                                         r  clk1khz_i_reg[7]/D
  -------------------------------------------------------------------    -------------------

                         (clock sys_clk_pin rise edge)
                                                      0.000     0.000 r  
    E3                                                0.000     0.000 r  clk (IN)
                         net (fo=0)                   0.000     0.000    clk
    E3                   IBUF (Prop_ibuf_I_O)         0.438     0.438 r  clk_IBUF_inst/O
                         net (fo=1, routed)           0.699     1.136    clk_IBUF
    BUFGCTRL_X0Y16       BUFG (Prop_bufg_I_O)         0.029     1.165 r  clk_IBUF_BUFG_inst/O
                         net (fo=18, routed)          0.862     2.027    clk_IBUF_BUFG
    SLICE_X3Y76          FDRE                                         r  clk1khz_i_reg[7]/C
                         clock pessimism             -0.515     1.511    
    SLICE_X3Y76          FDRE (Hold_fdre_C_D)         0.105     1.616    clk1khz_i_reg[7]
  -------------------------------------------------------------------
                         required time                         -1.616    
                         arrival time                           1.881    
  -------------------------------------------------------------------
                         slack                                  0.264    

Slack (MET) :             0.265ns  (arrival time - required time)
  Source:                 clk1khz_i_reg[8]/C
                            (rising edge-triggered cell FDRE clocked by sys_clk_pin  {rise@0.000ns fall@5.000ns period=10.000ns})
  Destination:            clk1khz_i_reg[8]/D
                            (rising edge-triggered cell FDRE clocked by sys_clk_pin  {rise@0.000ns fall@5.000ns period=10.000ns})
  Path Group:             sys_clk_pin
  Path Type:              Hold (Min at Fast Process Corner)
  Requirement:            0.000ns  (sys_clk_pin rise@0.000ns - sys_clk_pin rise@0.000ns)
  Data Path Delay:        0.370ns  (logic 0.256ns (69.181%)  route 0.114ns (30.819%))
  Logic Levels:           1  (CARRY4=1)
  Clock Path Skew:        0.000ns (DCD - SCD - CPR)
    Destination Clock Delay (DCD):    2.029ns
    Source Clock Delay      (SCD):    1.513ns
    Clock Pessimism Removal (CPR):    0.515ns

    Location             Delay type                Incr(ns)  Path(ns)    Netlist Resource(s)
  -------------------------------------------------------------------    -------------------
                         (clock sys_clk_pin rise edge)
                                                      0.000     0.000 r  
    E3                                                0.000     0.000 r  clk (IN)
                         net (fo=0)                   0.000     0.000    clk
    E3                   IBUF (Prop_ibuf_I_O)         0.250     0.250 r  clk_IBUF_inst/O
                         net (fo=1, routed)           0.644     0.894    clk_IBUF
    BUFGCTRL_X0Y16       BUFG (Prop_bufg_I_O)         0.026     0.920 r  clk_IBUF_BUFG_inst/O
                         net (fo=18, routed)          0.594     1.513    clk_IBUF_BUFG
    SLICE_X3Y77          FDRE                                         r  clk1khz_i_reg[8]/C
  -------------------------------------------------------------------    -------------------
    SLICE_X3Y77          FDRE (Prop_fdre_C_Q)         0.141     1.654 r  clk1khz_i_reg[8]/Q
                         net (fo=2, routed)           0.114     1.768    clk1khz_i_reg[8]
    SLICE_X3Y77          CARRY4 (Prop_carry4_S[0]_O[0])
                                                      0.115     1.883 r  clk1khz_i_reg[8]_i_1/O[0]
                         net (fo=1, routed)           0.000     1.883    clk1khz_i_reg[8]_i_1_n_7
    SLICE_X3Y77          FDRE                                         r  clk1khz_i_reg[8]/D
  -------------------------------------------------------------------    -------------------

                         (clock sys_clk_pin rise edge)
                                                      0.000     0.000 r  
    E3                                                0.000     0.000 r  clk (IN)
                         net (fo=0)                   0.000     0.000    clk
    E3                   IBUF (Prop_ibuf_I_O)         0.438     0.438 r  clk_IBUF_inst/O
                         net (fo=1, routed)           0.699     1.136    clk_IBUF
    BUFGCTRL_X0Y16       BUFG (Prop_bufg_I_O)         0.029     1.165 r  clk_IBUF_BUFG_inst/O
                         net (fo=18, routed)          0.864     2.029    clk_IBUF_BUFG
    SLICE_X3Y77          FDRE                                         r  clk1khz_i_reg[8]/C
                         clock pessimism             -0.515     1.513    
    SLICE_X3Y77          FDRE (Hold_fdre_C_D)         0.105     1.618    clk1khz_i_reg[8]
  -------------------------------------------------------------------
                         required time                         -1.618    
                         arrival time                           1.883    
  -------------------------------------------------------------------
                         slack                                  0.265    

Slack (MET) :             0.267ns  (arrival time - required time)
  Source:                 clk1khz_i_reg[4]/C
                            (rising edge-triggered cell FDRE clocked by sys_clk_pin  {rise@0.000ns fall@5.000ns period=10.000ns})
  Destination:            clk1khz_i_reg[4]/D
                            (rising edge-triggered cell FDRE clocked by sys_clk_pin  {rise@0.000ns fall@5.000ns period=10.000ns})
  Path Group:             sys_clk_pin
  Path Type:              Hold (Min at Fast Process Corner)
  Requirement:            0.000ns  (sys_clk_pin rise@0.000ns - sys_clk_pin rise@0.000ns)
  Data Path Delay:        0.372ns  (logic 0.256ns (68.804%)  route 0.116ns (31.196%))
  Logic Levels:           1  (CARRY4=1)
  Clock Path Skew:        0.000ns (DCD - SCD - CPR)
    Destination Clock Delay (DCD):    2.027ns
    Source Clock Delay      (SCD):    1.511ns
    Clock Pessimism Removal (CPR):    0.515ns

    Location             Delay type                Incr(ns)  Path(ns)    Netlist Resource(s)
  -------------------------------------------------------------------    -------------------
                         (clock sys_clk_pin rise edge)
                                                      0.000     0.000 r  
    E3                                                0.000     0.000 r  clk (IN)
                         net (fo=0)                   0.000     0.000    clk
    E3                   IBUF (Prop_ibuf_I_O)         0.250     0.250 r  clk_IBUF_inst/O
                         net (fo=1, routed)           0.644     0.894    clk_IBUF
    BUFGCTRL_X0Y16       BUFG (Prop_bufg_I_O)         0.026     0.920 r  clk_IBUF_BUFG_inst/O
                         net (fo=18, routed)          0.592     1.511    clk_IBUF_BUFG
    SLICE_X3Y76          FDRE                                         r  clk1khz_i_reg[4]/C
  -------------------------------------------------------------------    -------------------
    SLICE_X3Y76          FDRE (Prop_fdre_C_Q)         0.141     1.652 r  clk1khz_i_reg[4]/Q
                         net (fo=2, routed)           0.116     1.768    clk1khz_i_reg[4]
    SLICE_X3Y76          CARRY4 (Prop_carry4_S[0]_O[0])
                                                      0.115     1.883 r  clk1khz_i_reg[4]_i_1/O[0]
                         net (fo=1, routed)           0.000     1.883    clk1khz_i_reg[4]_i_1_n_7
    SLICE_X3Y76          FDRE                                         r  clk1khz_i_reg[4]/D
  -------------------------------------------------------------------    -------------------

                         (clock sys_clk_pin rise edge)
                                                      0.000     0.000 r  
    E3                                                0.000     0.000 r  clk (IN)
                         net (fo=0)                   0.000     0.000    clk
    E3                   IBUF (Prop_ibuf_I_O)         0.438     0.438 r  clk_IBUF_inst/O
                         net (fo=1, routed)           0.699     1.136    clk_IBUF
    BUFGCTRL_X0Y16       BUFG (Prop_bufg_I_O)         0.029     1.165 r  clk_IBUF_BUFG_inst/O
                         net (fo=18, routed)          0.862     2.027    clk_IBUF_BUFG
    SLICE_X3Y76          FDRE                                         r  clk1khz_i_reg[4]/C
                         clock pessimism             -0.515     1.511    
    SLICE_X3Y76          FDRE (Hold_fdre_C_D)         0.105     1.616    clk1khz_i_reg[4]
  -------------------------------------------------------------------
                         required time                         -1.616    
                         arrival time                           1.883    
  -------------------------------------------------------------------
                         slack                                  0.267    

Slack (MET) :             0.267ns  (arrival time - required time)
  Source:                 clk1khz_i_reg[12]/C
                            (rising edge-triggered cell FDRE clocked by sys_clk_pin  {rise@0.000ns fall@5.000ns period=10.000ns})
  Destination:            clk1khz_i_reg[12]/D
                            (rising edge-triggered cell FDRE clocked by sys_clk_pin  {rise@0.000ns fall@5.000ns period=10.000ns})
  Path Group:             sys_clk_pin
  Path Type:              Hold (Min at Fast Process Corner)
  Requirement:            0.000ns  (sys_clk_pin rise@0.000ns - sys_clk_pin rise@0.000ns)
  Data Path Delay:        0.372ns  (logic 0.256ns (68.766%)  route 0.116ns (31.234%))
  Logic Levels:           1  (CARRY4=1)
  Clock Path Skew:        0.000ns (DCD - SCD - CPR)
    Destination Clock Delay (DCD):    2.030ns
    Source Clock Delay      (SCD):    1.513ns
    Clock Pessimism Removal (CPR):    0.516ns

    Location             Delay type                Incr(ns)  Path(ns)    Netlist Resource(s)
  -------------------------------------------------------------------    -------------------
                         (clock sys_clk_pin rise edge)
                                                      0.000     0.000 r  
    E3                                                0.000     0.000 r  clk (IN)
                         net (fo=0)                   0.000     0.000    clk
    E3                   IBUF (Prop_ibuf_I_O)         0.250     0.250 r  clk_IBUF_inst/O
                         net (fo=1, routed)           0.644     0.894    clk_IBUF
    BUFGCTRL_X0Y16       BUFG (Prop_bufg_I_O)         0.026     0.920 r  clk_IBUF_BUFG_inst/O
                         net (fo=18, routed)          0.594     1.513    clk_IBUF_BUFG
    SLICE_X3Y78          FDRE                                         r  clk1khz_i_reg[12]/C
  -------------------------------------------------------------------    -------------------
    SLICE_X3Y78          FDRE (Prop_fdre_C_Q)         0.141     1.654 r  clk1khz_i_reg[12]/Q
                         net (fo=2, routed)           0.116     1.771    clk1khz_i_reg[12]
    SLICE_X3Y78          CARRY4 (Prop_carry4_S[0]_O[0])
                                                      0.115     1.886 r  clk1khz_i_reg[12]_i_1/O[0]
                         net (fo=1, routed)           0.000     1.886    clk1khz_i_reg[12]_i_1_n_7
    SLICE_X3Y78          FDRE                                         r  clk1khz_i_reg[12]/D
  -------------------------------------------------------------------    -------------------

                         (clock sys_clk_pin rise edge)
                                                      0.000     0.000 r  
    E3                                                0.000     0.000 r  clk (IN)
                         net (fo=0)                   0.000     0.000    clk
    E3                   IBUF (Prop_ibuf_I_O)         0.438     0.438 r  clk_IBUF_inst/O
                         net (fo=1, routed)           0.699     1.136    clk_IBUF
    BUFGCTRL_X0Y16       BUFG (Prop_bufg_I_O)         0.029     1.165 r  clk_IBUF_BUFG_inst/O
                         net (fo=18, routed)          0.865     2.030    clk_IBUF_BUFG
    SLICE_X3Y78          FDRE                                         r  clk1khz_i_reg[12]/C
                         clock pessimism             -0.516     1.513    
    SLICE_X3Y78          FDRE (Hold_fdre_C_D)         0.105     1.618    clk1khz_i_reg[12]
  -------------------------------------------------------------------
                         required time                         -1.618    
                         arrival time                           1.886    
  -------------------------------------------------------------------
                         slack                                  0.267    

Slack (MET) :             0.267ns  (arrival time - required time)
  Source:                 clk1khz_i_reg[2]/C
                            (rising edge-triggered cell FDRE clocked by sys_clk_pin  {rise@0.000ns fall@5.000ns period=10.000ns})
  Destination:            clk1khz_i_reg[2]/D
                            (rising edge-triggered cell FDRE clocked by sys_clk_pin  {rise@0.000ns fall@5.000ns period=10.000ns})
  Path Group:             sys_clk_pin
  Path Type:              Hold (Min at Fast Process Corner)
  Requirement:            0.000ns  (sys_clk_pin rise@0.000ns - sys_clk_pin rise@0.000ns)
  Data Path Delay:        0.372ns  (logic 0.252ns (67.654%)  route 0.120ns (32.346%))
  Logic Levels:           1  (CARRY4=1)
  Clock Path Skew:        0.000ns (DCD - SCD - CPR)
    Destination Clock Delay (DCD):    2.026ns
    Source Clock Delay      (SCD):    1.510ns
    Clock Pessimism Removal (CPR):    0.515ns

    Location             Delay type                Incr(ns)  Path(ns)    Netlist Resource(s)
  -------------------------------------------------------------------    -------------------
                         (clock sys_clk_pin rise edge)
                                                      0.000     0.000 r  
    E3                                                0.000     0.000 r  clk (IN)
                         net (fo=0)                   0.000     0.000    clk
    E3                   IBUF (Prop_ibuf_I_O)         0.250     0.250 r  clk_IBUF_inst/O
                         net (fo=1, routed)           0.644     0.894    clk_IBUF
    BUFGCTRL_X0Y16       BUFG (Prop_bufg_I_O)         0.026     0.920 r  clk_IBUF_BUFG_inst/O
                         net (fo=18, routed)          0.591     1.510    clk_IBUF_BUFG
    SLICE_X3Y75          FDRE                                         r  clk1khz_i_reg[2]/C
  -------------------------------------------------------------------    -------------------
    SLICE_X3Y75          FDRE (Prop_fdre_C_Q)         0.141     1.651 r  clk1khz_i_reg[2]/Q
                         net (fo=2, routed)           0.120     1.772    clk1khz_i_reg[2]
    SLICE_X3Y75          CARRY4 (Prop_carry4_S[2]_O[2])
                                                      0.111     1.883 r  clk1khz_i_reg[0]_i_2/O[2]
                         net (fo=1, routed)           0.000     1.883    clk1khz_i_reg[0]_i_2_n_5
    SLICE_X3Y75          FDRE                                         r  clk1khz_i_reg[2]/D
  -------------------------------------------------------------------    -------------------

                         (clock sys_clk_pin rise edge)
                                                      0.000     0.000 r  
    E3                                                0.000     0.000 r  clk (IN)
                         net (fo=0)                   0.000     0.000    clk
    E3                   IBUF (Prop_ibuf_I_O)         0.438     0.438 r  clk_IBUF_inst/O
                         net (fo=1, routed)           0.699     1.136    clk_IBUF
    BUFGCTRL_X0Y16       BUFG (Prop_bufg_I_O)         0.029     1.165 r  clk_IBUF_BUFG_inst/O
                         net (fo=18, routed)          0.861     2.026    clk_IBUF_BUFG
    SLICE_X3Y75          FDRE                                         r  clk1khz_i_reg[2]/C
                         clock pessimism             -0.515     1.510    
    SLICE_X3Y75          FDRE (Hold_fdre_C_D)         0.105     1.615    clk1khz_i_reg[2]
  -------------------------------------------------------------------
                         required time                         -1.615    
                         arrival time                           1.883    
  -------------------------------------------------------------------
                         slack                                  0.267    

Slack (MET) :             0.268ns  (arrival time - required time)
  Source:                 clk1khz_i_reg[14]/C
                            (rising edge-triggered cell FDRE clocked by sys_clk_pin  {rise@0.000ns fall@5.000ns period=10.000ns})
  Destination:            clk1khz_i_reg[14]/D
                            (rising edge-triggered cell FDRE clocked by sys_clk_pin  {rise@0.000ns fall@5.000ns period=10.000ns})
  Path Group:             sys_clk_pin
  Path Type:              Hold (Min at Fast Process Corner)
  Requirement:            0.000ns  (sys_clk_pin rise@0.000ns - sys_clk_pin rise@0.000ns)
  Data Path Delay:        0.373ns  (logic 0.252ns (67.585%)  route 0.121ns (32.415%))
  Logic Levels:           1  (CARRY4=1)
  Clock Path Skew:        0.000ns (DCD - SCD - CPR)
    Destination Clock Delay (DCD):    2.030ns
    Source Clock Delay      (SCD):    1.513ns
    Clock Pessimism Removal (CPR):    0.516ns

    Location             Delay type                Incr(ns)  Path(ns)    Netlist Resource(s)
  -------------------------------------------------------------------    -------------------
                         (clock sys_clk_pin rise edge)
                                                      0.000     0.000 r  
    E3                                                0.000     0.000 r  clk (IN)
                         net (fo=0)                   0.000     0.000    clk
    E3                   IBUF (Prop_ibuf_I_O)         0.250     0.250 r  clk_IBUF_inst/O
                         net (fo=1, routed)           0.644     0.894    clk_IBUF
    BUFGCTRL_X0Y16       BUFG (Prop_bufg_I_O)         0.026     0.920 r  clk_IBUF_BUFG_inst/O
                         net (fo=18, routed)          0.594     1.513    clk_IBUF_BUFG
    SLICE_X3Y78          FDRE                                         r  clk1khz_i_reg[14]/C
  -------------------------------------------------------------------    -------------------
    SLICE_X3Y78          FDRE (Prop_fdre_C_Q)         0.141     1.654 r  clk1khz_i_reg[14]/Q
                         net (fo=2, routed)           0.121     1.775    clk1khz_i_reg[14]
    SLICE_X3Y78          CARRY4 (Prop_carry4_S[2]_O[2])
                                                      0.111     1.886 r  clk1khz_i_reg[12]_i_1/O[2]
                         net (fo=1, routed)           0.000     1.886    clk1khz_i_reg[12]_i_1_n_5
    SLICE_X3Y78          FDRE                                         r  clk1khz_i_reg[14]/D
  -------------------------------------------------------------------    -------------------

                         (clock sys_clk_pin rise edge)
                                                      0.000     0.000 r  
    E3                                                0.000     0.000 r  clk (IN)
                         net (fo=0)                   0.000     0.000    clk
    E3                   IBUF (Prop_ibuf_I_O)         0.438     0.438 r  clk_IBUF_inst/O
                         net (fo=1, routed)           0.699     1.136    clk_IBUF
    BUFGCTRL_X0Y16       BUFG (Prop_bufg_I_O)         0.029     1.165 r  clk_IBUF_BUFG_inst/O
                         net (fo=18, routed)          0.865     2.030    clk_IBUF_BUFG
    SLICE_X3Y78          FDRE                                         r  clk1khz_i_reg[14]/C
                         clock pessimism             -0.516     1.513    
    SLICE_X3Y78          FDRE (Hold_fdre_C_D)         0.105     1.618    clk1khz_i_reg[14]
  -------------------------------------------------------------------
                         required time                         -1.618    
                         arrival time                           1.886    
  -------------------------------------------------------------------
                         slack                                  0.268    





Pulse Width Checks
--------------------------------------------------------------------------------------
Clock Name:         sys_clk_pin
Waveform(ns):       { 0.000 5.000 }
Period(ns):         10.000
Sources:            { clk }

Check Type        Corner  Lib Pin  Reference Pin  Required(ns)  Actual(ns)  Slack(ns)  Location        Pin
Min Period        n/a     BUFG/I   n/a            2.155         10.000      7.845      BUFGCTRL_X0Y16  clk_IBUF_BUFG_inst/I
Min Period        n/a     FDRE/C   n/a            1.000         10.000      9.000      SLICE_X3Y75     clk1khz_i_reg[0]/C
Min Period        n/a     FDRE/C   n/a            1.000         10.000      9.000      SLICE_X3Y77     clk1khz_i_reg[10]/C
Min Period        n/a     FDRE/C   n/a            1.000         10.000      9.000      SLICE_X3Y77     clk1khz_i_reg[11]/C
Min Period        n/a     FDRE/C   n/a            1.000         10.000      9.000      SLICE_X3Y78     clk1khz_i_reg[12]/C
Min Period        n/a     FDRE/C   n/a            1.000         10.000      9.000      SLICE_X3Y78     clk1khz_i_reg[13]/C
Min Period        n/a     FDRE/C   n/a            1.000         10.000      9.000      SLICE_X3Y78     clk1khz_i_reg[14]/C
Min Period        n/a     FDRE/C   n/a            1.000         10.000      9.000      SLICE_X3Y78     clk1khz_i_reg[15]/C
Min Period        n/a     FDRE/C   n/a            1.000         10.000      9.000      SLICE_X3Y79     clk1khz_i_reg[16]/C
Min Period        n/a     FDRE/C   n/a            1.000         10.000      9.000      SLICE_X3Y75     clk1khz_i_reg[1]/C
Low Pulse Width   Slow    FDRE/C   n/a            0.500         5.000       4.500      SLICE_X3Y75     clk1khz_i_reg[0]/C
Low Pulse Width   Slow    FDRE/C   n/a            0.500         5.000       4.500      SLICE_X3Y77     clk1khz_i_reg[10]/C
Low Pulse Width   Slow    FDRE/C   n/a            0.500         5.000       4.500      SLICE_X3Y77     clk1khz_i_reg[11]/C
Low Pulse Width   Slow    FDRE/C   n/a            0.500         5.000       4.500      SLICE_X3Y75     clk1khz_i_reg[1]/C
Low Pulse Width   Slow    FDRE/C   n/a            0.500         5.000       4.500      SLICE_X3Y75     clk1khz_i_reg[2]/C
Low Pulse Width   Slow    FDRE/C   n/a            0.500         5.000       4.500      SLICE_X3Y75     clk1khz_i_reg[3]/C
Low Pulse Width   Slow    FDRE/C   n/a            0.500         5.000       4.500      SLICE_X3Y76     clk1khz_i_reg[4]/C
Low Pulse Width   Slow    FDRE/C   n/a            0.500         5.000       4.500      SLICE_X3Y76     clk1khz_i_reg[5]/C
Low Pulse Width   Slow    FDRE/C   n/a            0.500         5.000       4.500      SLICE_X3Y76     clk1khz_i_reg[6]/C
Low Pulse Width   Slow    FDRE/C   n/a            0.500         5.000       4.500      SLICE_X3Y76     clk1khz_i_reg[7]/C
High Pulse Width  Slow    FDRE/C   n/a            0.500         5.000       4.500      SLICE_X3Y75     clk1khz_i_reg[0]/C
High Pulse Width  Fast    FDRE/C   n/a            0.500         5.000       4.500      SLICE_X3Y75     clk1khz_i_reg[0]/C
High Pulse Width  Fast    FDRE/C   n/a            0.500         5.000       4.500      SLICE_X3Y77     clk1khz_i_reg[10]/C
High Pulse Width  Fast    FDRE/C   n/a            0.500         5.000       4.500      SLICE_X3Y77     clk1khz_i_reg[11]/C
High Pulse Width  Slow    FDRE/C   n/a            0.500         5.000       4.500      SLICE_X3Y78     clk1khz_i_reg[12]/C
High Pulse Width  Fast    FDRE/C   n/a            0.500         5.000       4.500      SLICE_X3Y78     clk1khz_i_reg[12]/C
High Pulse Width  Slow    FDRE/C   n/a            0.500         5.000       4.500      SLICE_X3Y78     clk1khz_i_reg[13]/C
High Pulse Width  Fast    FDRE/C   n/a            0.500         5.000       4.500      SLICE_X3Y78     clk1khz_i_reg[13]/C
High Pulse Width  Slow    FDRE/C   n/a            0.500         5.000       4.500      SLICE_X3Y78     clk1khz_i_reg[14]/C
High Pulse Width  Fast    FDRE/C   n/a            0.500         5.000       4.500      SLICE_X3Y78     clk1khz_i_reg[14]/C



