\BOOKMARK [0][-]{title.0}{封面}{}% 1
\BOOKMARK [0][-]{chapter*.1}{摘要}{}% 2
\BOOKMARK [0][-]{toc.0}{目录}{}% 3
\BOOKMARK [0][-]{chapter.1}{简介}{}% 4
\BOOKMARK [0][-]{chapter.2}{算法介绍}{}% 5
\BOOKMARK [1][-]{section.2.1}{编写通用搜索算法}{chapter.2}% 6
\BOOKMARK [2][-]{subsection.2.1.1}{待解决问题的解释}{section.2.1}% 7
\BOOKMARK [2][-]{subsection.2.1.2}{问题的形式化描述}{section.2.1}% 8
\BOOKMARK [2][-]{subsection.2.1.3}{解决方案介绍}{section.2.1}% 9
\BOOKMARK [2][-]{subsection.2.1.4}{所用方法的一般介绍}{section.2.1}% 10
\BOOKMARK [2][-]{subsection.2.1.5}{算法伪代码}{section.2.1}% 11
\BOOKMARK [1][-]{section.2.2}{找到所有的角落}{chapter.2}% 12
\BOOKMARK [2][-]{subsection.2.2.1}{待解决问题的解释}{section.2.2}% 13
\BOOKMARK [2][-]{subsection.2.2.2}{问题的形式化描述}{section.2.2}% 14
\BOOKMARK [2][-]{subsection.2.2.3}{解决方案介绍}{section.2.2}% 15
\BOOKMARK [2][-]{subsection.2.2.4}{所用方法的一般介绍}{section.2.2}% 16
\BOOKMARK [2][-]{subsection.2.2.5}{算法伪代码}{section.2.2}% 17
\BOOKMARK [1][-]{section.2.3}{角落问题（启发式）}{chapter.2}% 18
\BOOKMARK [2][-]{subsection.2.3.1}{待解决问题的解释}{section.2.3}% 19
\BOOKMARK [2][-]{subsection.2.3.2}{问题的形式化描述}{section.2.3}% 20
\BOOKMARK [2][-]{subsection.2.3.3}{解决方案介绍}{section.2.3}% 21
\BOOKMARK [2][-]{subsection.2.3.4}{所用方法的一般介绍}{section.2.3}% 22
\BOOKMARK [2][-]{subsection.2.3.5}{算法伪代码}{section.2.3}% 23
\BOOKMARK [1][-]{section.2.4}{吃掉所有的豆子}{chapter.2}% 24
\BOOKMARK [2][-]{subsection.2.4.1}{待解决问题的解释}{section.2.4}% 25
\BOOKMARK [2][-]{subsection.2.4.2}{问题的形式化描述}{section.2.4}% 26
\BOOKMARK [2][-]{subsection.2.4.3}{解决方案介绍}{section.2.4}% 27
\BOOKMARK [2][-]{subsection.2.4.4}{所用方法的一般介绍}{section.2.4}% 28
\BOOKMARK [2][-]{subsection.2.4.5}{算法伪代码}{section.2.4}% 29
\BOOKMARK [1][-]{section.2.5}{次最优搜索}{chapter.2}% 30
\BOOKMARK [2][-]{subsection.2.5.1}{待解决问题的解释}{section.2.5}% 31
\BOOKMARK [2][-]{subsection.2.5.2}{问题的形式化描述}{section.2.5}% 32
\BOOKMARK [2][-]{subsection.2.5.3}{解决方案介绍}{section.2.5}% 33
\BOOKMARK [2][-]{subsection.2.5.4}{所用方法的一般介绍}{section.2.5}% 34
\BOOKMARK [2][-]{subsection.2.5.5}{算法伪代码}{section.2.5}% 35
\BOOKMARK [0][-]{chapter.3}{算法实现}{}% 36
\BOOKMARK [1][-]{section.3.1}{实验环境}{chapter.3}% 37
\BOOKMARK [1][-]{section.3.2}{数据结构}{chapter.3}% 38
\BOOKMARK [1][-]{section.3.3}{实验结果}{chapter.3}% 39
\BOOKMARK [1][-]{section.3.4}{系统中间及最终输出结果}{chapter.3}% 40
\BOOKMARK [0][-]{chapter.4}{总结及讨论}{}% 41
\BOOKMARK [0][-]{section*.4}{参考文献}{}% 42
\BOOKMARK [0][-]{appendix.A}{实验代码}{}% 43
\BOOKMARK [1][-]{section.A.1}{通用搜索算法}{appendix.A}% 44
\BOOKMARK [1][-]{section.A.2}{角落问题}{appendix.A}% 45
\BOOKMARK [1][-]{section.A.3}{角落问题（启发式）}{appendix.A}% 46
\BOOKMARK [1][-]{section.A.4}{吃掉所有的豆子}{appendix.A}% 47
\BOOKMARK [1][-]{section.A.5}{次最优搜索}{appendix.A}% 48
