Copyright 1986-2017 Xilinx, Inc. All Rights Reserved.
-------------------------------------------------------------------------------------------------------------------------------
| Tool Version     : Vivado v.2017.1 (win64) Build 1846317 Fri Apr 14 18:55:03 MDT 2017
| Date             : Sat Jul 22 20:58:40 2017
| Host             : DESKTOP-IQ9RCDV running 64-bit major release  (build 9200)
| Command          : report_power -file cpu_power_routed.rpt -pb cpu_power_summary_routed.pb -rpx cpu_power_routed.rpx
| Design           : cpu
| Device           : xc7a100tcsg324-1
| Design State     : routed
| Grade            : commercial
| Process          : typical
| Characterization : Production
-------------------------------------------------------------------------------------------------------------------------------

Power Report

Table of Contents
-----------------
1. Summary
1.1 On-Chip Components
1.2 Power Supply Summary
1.3 Confidence Level
2. Settings
2.1 Environment
2.2 Clock Constraints
3. Detailed Reports
3.1 By Hierarchy

1. Summary
----------

+--------------------------+-------+
| Total On-Chip Power (W)  | 2.360 |
| Dynamic (W)              | 2.260 |
| Device Static (W)        | 0.100 |
| Effective TJA (C/W)      | 4.6   |
| Max Ambient (C)          | 74.2  |
| Junction Temperature (C) | 35.8  |
| Confidence Level         | Low   |
| Setting File             | ---   |
| Simulation Activity File | ---   |
| Design Nets Matched      | NA    |
+--------------------------+-------+


1.1 On-Chip Components
----------------------

+----------------+-----------+----------+-----------+-----------------+
| On-Chip        | Power (W) | Used     | Available | Utilization (%) |
+----------------+-----------+----------+-----------+-----------------+
| Slice Logic    |     0.226 |      398 |       --- |             --- |
|   LUT as Logic |     0.198 |      141 |     63400 |            0.22 |
|   BUFG         |     0.024 |        2 |        32 |            6.25 |
|   Register     |     0.003 |      194 |    126800 |            0.15 |
|   CARRY4       |    <0.001 |        8 |     15850 |            0.05 |
|   F7/F8 Muxes  |    <0.001 |        1 |     63400 |           <0.01 |
|   Others       |     0.000 |       15 |       --- |             --- |
| Signals        |     0.398 |      409 |       --- |             --- |
| I/O            |     1.636 |      102 |       210 |           48.57 |
| Static Power   |     0.100 |          |           |                 |
| Total          |     2.360 |          |           |                 |
+----------------+-----------+----------+-----------+-----------------+


1.2 Power Supply Summary
------------------------

+-----------+-------------+-----------+-------------+------------+
| Source    | Voltage (V) | Total (A) | Dynamic (A) | Static (A) |
+-----------+-------------+-----------+-------------+------------+
| Vccint    |       1.000 |     0.807 |       0.784 |      0.022 |
| Vccaux    |       1.800 |     0.140 |       0.121 |      0.019 |
| Vcco33    |       3.300 |     0.000 |       0.000 |      0.000 |
| Vcco25    |       2.500 |     0.000 |       0.000 |      0.000 |
| Vcco18    |       1.800 |     0.703 |       0.699 |      0.004 |
| Vcco15    |       1.500 |     0.000 |       0.000 |      0.000 |
| Vcco135   |       1.350 |     0.000 |       0.000 |      0.000 |
| Vcco12    |       1.200 |     0.000 |       0.000 |      0.000 |
| Vccaux_io |       1.800 |     0.000 |       0.000 |      0.000 |
| Vccbram   |       1.000 |     0.000 |       0.000 |      0.000 |
| MGTAVcc   |       1.000 |     0.000 |       0.000 |      0.000 |
| MGTAVtt   |       1.200 |     0.000 |       0.000 |      0.000 |
| Vccadc    |       1.800 |     0.020 |       0.000 |      0.020 |
+-----------+-------------+-----------+-------------+------------+


1.3 Confidence Level
--------------------

+-----------------------------+------------+--------------------------------------------------------+--------------------------------------------------------------------------------------------------------------------+
| User Input Data             | Confidence | Details                                                | Action                                                                                                             |
+-----------------------------+------------+--------------------------------------------------------+--------------------------------------------------------------------------------------------------------------------+
| Design implementation state | High       | Design is routed                                       |                                                                                                                    |
| Clock nodes activity        | Low        | User specified less than 75% of clocks                 | Provide missing clock activity with a constraint file, simulation results or by editing the "By Clock Domain" view |
| I/O nodes activity          | Low        | More than 75% of inputs are missing user specification | Provide missing input activity with simulation results or by editing the "By Resource Type -> I/Os" view           |
| Internal nodes activity     | Medium     | User specified less than 25% of internal nodes         | Provide missing internal nodes activity with simulation results or by editing the "By Resource Type" views         |
| Device models               | High       | Device models are Production                           |                                                                                                                    |
|                             |            |                                                        |                                                                                                                    |
| Overall confidence level    | Low        |                                                        |                                                                                                                    |
+-----------------------------+------------+--------------------------------------------------------+--------------------------------------------------------------------------------------------------------------------+


2. Settings
-----------

2.1 Environment
---------------

+-----------------------+--------------------------+
| Ambient Temp (C)      | 25.0                     |
| ThetaJA (C/W)         | 4.6                      |
| Airflow (LFM)         | 250                      |
| Heat Sink             | medium (Medium Profile)  |
| ThetaSA (C/W)         | 4.6                      |
| Board Selection       | medium (10"x10")         |
| # of Board Layers     | 12to15 (12 to 15 Layers) |
| Board Temperature (C) | 25.0                     |
+-----------------------+--------------------------+


2.2 Clock Constraints
---------------------

+-------+--------+-----------------+
| Clock | Domain | Constraint (ns) |
+-------+--------+-----------------+


3. Detailed Reports
-------------------

3.1 By Hierarchy
----------------

+-----------------------------+-----------+
| Name                        | Power (W) |
+-----------------------------+-----------+
| cpu                         |     2.260 |
|   IO_ram_DATA_IOBUF[0]_inst |     0.001 |
|   IO_ram_DATA_IOBUF[1]_inst |     0.001 |
|   IO_ram_DATA_IOBUF[2]_inst |    <0.001 |
|   IO_ram_DATA_IOBUF[3]_inst |     0.001 |
|   IO_ram_DATA_IOBUF[4]_inst |     0.001 |
|   IO_ram_DATA_IOBUF[5]_inst |     0.001 |
|   IO_ram_DATA_IOBUF[6]_inst |     0.001 |
|   IO_ram_DATA_IOBUF[7]_inst |     0.001 |
|   uut_alu                   |     0.010 |
|   uut_fetch                 |     0.320 |
|   uut_mod4                  |     0.113 |
|   uut_ram_ctrl              |     0.004 |
|   uut_refer                 |    <0.001 |
|   uut_write_back            |    <0.001 |
+-----------------------------+-----------+


