Copyright 1986-2017 Xilinx, Inc. All Rights Reserved.
-------------------------------------------------------------------------------------------------------------------------------------------------------
| Tool Version : Vivado v.2017.1 (win64) Build 1846317 Fri Apr 14 18:55:03 MDT 2017
| Date         : Thu May 11 01:05:33 2017
| Host         : DESKTOP-IQ9RCDV running 64-bit major release  (build 9200)
| Command      : report_timing_summary -warn_on_violation -max_paths 10 -file ram2114_timing_summary_routed.rpt -rpx ram2114_timing_summary_routed.rpx
| Design       : ram2114
| Device       : 7a100t-csg324
| Speed File   : -1  PRODUCTION 1.16 2016-11-09
-------------------------------------------------------------------------------------------------------------------------------------------------------

Timing Summary Report

------------------------------------------------------------------------------------------------
| Timer Settings
| --------------
------------------------------------------------------------------------------------------------

  Enable Multi Corner Analysis               :  Yes
  Enable Pessimism Removal                   :  Yes
  Pessimism Removal Resolution               :  Nearest Common Node
  Enable Input Delay Default Clock           :  No
  Enable Preset / Clear Arcs                 :  No
  Disable Flight Delays                      :  No
  Ignore I/O Paths                           :  No
  Timing Early Launch at Borrowing Latches   :  false

  Corner  Analyze    Analyze    
  Name    Max Paths  Min Paths  
  ------  ---------  ---------  
  Slow    Yes        Yes        
  Fast    Yes        Yes        



check_timing report

Table of Contents
-----------------
1. checking no_clock
2. checking constant_clock
3. checking pulse_width_clock
4. checking unconstrained_internal_endpoints
5. checking no_input_delay
6. checking no_output_delay
7. checking multiple_clock
8. checking generated_clocks
9. checking loops
10. checking partial_input_delay
11. checking partial_output_delay
12. checking latch_loops

1. checking no_clock
--------------------
 There are 4101 register/latch pins with no clock driven by root clock pin: btn[0] (HIGH)

 There are 4101 register/latch pins with no clock driven by root clock pin: btn[1] (HIGH)

 There are 4101 register/latch pins with no clock driven by root clock pin: btn[2] (HIGH)

 There are 4101 register/latch pins with no clock driven by root clock pin: btn[3] (HIGH)

 There are 4101 register/latch pins with no clock driven by root clock pin: btn[4] (HIGH)

 There are 4096 register/latch pins with no clock driven by root clock pin: swt[0] (HIGH)

 There are 4096 register/latch pins with no clock driven by root clock pin: swt[1] (HIGH)

 There are 4096 register/latch pins with no clock driven by root clock pin: swt[2] (HIGH)

 There are 4096 register/latch pins with no clock driven by root clock pin: swt[3] (HIGH)

 There are 4096 register/latch pins with no clock driven by root clock pin: swt[4] (HIGH)

 There are 4096 register/latch pins with no clock driven by root clock pin: swt[5] (HIGH)

 There are 4096 register/latch pins with no clock driven by root clock pin: swt[6] (HIGH)

 There are 4096 register/latch pins with no clock driven by root clock pin: swt[7] (HIGH)

 There are 4096 register/latch pins with no clock driven by root clock pin: swt[8] (HIGH)

 There are 4096 register/latch pins with no clock driven by root clock pin: swt[9] (HIGH)

 There are 14 register/latch pins with no clock driven by root clock pin: clk1khz_reg/Q (HIGH)


2. checking constant_clock
--------------------------
 There are 0 register/latch pins with constant_clock.


3. checking pulse_width_clock
-----------------------------
 There are 0 register/latch pins which need pulse_width check


4. checking unconstrained_internal_endpoints
--------------------------------------------
 There are 4119 pins that are not constrained for maximum delay. (HIGH)

 There are 0 pins that are not constrained for maximum delay due to constant clock.


5. checking no_input_delay
--------------------------
 There are 19 input ports with no input delay specified. (HIGH)

 There are 0 input ports with no input delay but user has a false path constraint.


6. checking no_output_delay
---------------------------
 There are 9 ports with no output delay specified. (HIGH)

 There are 0 ports with no output delay but user has a false path constraint

 There are 0 ports with no output delay but with a timing clock defined on it or propagating through it


7. checking multiple_clock
--------------------------
 There are 0 register/latch pins with multiple clocks.


8. checking generated_clocks
----------------------------
 There are 0 generated clocks that are not connected to a clock source.


9. checking loops
-----------------
 There are 0 combinational loops in the design.


10. checking partial_input_delay
--------------------------------
 There are 0 input ports with partial input delay specified.


11. checking partial_output_delay
---------------------------------
 There are 0 ports with partial output delay specified.


12. checking latch_loops
------------------------
 There are 0 combinational latch loops in the design through latch input



------------------------------------------------------------------------------------------------
| Design Timing Summary
| ---------------------
------------------------------------------------------------------------------------------------

    WNS(ns)      TNS(ns)  TNS Failing Endpoints  TNS Total Endpoints      WHS(ns)      THS(ns)  THS Failing Endpoints  THS Total Endpoints     WPWS(ns)     TPWS(ns)  TPWS Failing Endpoints  TPWS Total Endpoints  
    -------      -------  ---------------------  -------------------      -------      -------  ---------------------  -------------------     --------     --------  ----------------------  --------------------  
      6.399        0.000                      0                   35        0.265        0.000                      0                   35        4.500        0.000                       0                    19  


All user specified timing constraints are met.


------------------------------------------------------------------------------------------------
| Clock Summary
| -------------
------------------------------------------------------------------------------------------------

Clock        Waveform(ns)       Period(ns)      Frequency(MHz)
-----        ------------       ----------      --------------
sys_clk_pin  {0.000 5.000}      10.000          100.000         


------------------------------------------------------------------------------------------------
| Intra Clock Table
| -----------------
------------------------------------------------------------------------------------------------

Clock             WNS(ns)      TNS(ns)  TNS Failing Endpoints  TNS Total Endpoints      WHS(ns)      THS(ns)  THS Failing Endpoints  THS Total Endpoints     WPWS(ns)     TPWS(ns)  TPWS Failing Endpoints  TPWS Total Endpoints  
-----             -------      -------  ---------------------  -------------------      -------      -------  ---------------------  -------------------     --------     --------  ----------------------  --------------------  
sys_clk_pin         6.399        0.000                      0                   35        0.265        0.000                      0                   35        4.500        0.000                       0                    19  


------------------------------------------------------------------------------------------------
| Inter Clock Table
| -----------------
------------------------------------------------------------------------------------------------

From Clock    To Clock          WNS(ns)      TNS(ns)  TNS Failing Endpoints  TNS Total Endpoints      WHS(ns)      THS(ns)  THS Failing Endpoints  THS Total Endpoints  
----------    --------          -------      -------  ---------------------  -------------------      -------      -------  ---------------------  -------------------  


------------------------------------------------------------------------------------------------
| Other Path Groups Table
| -----------------------
------------------------------------------------------------------------------------------------

Path Group    From Clock    To Clock          WNS(ns)      TNS(ns)  TNS Failing Endpoints  TNS Total Endpoints      WHS(ns)      THS(ns)  THS Failing Endpoints  THS Total Endpoints  
----------    ----------    --------          -------      -------  ---------------------  -------------------      -------      -------  ---------------------  -------------------  


------------------------------------------------------------------------------------------------
| Timing Details
| --------------
------------------------------------------------------------------------------------------------


---------------------------------------------------------------------------------------------------
From Clock:  sys_clk_pin
  To Clock:  sys_clk_pin

Setup :            0  Failing Endpoints,  Worst Slack        6.399ns,  Total Violation        0.000ns
Hold  :            0  Failing Endpoints,  Worst Slack        0.265ns,  Total Violation        0.000ns
PW    :            0  Failing Endpoints,  Worst Slack        4.500ns,  Total Violation        0.000ns
---------------------------------------------------------------------------------------------------


Max Delay Paths
--------------------------------------------------------------------------------------
Slack (MET) :             6.399ns  (required time - arrival time)
  Source:                 clk1khz_i_reg[11]/C
                            (rising edge-triggered cell FDRE clocked by sys_clk_pin  {rise@0.000ns fall@5.000ns period=10.000ns})
  Destination:            clk1khz_i_reg[10]/R
                            (rising edge-triggered cell FDRE clocked by sys_clk_pin  {rise@0.000ns fall@5.000ns period=10.000ns})
  Path Group:             sys_clk_pin
  Path Type:              Setup (Max at Slow Process Corner)
  Requirement:            10.000ns  (sys_clk_pin rise@10.000ns - sys_clk_pin rise@0.000ns)
  Data Path Delay:        3.041ns  (logic 0.766ns (25.187%)  route 2.275ns (74.813%))
  Logic Levels:           2  (LUT3=1 LUT6=1)
  Clock Path Skew:        0.000ns (DCD - SCD + CPR)
    Destination Clock Delay (DCD):    4.930ns = ( 14.930 - 10.000 ) 
    Source Clock Delay      (SCD):    5.232ns
    Clock Pessimism Removal (CPR):    0.302ns
  Clock Uncertainty:      0.035ns  ((TSJ^2 + TIJ^2)^1/2 + DJ) / 2 + PE
    Total System Jitter     (TSJ):    0.071ns
    Total Input Jitter      (TIJ):    0.000ns
    Discrete Jitter          (DJ):    0.000ns
    Phase Error              (PE):    0.000ns

    Location             Delay type                Incr(ns)  Path(ns)    Netlist Resource(s)
  -------------------------------------------------------------------    -------------------
                         (clock sys_clk_pin rise edge)
                                                      0.000     0.000 r  
    E3                                                0.000     0.000 r  clk (IN)
                         net (fo=0)                   0.000     0.000    clk
    E3                   IBUF (Prop_ibuf_I_O)         1.482     1.482 r  clk_IBUF_inst/O
                         net (fo=1, routed)           2.025     3.506    clk_IBUF
    BUFGCTRL_X0Y16       BUFG (Prop_bufg_I_O)         0.096     3.602 r  clk_IBUF_BUFG_inst/O
                         net (fo=18, routed)          1.630     5.232    clk_IBUF_BUFG
    SLICE_X14Y105        FDRE                                         r  clk1khz_i_reg[11]/C
  -------------------------------------------------------------------    -------------------
    SLICE_X14Y105        FDRE (Prop_fdre_C_Q)         0.518     5.750 f  clk1khz_i_reg[11]/Q
                         net (fo=2, routed)           0.809     6.560    clk1khz_i_reg[11]
    SLICE_X15Y106        LUT6 (Prop_lut6_I2_O)        0.124     6.684 r  clk1khz_i[0]_i_5/O
                         net (fo=2, routed)           0.815     7.499    clk1khz_i[0]_i_5_n_1
    SLICE_X15Y105        LUT3 (Prop_lut3_I2_O)        0.124     7.623 r  clk1khz_i[0]_i_1/O
                         net (fo=17, routed)          0.651     8.274    clear
    SLICE_X14Y105        FDRE                                         r  clk1khz_i_reg[10]/R
  -------------------------------------------------------------------    -------------------

                         (clock sys_clk_pin rise edge)
                                                     10.000    10.000 r  
    E3                                                0.000    10.000 r  clk (IN)
                         net (fo=0)                   0.000    10.000    clk
    E3                   IBUF (Prop_ibuf_I_O)         1.411    11.411 r  clk_IBUF_inst/O
                         net (fo=1, routed)           1.920    13.331    clk_IBUF
    BUFGCTRL_X0Y16       BUFG (Prop_bufg_I_O)         0.091    13.422 r  clk_IBUF_BUFG_inst/O
                         net (fo=18, routed)          1.508    14.930    clk_IBUF_BUFG
    SLICE_X14Y105        FDRE                                         r  clk1khz_i_reg[10]/C
                         clock pessimism              0.302    15.232    
                         clock uncertainty           -0.035    15.197    
    SLICE_X14Y105        FDRE (Setup_fdre_C_R)       -0.524    14.673    clk1khz_i_reg[10]
  -------------------------------------------------------------------
                         required time                         14.673    
                         arrival time                          -8.274    
  -------------------------------------------------------------------
                         slack                                  6.399    

Slack (MET) :             6.399ns  (required time - arrival time)
  Source:                 clk1khz_i_reg[11]/C
                            (rising edge-triggered cell FDRE clocked by sys_clk_pin  {rise@0.000ns fall@5.000ns period=10.000ns})
  Destination:            clk1khz_i_reg[11]/R
                            (rising edge-triggered cell FDRE clocked by sys_clk_pin  {rise@0.000ns fall@5.000ns period=10.000ns})
  Path Group:             sys_clk_pin
  Path Type:              Setup (Max at Slow Process Corner)
  Requirement:            10.000ns  (sys_clk_pin rise@10.000ns - sys_clk_pin rise@0.000ns)
  Data Path Delay:        3.041ns  (logic 0.766ns (25.187%)  route 2.275ns (74.813%))
  Logic Levels:           2  (LUT3=1 LUT6=1)
  Clock Path Skew:        0.000ns (DCD - SCD + CPR)
    Destination Clock Delay (DCD):    4.930ns = ( 14.930 - 10.000 ) 
    Source Clock Delay      (SCD):    5.232ns
    Clock Pessimism Removal (CPR):    0.302ns
  Clock Uncertainty:      0.035ns  ((TSJ^2 + TIJ^2)^1/2 + DJ) / 2 + PE
    Total System Jitter     (TSJ):    0.071ns
    Total Input Jitter      (TIJ):    0.000ns
    Discrete Jitter          (DJ):    0.000ns
    Phase Error              (PE):    0.000ns

    Location             Delay type                Incr(ns)  Path(ns)    Netlist Resource(s)
  -------------------------------------------------------------------    -------------------
                         (clock sys_clk_pin rise edge)
                                                      0.000     0.000 r  
    E3                                                0.000     0.000 r  clk (IN)
                         net (fo=0)                   0.000     0.000    clk
    E3                   IBUF (Prop_ibuf_I_O)         1.482     1.482 r  clk_IBUF_inst/O
                         net (fo=1, routed)           2.025     3.506    clk_IBUF
    BUFGCTRL_X0Y16       BUFG (Prop_bufg_I_O)         0.096     3.602 r  clk_IBUF_BUFG_inst/O
                         net (fo=18, routed)          1.630     5.232    clk_IBUF_BUFG
    SLICE_X14Y105        FDRE                                         r  clk1khz_i_reg[11]/C
  -------------------------------------------------------------------    -------------------
    SLICE_X14Y105        FDRE (Prop_fdre_C_Q)         0.518     5.750 f  clk1khz_i_reg[11]/Q
                         net (fo=2, routed)           0.809     6.560    clk1khz_i_reg[11]
    SLICE_X15Y106        LUT6 (Prop_lut6_I2_O)        0.124     6.684 r  clk1khz_i[0]_i_5/O
                         net (fo=2, routed)           0.815     7.499    clk1khz_i[0]_i_5_n_1
    SLICE_X15Y105        LUT3 (Prop_lut3_I2_O)        0.124     7.623 r  clk1khz_i[0]_i_1/O
                         net (fo=17, routed)          0.651     8.274    clear
    SLICE_X14Y105        FDRE                                         r  clk1khz_i_reg[11]/R
  -------------------------------------------------------------------    -------------------

                         (clock sys_clk_pin rise edge)
                                                     10.000    10.000 r  
    E3                                                0.000    10.000 r  clk (IN)
                         net (fo=0)                   0.000    10.000    clk
    E3                   IBUF (Prop_ibuf_I_O)         1.411    11.411 r  clk_IBUF_inst/O
                         net (fo=1, routed)           1.920    13.331    clk_IBUF
    BUFGCTRL_X0Y16       BUFG (Prop_bufg_I_O)         0.091    13.422 r  clk_IBUF_BUFG_inst/O
                         net (fo=18, routed)          1.508    14.930    clk_IBUF_BUFG
    SLICE_X14Y105        FDRE                                         r  clk1khz_i_reg[11]/C
                         clock pessimism              0.302    15.232    
                         clock uncertainty           -0.035    15.197    
    SLICE_X14Y105        FDRE (Setup_fdre_C_R)       -0.524    14.673    clk1khz_i_reg[11]
  -------------------------------------------------------------------
                         required time                         14.673    
                         arrival time                          -8.274    
  -------------------------------------------------------------------
                         slack                                  6.399    

Slack (MET) :             6.399ns  (required time - arrival time)
  Source:                 clk1khz_i_reg[11]/C
                            (rising edge-triggered cell FDRE clocked by sys_clk_pin  {rise@0.000ns fall@5.000ns period=10.000ns})
  Destination:            clk1khz_i_reg[8]/R
                            (rising edge-triggered cell FDRE clocked by sys_clk_pin  {rise@0.000ns fall@5.000ns period=10.000ns})
  Path Group:             sys_clk_pin
  Path Type:              Setup (Max at Slow Process Corner)
  Requirement:            10.000ns  (sys_clk_pin rise@10.000ns - sys_clk_pin rise@0.000ns)
  Data Path Delay:        3.041ns  (logic 0.766ns (25.187%)  route 2.275ns (74.813%))
  Logic Levels:           2  (LUT3=1 LUT6=1)
  Clock Path Skew:        0.000ns (DCD - SCD + CPR)
    Destination Clock Delay (DCD):    4.930ns = ( 14.930 - 10.000 ) 
    Source Clock Delay      (SCD):    5.232ns
    Clock Pessimism Removal (CPR):    0.302ns
  Clock Uncertainty:      0.035ns  ((TSJ^2 + TIJ^2)^1/2 + DJ) / 2 + PE
    Total System Jitter     (TSJ):    0.071ns
    Total Input Jitter      (TIJ):    0.000ns
    Discrete Jitter          (DJ):    0.000ns
    Phase Error              (PE):    0.000ns

    Location             Delay type                Incr(ns)  Path(ns)    Netlist Resource(s)
  -------------------------------------------------------------------    -------------------
                         (clock sys_clk_pin rise edge)
                                                      0.000     0.000 r  
    E3                                                0.000     0.000 r  clk (IN)
                         net (fo=0)                   0.000     0.000    clk
    E3                   IBUF (Prop_ibuf_I_O)         1.482     1.482 r  clk_IBUF_inst/O
                         net (fo=1, routed)           2.025     3.506    clk_IBUF
    BUFGCTRL_X0Y16       BUFG (Prop_bufg_I_O)         0.096     3.602 r  clk_IBUF_BUFG_inst/O
                         net (fo=18, routed)          1.630     5.232    clk_IBUF_BUFG
    SLICE_X14Y105        FDRE                                         r  clk1khz_i_reg[11]/C
  -------------------------------------------------------------------    -------------------
    SLICE_X14Y105        FDRE (Prop_fdre_C_Q)         0.518     5.750 f  clk1khz_i_reg[11]/Q
                         net (fo=2, routed)           0.809     6.560    clk1khz_i_reg[11]
    SLICE_X15Y106        LUT6 (Prop_lut6_I2_O)        0.124     6.684 r  clk1khz_i[0]_i_5/O
                         net (fo=2, routed)           0.815     7.499    clk1khz_i[0]_i_5_n_1
    SLICE_X15Y105        LUT3 (Prop_lut3_I2_O)        0.124     7.623 r  clk1khz_i[0]_i_1/O
                         net (fo=17, routed)          0.651     8.274    clear
    SLICE_X14Y105        FDRE                                         r  clk1khz_i_reg[8]/R
  -------------------------------------------------------------------    -------------------

                         (clock sys_clk_pin rise edge)
                                                     10.000    10.000 r  
    E3                                                0.000    10.000 r  clk (IN)
                         net (fo=0)                   0.000    10.000    clk
    E3                   IBUF (Prop_ibuf_I_O)         1.411    11.411 r  clk_IBUF_inst/O
                         net (fo=1, routed)           1.920    13.331    clk_IBUF
    BUFGCTRL_X0Y16       BUFG (Prop_bufg_I_O)         0.091    13.422 r  clk_IBUF_BUFG_inst/O
                         net (fo=18, routed)          1.508    14.930    clk_IBUF_BUFG
    SLICE_X14Y105        FDRE                                         r  clk1khz_i_reg[8]/C
                         clock pessimism              0.302    15.232    
                         clock uncertainty           -0.035    15.197    
    SLICE_X14Y105        FDRE (Setup_fdre_C_R)       -0.524    14.673    clk1khz_i_reg[8]
  -------------------------------------------------------------------
                         required time                         14.673    
                         arrival time                          -8.274    
  -------------------------------------------------------------------
                         slack                                  6.399    

Slack (MET) :             6.399ns  (required time - arrival time)
  Source:                 clk1khz_i_reg[11]/C
                            (rising edge-triggered cell FDRE clocked by sys_clk_pin  {rise@0.000ns fall@5.000ns period=10.000ns})
  Destination:            clk1khz_i_reg[9]/R
                            (rising edge-triggered cell FDRE clocked by sys_clk_pin  {rise@0.000ns fall@5.000ns period=10.000ns})
  Path Group:             sys_clk_pin
  Path Type:              Setup (Max at Slow Process Corner)
  Requirement:            10.000ns  (sys_clk_pin rise@10.000ns - sys_clk_pin rise@0.000ns)
  Data Path Delay:        3.041ns  (logic 0.766ns (25.187%)  route 2.275ns (74.813%))
  Logic Levels:           2  (LUT3=1 LUT6=1)
  Clock Path Skew:        0.000ns (DCD - SCD + CPR)
    Destination Clock Delay (DCD):    4.930ns = ( 14.930 - 10.000 ) 
    Source Clock Delay      (SCD):    5.232ns
    Clock Pessimism Removal (CPR):    0.302ns
  Clock Uncertainty:      0.035ns  ((TSJ^2 + TIJ^2)^1/2 + DJ) / 2 + PE
    Total System Jitter     (TSJ):    0.071ns
    Total Input Jitter      (TIJ):    0.000ns
    Discrete Jitter          (DJ):    0.000ns
    Phase Error              (PE):    0.000ns

    Location             Delay type                Incr(ns)  Path(ns)    Netlist Resource(s)
  -------------------------------------------------------------------    -------------------
                         (clock sys_clk_pin rise edge)
                                                      0.000     0.000 r  
    E3                                                0.000     0.000 r  clk (IN)
                         net (fo=0)                   0.000     0.000    clk
    E3                   IBUF (Prop_ibuf_I_O)         1.482     1.482 r  clk_IBUF_inst/O
                         net (fo=1, routed)           2.025     3.506    clk_IBUF
    BUFGCTRL_X0Y16       BUFG (Prop_bufg_I_O)         0.096     3.602 r  clk_IBUF_BUFG_inst/O
                         net (fo=18, routed)          1.630     5.232    clk_IBUF_BUFG
    SLICE_X14Y105        FDRE                                         r  clk1khz_i_reg[11]/C
  -------------------------------------------------------------------    -------------------
    SLICE_X14Y105        FDRE (Prop_fdre_C_Q)         0.518     5.750 f  clk1khz_i_reg[11]/Q
                         net (fo=2, routed)           0.809     6.560    clk1khz_i_reg[11]
    SLICE_X15Y106        LUT6 (Prop_lut6_I2_O)        0.124     6.684 r  clk1khz_i[0]_i_5/O
                         net (fo=2, routed)           0.815     7.499    clk1khz_i[0]_i_5_n_1
    SLICE_X15Y105        LUT3 (Prop_lut3_I2_O)        0.124     7.623 r  clk1khz_i[0]_i_1/O
                         net (fo=17, routed)          0.651     8.274    clear
    SLICE_X14Y105        FDRE                                         r  clk1khz_i_reg[9]/R
  -------------------------------------------------------------------    -------------------

                         (clock sys_clk_pin rise edge)
                                                     10.000    10.000 r  
    E3                                                0.000    10.000 r  clk (IN)
                         net (fo=0)                   0.000    10.000    clk
    E3                   IBUF (Prop_ibuf_I_O)         1.411    11.411 r  clk_IBUF_inst/O
                         net (fo=1, routed)           1.920    13.331    clk_IBUF
    BUFGCTRL_X0Y16       BUFG (Prop_bufg_I_O)         0.091    13.422 r  clk_IBUF_BUFG_inst/O
                         net (fo=18, routed)          1.508    14.930    clk_IBUF_BUFG
    SLICE_X14Y105        FDRE                                         r  clk1khz_i_reg[9]/C
                         clock pessimism              0.302    15.232    
                         clock uncertainty           -0.035    15.197    
    SLICE_X14Y105        FDRE (Setup_fdre_C_R)       -0.524    14.673    clk1khz_i_reg[9]
  -------------------------------------------------------------------
                         required time                         14.673    
                         arrival time                          -8.274    
  -------------------------------------------------------------------
                         slack                                  6.399    

Slack (MET) :             6.474ns  (required time - arrival time)
  Source:                 clk1khz_i_reg[11]/C
                            (rising edge-triggered cell FDRE clocked by sys_clk_pin  {rise@0.000ns fall@5.000ns period=10.000ns})
  Destination:            clk1khz_i_reg[0]/R
                            (rising edge-triggered cell FDRE clocked by sys_clk_pin  {rise@0.000ns fall@5.000ns period=10.000ns})
  Path Group:             sys_clk_pin
  Path Type:              Setup (Max at Slow Process Corner)
  Requirement:            10.000ns  (sys_clk_pin rise@10.000ns - sys_clk_pin rise@0.000ns)
  Data Path Delay:        2.942ns  (logic 0.766ns (26.037%)  route 2.176ns (73.963%))
  Logic Levels:           2  (LUT3=1 LUT6=1)
  Clock Path Skew:        -0.025ns (DCD - SCD + CPR)
    Destination Clock Delay (DCD):    4.930ns = ( 14.930 - 10.000 ) 
    Source Clock Delay      (SCD):    5.232ns
    Clock Pessimism Removal (CPR):    0.277ns
  Clock Uncertainty:      0.035ns  ((TSJ^2 + TIJ^2)^1/2 + DJ) / 2 + PE
    Total System Jitter     (TSJ):    0.071ns
    Total Input Jitter      (TIJ):    0.000ns
    Discrete Jitter          (DJ):    0.000ns
    Phase Error              (PE):    0.000ns

    Location             Delay type                Incr(ns)  Path(ns)    Netlist Resource(s)
  -------------------------------------------------------------------    -------------------
                         (clock sys_clk_pin rise edge)
                                                      0.000     0.000 r  
    E3                                                0.000     0.000 r  clk (IN)
                         net (fo=0)                   0.000     0.000    clk
    E3                   IBUF (Prop_ibuf_I_O)         1.482     1.482 r  clk_IBUF_inst/O
                         net (fo=1, routed)           2.025     3.506    clk_IBUF
    BUFGCTRL_X0Y16       BUFG (Prop_bufg_I_O)         0.096     3.602 r  clk_IBUF_BUFG_inst/O
                         net (fo=18, routed)          1.630     5.232    clk_IBUF_BUFG
    SLICE_X14Y105        FDRE                                         r  clk1khz_i_reg[11]/C
  -------------------------------------------------------------------    -------------------
    SLICE_X14Y105        FDRE (Prop_fdre_C_Q)         0.518     5.750 f  clk1khz_i_reg[11]/Q
                         net (fo=2, routed)           0.809     6.560    clk1khz_i_reg[11]
    SLICE_X15Y106        LUT6 (Prop_lut6_I2_O)        0.124     6.684 r  clk1khz_i[0]_i_5/O
                         net (fo=2, routed)           0.815     7.499    clk1khz_i[0]_i_5_n_1
    SLICE_X15Y105        LUT3 (Prop_lut3_I2_O)        0.124     7.623 r  clk1khz_i[0]_i_1/O
                         net (fo=17, routed)          0.551     8.174    clear
    SLICE_X14Y103        FDRE                                         r  clk1khz_i_reg[0]/R
  -------------------------------------------------------------------    -------------------

                         (clock sys_clk_pin rise edge)
                                                     10.000    10.000 r  
    E3                                                0.000    10.000 r  clk (IN)
                         net (fo=0)                   0.000    10.000    clk
    E3                   IBUF (Prop_ibuf_I_O)         1.411    11.411 r  clk_IBUF_inst/O
                         net (fo=1, routed)           1.920    13.331    clk_IBUF
    BUFGCTRL_X0Y16       BUFG (Prop_bufg_I_O)         0.091    13.422 r  clk_IBUF_BUFG_inst/O
                         net (fo=18, routed)          1.508    14.930    clk_IBUF_BUFG
    SLICE_X14Y103        FDRE                                         r  clk1khz_i_reg[0]/C
                         clock pessimism              0.277    15.207    
                         clock uncertainty           -0.035    15.172    
    SLICE_X14Y103        FDRE (Setup_fdre_C_R)       -0.524    14.648    clk1khz_i_reg[0]
  -------------------------------------------------------------------
                         required time                         14.648    
                         arrival time                          -8.174    
  -------------------------------------------------------------------
                         slack                                  6.474    

Slack (MET) :             6.474ns  (required time - arrival time)
  Source:                 clk1khz_i_reg[11]/C
                            (rising edge-triggered cell FDRE clocked by sys_clk_pin  {rise@0.000ns fall@5.000ns period=10.000ns})
  Destination:            clk1khz_i_reg[1]/R
                            (rising edge-triggered cell FDRE clocked by sys_clk_pin  {rise@0.000ns fall@5.000ns period=10.000ns})
  Path Group:             sys_clk_pin
  Path Type:              Setup (Max at Slow Process Corner)
  Requirement:            10.000ns  (sys_clk_pin rise@10.000ns - sys_clk_pin rise@0.000ns)
  Data Path Delay:        2.942ns  (logic 0.766ns (26.037%)  route 2.176ns (73.963%))
  Logic Levels:           2  (LUT3=1 LUT6=1)
  Clock Path Skew:        -0.025ns (DCD - SCD + CPR)
    Destination Clock Delay (DCD):    4.930ns = ( 14.930 - 10.000 ) 
    Source Clock Delay      (SCD):    5.232ns
    Clock Pessimism Removal (CPR):    0.277ns
  Clock Uncertainty:      0.035ns  ((TSJ^2 + TIJ^2)^1/2 + DJ) / 2 + PE
    Total System Jitter     (TSJ):    0.071ns
    Total Input Jitter      (TIJ):    0.000ns
    Discrete Jitter          (DJ):    0.000ns
    Phase Error              (PE):    0.000ns

    Location             Delay type                Incr(ns)  Path(ns)    Netlist Resource(s)
  -------------------------------------------------------------------    -------------------
                         (clock sys_clk_pin rise edge)
                                                      0.000     0.000 r  
    E3                                                0.000     0.000 r  clk (IN)
                         net (fo=0)                   0.000     0.000    clk
    E3                   IBUF (Prop_ibuf_I_O)         1.482     1.482 r  clk_IBUF_inst/O
                         net (fo=1, routed)           2.025     3.506    clk_IBUF
    BUFGCTRL_X0Y16       BUFG (Prop_bufg_I_O)         0.096     3.602 r  clk_IBUF_BUFG_inst/O
                         net (fo=18, routed)          1.630     5.232    clk_IBUF_BUFG
    SLICE_X14Y105        FDRE                                         r  clk1khz_i_reg[11]/C
  -------------------------------------------------------------------    -------------------
    SLICE_X14Y105        FDRE (Prop_fdre_C_Q)         0.518     5.750 f  clk1khz_i_reg[11]/Q
                         net (fo=2, routed)           0.809     6.560    clk1khz_i_reg[11]
    SLICE_X15Y106        LUT6 (Prop_lut6_I2_O)        0.124     6.684 r  clk1khz_i[0]_i_5/O
                         net (fo=2, routed)           0.815     7.499    clk1khz_i[0]_i_5_n_1
    SLICE_X15Y105        LUT3 (Prop_lut3_I2_O)        0.124     7.623 r  clk1khz_i[0]_i_1/O
                         net (fo=17, routed)          0.551     8.174    clear
    SLICE_X14Y103        FDRE                                         r  clk1khz_i_reg[1]/R
  -------------------------------------------------------------------    -------------------

                         (clock sys_clk_pin rise edge)
                                                     10.000    10.000 r  
    E3                                                0.000    10.000 r  clk (IN)
                         net (fo=0)                   0.000    10.000    clk
    E3                   IBUF (Prop_ibuf_I_O)         1.411    11.411 r  clk_IBUF_inst/O
                         net (fo=1, routed)           1.920    13.331    clk_IBUF
    BUFGCTRL_X0Y16       BUFG (Prop_bufg_I_O)         0.091    13.422 r  clk_IBUF_BUFG_inst/O
                         net (fo=18, routed)          1.508    14.930    clk_IBUF_BUFG
    SLICE_X14Y103        FDRE                                         r  clk1khz_i_reg[1]/C
                         clock pessimism              0.277    15.207    
                         clock uncertainty           -0.035    15.172    
    SLICE_X14Y103        FDRE (Setup_fdre_C_R)       -0.524    14.648    clk1khz_i_reg[1]
  -------------------------------------------------------------------
                         required time                         14.648    
                         arrival time                          -8.174    
  -------------------------------------------------------------------
                         slack                                  6.474    

Slack (MET) :             6.474ns  (required time - arrival time)
  Source:                 clk1khz_i_reg[11]/C
                            (rising edge-triggered cell FDRE clocked by sys_clk_pin  {rise@0.000ns fall@5.000ns period=10.000ns})
  Destination:            clk1khz_i_reg[2]/R
                            (rising edge-triggered cell FDRE clocked by sys_clk_pin  {rise@0.000ns fall@5.000ns period=10.000ns})
  Path Group:             sys_clk_pin
  Path Type:              Setup (Max at Slow Process Corner)
  Requirement:            10.000ns  (sys_clk_pin rise@10.000ns - sys_clk_pin rise@0.000ns)
  Data Path Delay:        2.942ns  (logic 0.766ns (26.037%)  route 2.176ns (73.963%))
  Logic Levels:           2  (LUT3=1 LUT6=1)
  Clock Path Skew:        -0.025ns (DCD - SCD + CPR)
    Destination Clock Delay (DCD):    4.930ns = ( 14.930 - 10.000 ) 
    Source Clock Delay      (SCD):    5.232ns
    Clock Pessimism Removal (CPR):    0.277ns
  Clock Uncertainty:      0.035ns  ((TSJ^2 + TIJ^2)^1/2 + DJ) / 2 + PE
    Total System Jitter     (TSJ):    0.071ns
    Total Input Jitter      (TIJ):    0.000ns
    Discrete Jitter          (DJ):    0.000ns
    Phase Error              (PE):    0.000ns

    Location             Delay type                Incr(ns)  Path(ns)    Netlist Resource(s)
  -------------------------------------------------------------------    -------------------
                         (clock sys_clk_pin rise edge)
                                                      0.000     0.000 r  
    E3                                                0.000     0.000 r  clk (IN)
                         net (fo=0)                   0.000     0.000    clk
    E3                   IBUF (Prop_ibuf_I_O)         1.482     1.482 r  clk_IBUF_inst/O
                         net (fo=1, routed)           2.025     3.506    clk_IBUF
    BUFGCTRL_X0Y16       BUFG (Prop_bufg_I_O)         0.096     3.602 r  clk_IBUF_BUFG_inst/O
                         net (fo=18, routed)          1.630     5.232    clk_IBUF_BUFG
    SLICE_X14Y105        FDRE                                         r  clk1khz_i_reg[11]/C
  -------------------------------------------------------------------    -------------------
    SLICE_X14Y105        FDRE (Prop_fdre_C_Q)         0.518     5.750 f  clk1khz_i_reg[11]/Q
                         net (fo=2, routed)           0.809     6.560    clk1khz_i_reg[11]
    SLICE_X15Y106        LUT6 (Prop_lut6_I2_O)        0.124     6.684 r  clk1khz_i[0]_i_5/O
                         net (fo=2, routed)           0.815     7.499    clk1khz_i[0]_i_5_n_1
    SLICE_X15Y105        LUT3 (Prop_lut3_I2_O)        0.124     7.623 r  clk1khz_i[0]_i_1/O
                         net (fo=17, routed)          0.551     8.174    clear
    SLICE_X14Y103        FDRE                                         r  clk1khz_i_reg[2]/R
  -------------------------------------------------------------------    -------------------

                         (clock sys_clk_pin rise edge)
                                                     10.000    10.000 r  
    E3                                                0.000    10.000 r  clk (IN)
                         net (fo=0)                   0.000    10.000    clk
    E3                   IBUF (Prop_ibuf_I_O)         1.411    11.411 r  clk_IBUF_inst/O
                         net (fo=1, routed)           1.920    13.331    clk_IBUF
    BUFGCTRL_X0Y16       BUFG (Prop_bufg_I_O)         0.091    13.422 r  clk_IBUF_BUFG_inst/O
                         net (fo=18, routed)          1.508    14.930    clk_IBUF_BUFG
    SLICE_X14Y103        FDRE                                         r  clk1khz_i_reg[2]/C
                         clock pessimism              0.277    15.207    
                         clock uncertainty           -0.035    15.172    
    SLICE_X14Y103        FDRE (Setup_fdre_C_R)       -0.524    14.648    clk1khz_i_reg[2]
  -------------------------------------------------------------------
                         required time                         14.648    
                         arrival time                          -8.174    
  -------------------------------------------------------------------
                         slack                                  6.474    

Slack (MET) :             6.474ns  (required time - arrival time)
  Source:                 clk1khz_i_reg[11]/C
                            (rising edge-triggered cell FDRE clocked by sys_clk_pin  {rise@0.000ns fall@5.000ns period=10.000ns})
  Destination:            clk1khz_i_reg[3]/R
                            (rising edge-triggered cell FDRE clocked by sys_clk_pin  {rise@0.000ns fall@5.000ns period=10.000ns})
  Path Group:             sys_clk_pin
  Path Type:              Setup (Max at Slow Process Corner)
  Requirement:            10.000ns  (sys_clk_pin rise@10.000ns - sys_clk_pin rise@0.000ns)
  Data Path Delay:        2.942ns  (logic 0.766ns (26.037%)  route 2.176ns (73.963%))
  Logic Levels:           2  (LUT3=1 LUT6=1)
  Clock Path Skew:        -0.025ns (DCD - SCD + CPR)
    Destination Clock Delay (DCD):    4.930ns = ( 14.930 - 10.000 ) 
    Source Clock Delay      (SCD):    5.232ns
    Clock Pessimism Removal (CPR):    0.277ns
  Clock Uncertainty:      0.035ns  ((TSJ^2 + TIJ^2)^1/2 + DJ) / 2 + PE
    Total System Jitter     (TSJ):    0.071ns
    Total Input Jitter      (TIJ):    0.000ns
    Discrete Jitter          (DJ):    0.000ns
    Phase Error              (PE):    0.000ns

    Location             Delay type                Incr(ns)  Path(ns)    Netlist Resource(s)
  -------------------------------------------------------------------    -------------------
                         (clock sys_clk_pin rise edge)
                                                      0.000     0.000 r  
    E3                                                0.000     0.000 r  clk (IN)
                         net (fo=0)                   0.000     0.000    clk
    E3                   IBUF (Prop_ibuf_I_O)         1.482     1.482 r  clk_IBUF_inst/O
                         net (fo=1, routed)           2.025     3.506    clk_IBUF
    BUFGCTRL_X0Y16       BUFG (Prop_bufg_I_O)         0.096     3.602 r  clk_IBUF_BUFG_inst/O
                         net (fo=18, routed)          1.630     5.232    clk_IBUF_BUFG
    SLICE_X14Y105        FDRE                                         r  clk1khz_i_reg[11]/C
  -------------------------------------------------------------------    -------------------
    SLICE_X14Y105        FDRE (Prop_fdre_C_Q)         0.518     5.750 f  clk1khz_i_reg[11]/Q
                         net (fo=2, routed)           0.809     6.560    clk1khz_i_reg[11]
    SLICE_X15Y106        LUT6 (Prop_lut6_I2_O)        0.124     6.684 r  clk1khz_i[0]_i_5/O
                         net (fo=2, routed)           0.815     7.499    clk1khz_i[0]_i_5_n_1
    SLICE_X15Y105        LUT3 (Prop_lut3_I2_O)        0.124     7.623 r  clk1khz_i[0]_i_1/O
                         net (fo=17, routed)          0.551     8.174    clear
    SLICE_X14Y103        FDRE                                         r  clk1khz_i_reg[3]/R
  -------------------------------------------------------------------    -------------------

                         (clock sys_clk_pin rise edge)
                                                     10.000    10.000 r  
    E3                                                0.000    10.000 r  clk (IN)
                         net (fo=0)                   0.000    10.000    clk
    E3                   IBUF (Prop_ibuf_I_O)         1.411    11.411 r  clk_IBUF_inst/O
                         net (fo=1, routed)           1.920    13.331    clk_IBUF
    BUFGCTRL_X0Y16       BUFG (Prop_bufg_I_O)         0.091    13.422 r  clk_IBUF_BUFG_inst/O
                         net (fo=18, routed)          1.508    14.930    clk_IBUF_BUFG
    SLICE_X14Y103        FDRE                                         r  clk1khz_i_reg[3]/C
                         clock pessimism              0.277    15.207    
                         clock uncertainty           -0.035    15.172    
    SLICE_X14Y103        FDRE (Setup_fdre_C_R)       -0.524    14.648    clk1khz_i_reg[3]
  -------------------------------------------------------------------
                         required time                         14.648    
                         arrival time                          -8.174    
  -------------------------------------------------------------------
                         slack                                  6.474    

Slack (MET) :             6.513ns  (required time - arrival time)
  Source:                 clk1khz_i_reg[11]/C
                            (rising edge-triggered cell FDRE clocked by sys_clk_pin  {rise@0.000ns fall@5.000ns period=10.000ns})
  Destination:            clk1khz_i_reg[4]/R
                            (rising edge-triggered cell FDRE clocked by sys_clk_pin  {rise@0.000ns fall@5.000ns period=10.000ns})
  Path Group:             sys_clk_pin
  Path Type:              Setup (Max at Slow Process Corner)
  Requirement:            10.000ns  (sys_clk_pin rise@10.000ns - sys_clk_pin rise@0.000ns)
  Data Path Delay:        2.903ns  (logic 0.766ns (26.388%)  route 2.137ns (73.612%))
  Logic Levels:           2  (LUT3=1 LUT6=1)
  Clock Path Skew:        -0.025ns (DCD - SCD + CPR)
    Destination Clock Delay (DCD):    4.930ns = ( 14.930 - 10.000 ) 
    Source Clock Delay      (SCD):    5.232ns
    Clock Pessimism Removal (CPR):    0.277ns
  Clock Uncertainty:      0.035ns  ((TSJ^2 + TIJ^2)^1/2 + DJ) / 2 + PE
    Total System Jitter     (TSJ):    0.071ns
    Total Input Jitter      (TIJ):    0.000ns
    Discrete Jitter          (DJ):    0.000ns
    Phase Error              (PE):    0.000ns

    Location             Delay type                Incr(ns)  Path(ns)    Netlist Resource(s)
  -------------------------------------------------------------------    -------------------
                         (clock sys_clk_pin rise edge)
                                                      0.000     0.000 r  
    E3                                                0.000     0.000 r  clk (IN)
                         net (fo=0)                   0.000     0.000    clk
    E3                   IBUF (Prop_ibuf_I_O)         1.482     1.482 r  clk_IBUF_inst/O
                         net (fo=1, routed)           2.025     3.506    clk_IBUF
    BUFGCTRL_X0Y16       BUFG (Prop_bufg_I_O)         0.096     3.602 r  clk_IBUF_BUFG_inst/O
                         net (fo=18, routed)          1.630     5.232    clk_IBUF_BUFG
    SLICE_X14Y105        FDRE                                         r  clk1khz_i_reg[11]/C
  -------------------------------------------------------------------    -------------------
    SLICE_X14Y105        FDRE (Prop_fdre_C_Q)         0.518     5.750 f  clk1khz_i_reg[11]/Q
                         net (fo=2, routed)           0.809     6.560    clk1khz_i_reg[11]
    SLICE_X15Y106        LUT6 (Prop_lut6_I2_O)        0.124     6.684 r  clk1khz_i[0]_i_5/O
                         net (fo=2, routed)           0.815     7.499    clk1khz_i[0]_i_5_n_1
    SLICE_X15Y105        LUT3 (Prop_lut3_I2_O)        0.124     7.623 r  clk1khz_i[0]_i_1/O
                         net (fo=17, routed)          0.512     8.135    clear
    SLICE_X14Y104        FDRE                                         r  clk1khz_i_reg[4]/R
  -------------------------------------------------------------------    -------------------

                         (clock sys_clk_pin rise edge)
                                                     10.000    10.000 r  
    E3                                                0.000    10.000 r  clk (IN)
                         net (fo=0)                   0.000    10.000    clk
    E3                   IBUF (Prop_ibuf_I_O)         1.411    11.411 r  clk_IBUF_inst/O
                         net (fo=1, routed)           1.920    13.331    clk_IBUF
    BUFGCTRL_X0Y16       BUFG (Prop_bufg_I_O)         0.091    13.422 r  clk_IBUF_BUFG_inst/O
                         net (fo=18, routed)          1.508    14.930    clk_IBUF_BUFG
    SLICE_X14Y104        FDRE                                         r  clk1khz_i_reg[4]/C
                         clock pessimism              0.277    15.207    
                         clock uncertainty           -0.035    15.172    
    SLICE_X14Y104        FDRE (Setup_fdre_C_R)       -0.524    14.648    clk1khz_i_reg[4]
  -------------------------------------------------------------------
                         required time                         14.648    
                         arrival time                          -8.135    
  -------------------------------------------------------------------
                         slack                                  6.513    

Slack (MET) :             6.513ns  (required time - arrival time)
  Source:                 clk1khz_i_reg[11]/C
                            (rising edge-triggered cell FDRE clocked by sys_clk_pin  {rise@0.000ns fall@5.000ns period=10.000ns})
  Destination:            clk1khz_i_reg[5]/R
                            (rising edge-triggered cell FDRE clocked by sys_clk_pin  {rise@0.000ns fall@5.000ns period=10.000ns})
  Path Group:             sys_clk_pin
  Path Type:              Setup (Max at Slow Process Corner)
  Requirement:            10.000ns  (sys_clk_pin rise@10.000ns - sys_clk_pin rise@0.000ns)
  Data Path Delay:        2.903ns  (logic 0.766ns (26.388%)  route 2.137ns (73.612%))
  Logic Levels:           2  (LUT3=1 LUT6=1)
  Clock Path Skew:        -0.025ns (DCD - SCD + CPR)
    Destination Clock Delay (DCD):    4.930ns = ( 14.930 - 10.000 ) 
    Source Clock Delay      (SCD):    5.232ns
    Clock Pessimism Removal (CPR):    0.277ns
  Clock Uncertainty:      0.035ns  ((TSJ^2 + TIJ^2)^1/2 + DJ) / 2 + PE
    Total System Jitter     (TSJ):    0.071ns
    Total Input Jitter      (TIJ):    0.000ns
    Discrete Jitter          (DJ):    0.000ns
    Phase Error              (PE):    0.000ns

    Location             Delay type                Incr(ns)  Path(ns)    Netlist Resource(s)
  -------------------------------------------------------------------    -------------------
                         (clock sys_clk_pin rise edge)
                                                      0.000     0.000 r  
    E3                                                0.000     0.000 r  clk (IN)
                         net (fo=0)                   0.000     0.000    clk
    E3                   IBUF (Prop_ibuf_I_O)         1.482     1.482 r  clk_IBUF_inst/O
                         net (fo=1, routed)           2.025     3.506    clk_IBUF
    BUFGCTRL_X0Y16       BUFG (Prop_bufg_I_O)         0.096     3.602 r  clk_IBUF_BUFG_inst/O
                         net (fo=18, routed)          1.630     5.232    clk_IBUF_BUFG
    SLICE_X14Y105        FDRE                                         r  clk1khz_i_reg[11]/C
  -------------------------------------------------------------------    -------------------
    SLICE_X14Y105        FDRE (Prop_fdre_C_Q)         0.518     5.750 f  clk1khz_i_reg[11]/Q
                         net (fo=2, routed)           0.809     6.560    clk1khz_i_reg[11]
    SLICE_X15Y106        LUT6 (Prop_lut6_I2_O)        0.124     6.684 r  clk1khz_i[0]_i_5/O
                         net (fo=2, routed)           0.815     7.499    clk1khz_i[0]_i_5_n_1
    SLICE_X15Y105        LUT3 (Prop_lut3_I2_O)        0.124     7.623 r  clk1khz_i[0]_i_1/O
                         net (fo=17, routed)          0.512     8.135    clear
    SLICE_X14Y104        FDRE                                         r  clk1khz_i_reg[5]/R
  -------------------------------------------------------------------    -------------------

                         (clock sys_clk_pin rise edge)
                                                     10.000    10.000 r  
    E3                                                0.000    10.000 r  clk (IN)
                         net (fo=0)                   0.000    10.000    clk
    E3                   IBUF (Prop_ibuf_I_O)         1.411    11.411 r  clk_IBUF_inst/O
                         net (fo=1, routed)           1.920    13.331    clk_IBUF
    BUFGCTRL_X0Y16       BUFG (Prop_bufg_I_O)         0.091    13.422 r  clk_IBUF_BUFG_inst/O
                         net (fo=18, routed)          1.508    14.930    clk_IBUF_BUFG
    SLICE_X14Y104        FDRE                                         r  clk1khz_i_reg[5]/C
                         clock pessimism              0.277    15.207    
                         clock uncertainty           -0.035    15.172    
    SLICE_X14Y104        FDRE (Setup_fdre_C_R)       -0.524    14.648    clk1khz_i_reg[5]
  -------------------------------------------------------------------
                         required time                         14.648    
                         arrival time                          -8.135    
  -------------------------------------------------------------------
                         slack                                  6.513    





Min Delay Paths
--------------------------------------------------------------------------------------
Slack (MET) :             0.265ns  (arrival time - required time)
  Source:                 clk1khz_i_reg[10]/C
                            (rising edge-triggered cell FDRE clocked by sys_clk_pin  {rise@0.000ns fall@5.000ns period=10.000ns})
  Destination:            clk1khz_i_reg[10]/D
                            (rising edge-triggered cell FDRE clocked by sys_clk_pin  {rise@0.000ns fall@5.000ns period=10.000ns})
  Path Group:             sys_clk_pin
  Path Type:              Hold (Min at Fast Process Corner)
  Requirement:            0.000ns  (sys_clk_pin rise@0.000ns - sys_clk_pin rise@0.000ns)
  Data Path Delay:        0.399ns  (logic 0.274ns (68.589%)  route 0.125ns (31.411%))
  Logic Levels:           1  (CARRY4=1)
  Clock Path Skew:        0.000ns (DCD - SCD - CPR)
    Destination Clock Delay (DCD):    2.005ns
    Source Clock Delay      (SCD):    1.488ns
    Clock Pessimism Removal (CPR):    0.516ns

    Location             Delay type                Incr(ns)  Path(ns)    Netlist Resource(s)
  -------------------------------------------------------------------    -------------------
                         (clock sys_clk_pin rise edge)
                                                      0.000     0.000 r  
    E3                                                0.000     0.000 r  clk (IN)
                         net (fo=0)                   0.000     0.000    clk
    E3                   IBUF (Prop_ibuf_I_O)         0.250     0.250 r  clk_IBUF_inst/O
                         net (fo=1, routed)           0.644     0.894    clk_IBUF
    BUFGCTRL_X0Y16       BUFG (Prop_bufg_I_O)         0.026     0.920 r  clk_IBUF_BUFG_inst/O
                         net (fo=18, routed)          0.569     1.488    clk_IBUF_BUFG
    SLICE_X14Y105        FDRE                                         r  clk1khz_i_reg[10]/C
  -------------------------------------------------------------------    -------------------
    SLICE_X14Y105        FDRE (Prop_fdre_C_Q)         0.164     1.652 r  clk1khz_i_reg[10]/Q
                         net (fo=2, routed)           0.125     1.778    clk1khz_i_reg[10]
    SLICE_X14Y105        CARRY4 (Prop_carry4_S[2]_O[2])
                                                      0.110     1.888 r  clk1khz_i_reg[8]_i_1/O[2]
                         net (fo=1, routed)           0.000     1.888    clk1khz_i_reg[8]_i_1_n_6
    SLICE_X14Y105        FDRE                                         r  clk1khz_i_reg[10]/D
  -------------------------------------------------------------------    -------------------

                         (clock sys_clk_pin rise edge)
                                                      0.000     0.000 r  
    E3                                                0.000     0.000 r  clk (IN)
                         net (fo=0)                   0.000     0.000    clk
    E3                   IBUF (Prop_ibuf_I_O)         0.438     0.438 r  clk_IBUF_inst/O
                         net (fo=1, routed)           0.699     1.136    clk_IBUF
    BUFGCTRL_X0Y16       BUFG (Prop_bufg_I_O)         0.029     1.165 r  clk_IBUF_BUFG_inst/O
                         net (fo=18, routed)          0.840     2.005    clk_IBUF_BUFG
    SLICE_X14Y105        FDRE                                         r  clk1khz_i_reg[10]/C
                         clock pessimism             -0.516     1.488    
    SLICE_X14Y105        FDRE (Hold_fdre_C_D)         0.134     1.622    clk1khz_i_reg[10]
  -------------------------------------------------------------------
                         required time                         -1.622    
                         arrival time                           1.888    
  -------------------------------------------------------------------
                         slack                                  0.265    

Slack (MET) :             0.265ns  (arrival time - required time)
  Source:                 clk1khz_i_reg[14]/C
                            (rising edge-triggered cell FDRE clocked by sys_clk_pin  {rise@0.000ns fall@5.000ns period=10.000ns})
  Destination:            clk1khz_i_reg[14]/D
                            (rising edge-triggered cell FDRE clocked by sys_clk_pin  {rise@0.000ns fall@5.000ns period=10.000ns})
  Path Group:             sys_clk_pin
  Path Type:              Hold (Min at Fast Process Corner)
  Requirement:            0.000ns  (sys_clk_pin rise@0.000ns - sys_clk_pin rise@0.000ns)
  Data Path Delay:        0.399ns  (logic 0.274ns (68.589%)  route 0.125ns (31.411%))
  Logic Levels:           1  (CARRY4=1)
  Clock Path Skew:        0.000ns (DCD - SCD - CPR)
    Destination Clock Delay (DCD):    2.005ns
    Source Clock Delay      (SCD):    1.488ns
    Clock Pessimism Removal (CPR):    0.516ns

    Location             Delay type                Incr(ns)  Path(ns)    Netlist Resource(s)
  -------------------------------------------------------------------    -------------------
                         (clock sys_clk_pin rise edge)
                                                      0.000     0.000 r  
    E3                                                0.000     0.000 r  clk (IN)
                         net (fo=0)                   0.000     0.000    clk
    E3                   IBUF (Prop_ibuf_I_O)         0.250     0.250 r  clk_IBUF_inst/O
                         net (fo=1, routed)           0.644     0.894    clk_IBUF
    BUFGCTRL_X0Y16       BUFG (Prop_bufg_I_O)         0.026     0.920 r  clk_IBUF_BUFG_inst/O
                         net (fo=18, routed)          0.569     1.488    clk_IBUF_BUFG
    SLICE_X14Y106        FDRE                                         r  clk1khz_i_reg[14]/C
  -------------------------------------------------------------------    -------------------
    SLICE_X14Y106        FDRE (Prop_fdre_C_Q)         0.164     1.652 r  clk1khz_i_reg[14]/Q
                         net (fo=2, routed)           0.125     1.778    clk1khz_i_reg[14]
    SLICE_X14Y106        CARRY4 (Prop_carry4_S[2]_O[2])
                                                      0.110     1.888 r  clk1khz_i_reg[12]_i_1/O[2]
                         net (fo=1, routed)           0.000     1.888    clk1khz_i_reg[12]_i_1_n_6
    SLICE_X14Y106        FDRE                                         r  clk1khz_i_reg[14]/D
  -------------------------------------------------------------------    -------------------

                         (clock sys_clk_pin rise edge)
                                                      0.000     0.000 r  
    E3                                                0.000     0.000 r  clk (IN)
                         net (fo=0)                   0.000     0.000    clk
    E3                   IBUF (Prop_ibuf_I_O)         0.438     0.438 r  clk_IBUF_inst/O
                         net (fo=1, routed)           0.699     1.136    clk_IBUF
    BUFGCTRL_X0Y16       BUFG (Prop_bufg_I_O)         0.029     1.165 r  clk_IBUF_BUFG_inst/O
                         net (fo=18, routed)          0.840     2.005    clk_IBUF_BUFG
    SLICE_X14Y106        FDRE                                         r  clk1khz_i_reg[14]/C
                         clock pessimism             -0.516     1.488    
    SLICE_X14Y106        FDRE (Hold_fdre_C_D)         0.134     1.622    clk1khz_i_reg[14]
  -------------------------------------------------------------------
                         required time                         -1.622    
                         arrival time                           1.888    
  -------------------------------------------------------------------
                         slack                                  0.265    

Slack (MET) :             0.266ns  (arrival time - required time)
  Source:                 clk1khz_i_reg[2]/C
                            (rising edge-triggered cell FDRE clocked by sys_clk_pin  {rise@0.000ns fall@5.000ns period=10.000ns})
  Destination:            clk1khz_i_reg[2]/D
                            (rising edge-triggered cell FDRE clocked by sys_clk_pin  {rise@0.000ns fall@5.000ns period=10.000ns})
  Path Group:             sys_clk_pin
  Path Type:              Hold (Min at Fast Process Corner)
  Requirement:            0.000ns  (sys_clk_pin rise@0.000ns - sys_clk_pin rise@0.000ns)
  Data Path Delay:        0.400ns  (logic 0.274ns (68.524%)  route 0.126ns (31.476%))
  Logic Levels:           1  (CARRY4=1)
  Clock Path Skew:        0.000ns (DCD - SCD - CPR)
    Destination Clock Delay (DCD):    2.005ns
    Source Clock Delay      (SCD):    1.488ns
    Clock Pessimism Removal (CPR):    0.516ns

    Location             Delay type                Incr(ns)  Path(ns)    Netlist Resource(s)
  -------------------------------------------------------------------    -------------------
                         (clock sys_clk_pin rise edge)
                                                      0.000     0.000 r  
    E3                                                0.000     0.000 r  clk (IN)
                         net (fo=0)                   0.000     0.000    clk
    E3                   IBUF (Prop_ibuf_I_O)         0.250     0.250 r  clk_IBUF_inst/O
                         net (fo=1, routed)           0.644     0.894    clk_IBUF
    BUFGCTRL_X0Y16       BUFG (Prop_bufg_I_O)         0.026     0.920 r  clk_IBUF_BUFG_inst/O
                         net (fo=18, routed)          0.569     1.488    clk_IBUF_BUFG
    SLICE_X14Y103        FDRE                                         r  clk1khz_i_reg[2]/C
  -------------------------------------------------------------------    -------------------
    SLICE_X14Y103        FDRE (Prop_fdre_C_Q)         0.164     1.652 r  clk1khz_i_reg[2]/Q
                         net (fo=2, routed)           0.126     1.778    clk1khz_i_reg[2]
    SLICE_X14Y103        CARRY4 (Prop_carry4_S[2]_O[2])
                                                      0.110     1.888 r  clk1khz_i_reg[0]_i_2/O[2]
                         net (fo=1, routed)           0.000     1.888    clk1khz_i_reg[0]_i_2_n_6
    SLICE_X14Y103        FDRE                                         r  clk1khz_i_reg[2]/D
  -------------------------------------------------------------------    -------------------

                         (clock sys_clk_pin rise edge)
                                                      0.000     0.000 r  
    E3                                                0.000     0.000 r  clk (IN)
                         net (fo=0)                   0.000     0.000    clk
    E3                   IBUF (Prop_ibuf_I_O)         0.438     0.438 r  clk_IBUF_inst/O
                         net (fo=1, routed)           0.699     1.136    clk_IBUF
    BUFGCTRL_X0Y16       BUFG (Prop_bufg_I_O)         0.029     1.165 r  clk_IBUF_BUFG_inst/O
                         net (fo=18, routed)          0.840     2.005    clk_IBUF_BUFG
    SLICE_X14Y103        FDRE                                         r  clk1khz_i_reg[2]/C
                         clock pessimism             -0.516     1.488    
    SLICE_X14Y103        FDRE (Hold_fdre_C_D)         0.134     1.622    clk1khz_i_reg[2]
  -------------------------------------------------------------------
                         required time                         -1.622    
                         arrival time                           1.888    
  -------------------------------------------------------------------
                         slack                                  0.266    

Slack (MET) :             0.267ns  (arrival time - required time)
  Source:                 clk1khz_i_reg[6]/C
                            (rising edge-triggered cell FDRE clocked by sys_clk_pin  {rise@0.000ns fall@5.000ns period=10.000ns})
  Destination:            clk1khz_i_reg[6]/D
                            (rising edge-triggered cell FDRE clocked by sys_clk_pin  {rise@0.000ns fall@5.000ns period=10.000ns})
  Path Group:             sys_clk_pin
  Path Type:              Hold (Min at Fast Process Corner)
  Requirement:            0.000ns  (sys_clk_pin rise@0.000ns - sys_clk_pin rise@0.000ns)
  Data Path Delay:        0.401ns  (logic 0.274ns (68.412%)  route 0.127ns (31.588%))
  Logic Levels:           1  (CARRY4=1)
  Clock Path Skew:        0.000ns (DCD - SCD - CPR)
    Destination Clock Delay (DCD):    2.005ns
    Source Clock Delay      (SCD):    1.488ns
    Clock Pessimism Removal (CPR):    0.516ns

    Location             Delay type                Incr(ns)  Path(ns)    Netlist Resource(s)
  -------------------------------------------------------------------    -------------------
                         (clock sys_clk_pin rise edge)
                                                      0.000     0.000 r  
    E3                                                0.000     0.000 r  clk (IN)
                         net (fo=0)                   0.000     0.000    clk
    E3                   IBUF (Prop_ibuf_I_O)         0.250     0.250 r  clk_IBUF_inst/O
                         net (fo=1, routed)           0.644     0.894    clk_IBUF
    BUFGCTRL_X0Y16       BUFG (Prop_bufg_I_O)         0.026     0.920 r  clk_IBUF_BUFG_inst/O
                         net (fo=18, routed)          0.569     1.488    clk_IBUF_BUFG
    SLICE_X14Y104        FDRE                                         r  clk1khz_i_reg[6]/C
  -------------------------------------------------------------------    -------------------
    SLICE_X14Y104        FDRE (Prop_fdre_C_Q)         0.164     1.652 r  clk1khz_i_reg[6]/Q
                         net (fo=2, routed)           0.127     1.779    clk1khz_i_reg[6]
    SLICE_X14Y104        CARRY4 (Prop_carry4_S[2]_O[2])
                                                      0.110     1.889 r  clk1khz_i_reg[4]_i_1/O[2]
                         net (fo=1, routed)           0.000     1.889    clk1khz_i_reg[4]_i_1_n_6
    SLICE_X14Y104        FDRE                                         r  clk1khz_i_reg[6]/D
  -------------------------------------------------------------------    -------------------

                         (clock sys_clk_pin rise edge)
                                                      0.000     0.000 r  
    E3                                                0.000     0.000 r  clk (IN)
                         net (fo=0)                   0.000     0.000    clk
    E3                   IBUF (Prop_ibuf_I_O)         0.438     0.438 r  clk_IBUF_inst/O
                         net (fo=1, routed)           0.699     1.136    clk_IBUF
    BUFGCTRL_X0Y16       BUFG (Prop_bufg_I_O)         0.029     1.165 r  clk_IBUF_BUFG_inst/O
                         net (fo=18, routed)          0.840     2.005    clk_IBUF_BUFG
    SLICE_X14Y104        FDRE                                         r  clk1khz_i_reg[6]/C
                         clock pessimism             -0.516     1.488    
    SLICE_X14Y104        FDRE (Hold_fdre_C_D)         0.134     1.622    clk1khz_i_reg[6]
  -------------------------------------------------------------------
                         required time                         -1.622    
                         arrival time                           1.889    
  -------------------------------------------------------------------
                         slack                                  0.267    

Slack (MET) :             0.277ns  (arrival time - required time)
  Source:                 clk1khz_reg/C
                            (rising edge-triggered cell FDRE clocked by sys_clk_pin  {rise@0.000ns fall@5.000ns period=10.000ns})
  Destination:            clk1khz_reg/D
                            (rising edge-triggered cell FDRE clocked by sys_clk_pin  {rise@0.000ns fall@5.000ns period=10.000ns})
  Path Group:             sys_clk_pin
  Path Type:              Hold (Min at Fast Process Corner)
  Requirement:            0.000ns  (sys_clk_pin rise@0.000ns - sys_clk_pin rise@0.000ns)
  Data Path Delay:        0.368ns  (logic 0.186ns (50.574%)  route 0.182ns (49.426%))
  Logic Levels:           1  (LUT4=1)
  Clock Path Skew:        0.000ns (DCD - SCD - CPR)
    Destination Clock Delay (DCD):    2.005ns
    Source Clock Delay      (SCD):    1.488ns
    Clock Pessimism Removal (CPR):    0.516ns

    Location             Delay type                Incr(ns)  Path(ns)    Netlist Resource(s)
  -------------------------------------------------------------------    -------------------
                         (clock sys_clk_pin rise edge)
                                                      0.000     0.000 r  
    E3                                                0.000     0.000 r  clk (IN)
                         net (fo=0)                   0.000     0.000    clk
    E3                   IBUF (Prop_ibuf_I_O)         0.250     0.250 r  clk_IBUF_inst/O
                         net (fo=1, routed)           0.644     0.894    clk_IBUF
    BUFGCTRL_X0Y16       BUFG (Prop_bufg_I_O)         0.026     0.920 r  clk_IBUF_BUFG_inst/O
                         net (fo=18, routed)          0.569     1.488    clk_IBUF_BUFG
    SLICE_X15Y105        FDRE                                         r  clk1khz_reg/C
  -------------------------------------------------------------------    -------------------
    SLICE_X15Y105        FDRE (Prop_fdre_C_Q)         0.141     1.629 r  clk1khz_reg/Q
                         net (fo=15, routed)          0.182     1.811    clk1khz
    SLICE_X15Y105        LUT4 (Prop_lut4_I3_O)        0.045     1.856 r  clk1khz_i_1/O
                         net (fo=1, routed)           0.000     1.856    clk1khz_i_1_n_1
    SLICE_X15Y105        FDRE                                         r  clk1khz_reg/D
  -------------------------------------------------------------------    -------------------

                         (clock sys_clk_pin rise edge)
                                                      0.000     0.000 r  
    E3                                                0.000     0.000 r  clk (IN)
                         net (fo=0)                   0.000     0.000    clk
    E3                   IBUF (Prop_ibuf_I_O)         0.438     0.438 r  clk_IBUF_inst/O
                         net (fo=1, routed)           0.699     1.136    clk_IBUF
    BUFGCTRL_X0Y16       BUFG (Prop_bufg_I_O)         0.029     1.165 r  clk_IBUF_BUFG_inst/O
                         net (fo=18, routed)          0.840     2.005    clk_IBUF_BUFG
    SLICE_X15Y105        FDRE                                         r  clk1khz_reg/C
                         clock pessimism             -0.516     1.488    
    SLICE_X15Y105        FDRE (Hold_fdre_C_D)         0.091     1.579    clk1khz_reg
  -------------------------------------------------------------------
                         required time                         -1.579    
                         arrival time                           1.856    
  -------------------------------------------------------------------
                         slack                                  0.277    

Slack (MET) :             0.301ns  (arrival time - required time)
  Source:                 clk1khz_i_reg[10]/C
                            (rising edge-triggered cell FDRE clocked by sys_clk_pin  {rise@0.000ns fall@5.000ns period=10.000ns})
  Destination:            clk1khz_i_reg[11]/D
                            (rising edge-triggered cell FDRE clocked by sys_clk_pin  {rise@0.000ns fall@5.000ns period=10.000ns})
  Path Group:             sys_clk_pin
  Path Type:              Hold (Min at Fast Process Corner)
  Requirement:            0.000ns  (sys_clk_pin rise@0.000ns - sys_clk_pin rise@0.000ns)
  Data Path Delay:        0.435ns  (logic 0.310ns (71.185%)  route 0.125ns (28.815%))
  Logic Levels:           1  (CARRY4=1)
  Clock Path Skew:        0.000ns (DCD - SCD - CPR)
    Destination Clock Delay (DCD):    2.005ns
    Source Clock Delay      (SCD):    1.488ns
    Clock Pessimism Removal (CPR):    0.516ns

    Location             Delay type                Incr(ns)  Path(ns)    Netlist Resource(s)
  -------------------------------------------------------------------    -------------------
                         (clock sys_clk_pin rise edge)
                                                      0.000     0.000 r  
    E3                                                0.000     0.000 r  clk (IN)
                         net (fo=0)                   0.000     0.000    clk
    E3                   IBUF (Prop_ibuf_I_O)         0.250     0.250 r  clk_IBUF_inst/O
                         net (fo=1, routed)           0.644     0.894    clk_IBUF
    BUFGCTRL_X0Y16       BUFG (Prop_bufg_I_O)         0.026     0.920 r  clk_IBUF_BUFG_inst/O
                         net (fo=18, routed)          0.569     1.488    clk_IBUF_BUFG
    SLICE_X14Y105        FDRE                                         r  clk1khz_i_reg[10]/C
  -------------------------------------------------------------------    -------------------
    SLICE_X14Y105        FDRE (Prop_fdre_C_Q)         0.164     1.652 r  clk1khz_i_reg[10]/Q
                         net (fo=2, routed)           0.125     1.778    clk1khz_i_reg[10]
    SLICE_X14Y105        CARRY4 (Prop_carry4_S[2]_O[3])
                                                      0.146     1.924 r  clk1khz_i_reg[8]_i_1/O[3]
                         net (fo=1, routed)           0.000     1.924    clk1khz_i_reg[8]_i_1_n_5
    SLICE_X14Y105        FDRE                                         r  clk1khz_i_reg[11]/D
  -------------------------------------------------------------------    -------------------

                         (clock sys_clk_pin rise edge)
                                                      0.000     0.000 r  
    E3                                                0.000     0.000 r  clk (IN)
                         net (fo=0)                   0.000     0.000    clk
    E3                   IBUF (Prop_ibuf_I_O)         0.438     0.438 r  clk_IBUF_inst/O
                         net (fo=1, routed)           0.699     1.136    clk_IBUF
    BUFGCTRL_X0Y16       BUFG (Prop_bufg_I_O)         0.029     1.165 r  clk_IBUF_BUFG_inst/O
                         net (fo=18, routed)          0.840     2.005    clk_IBUF_BUFG
    SLICE_X14Y105        FDRE                                         r  clk1khz_i_reg[11]/C
                         clock pessimism             -0.516     1.488    
    SLICE_X14Y105        FDRE (Hold_fdre_C_D)         0.134     1.622    clk1khz_i_reg[11]
  -------------------------------------------------------------------
                         required time                         -1.622    
                         arrival time                           1.924    
  -------------------------------------------------------------------
                         slack                                  0.301    

Slack (MET) :             0.301ns  (arrival time - required time)
  Source:                 clk1khz_i_reg[14]/C
                            (rising edge-triggered cell FDRE clocked by sys_clk_pin  {rise@0.000ns fall@5.000ns period=10.000ns})
  Destination:            clk1khz_i_reg[15]/D
                            (rising edge-triggered cell FDRE clocked by sys_clk_pin  {rise@0.000ns fall@5.000ns period=10.000ns})
  Path Group:             sys_clk_pin
  Path Type:              Hold (Min at Fast Process Corner)
  Requirement:            0.000ns  (sys_clk_pin rise@0.000ns - sys_clk_pin rise@0.000ns)
  Data Path Delay:        0.435ns  (logic 0.310ns (71.185%)  route 0.125ns (28.815%))
  Logic Levels:           1  (CARRY4=1)
  Clock Path Skew:        0.000ns (DCD - SCD - CPR)
    Destination Clock Delay (DCD):    2.005ns
    Source Clock Delay      (SCD):    1.488ns
    Clock Pessimism Removal (CPR):    0.516ns

    Location             Delay type                Incr(ns)  Path(ns)    Netlist Resource(s)
  -------------------------------------------------------------------    -------------------
                         (clock sys_clk_pin rise edge)
                                                      0.000     0.000 r  
    E3                                                0.000     0.000 r  clk (IN)
                         net (fo=0)                   0.000     0.000    clk
    E3                   IBUF (Prop_ibuf_I_O)         0.250     0.250 r  clk_IBUF_inst/O
                         net (fo=1, routed)           0.644     0.894    clk_IBUF
    BUFGCTRL_X0Y16       BUFG (Prop_bufg_I_O)         0.026     0.920 r  clk_IBUF_BUFG_inst/O
                         net (fo=18, routed)          0.569     1.488    clk_IBUF_BUFG
    SLICE_X14Y106        FDRE                                         r  clk1khz_i_reg[14]/C
  -------------------------------------------------------------------    -------------------
    SLICE_X14Y106        FDRE (Prop_fdre_C_Q)         0.164     1.652 r  clk1khz_i_reg[14]/Q
                         net (fo=2, routed)           0.125     1.778    clk1khz_i_reg[14]
    SLICE_X14Y106        CARRY4 (Prop_carry4_S[2]_O[3])
                                                      0.146     1.924 r  clk1khz_i_reg[12]_i_1/O[3]
                         net (fo=1, routed)           0.000     1.924    clk1khz_i_reg[12]_i_1_n_5
    SLICE_X14Y106        FDRE                                         r  clk1khz_i_reg[15]/D
  -------------------------------------------------------------------    -------------------

                         (clock sys_clk_pin rise edge)
                                                      0.000     0.000 r  
    E3                                                0.000     0.000 r  clk (IN)
                         net (fo=0)                   0.000     0.000    clk
    E3                   IBUF (Prop_ibuf_I_O)         0.438     0.438 r  clk_IBUF_inst/O
                         net (fo=1, routed)           0.699     1.136    clk_IBUF
    BUFGCTRL_X0Y16       BUFG (Prop_bufg_I_O)         0.029     1.165 r  clk_IBUF_BUFG_inst/O
                         net (fo=18, routed)          0.840     2.005    clk_IBUF_BUFG
    SLICE_X14Y106        FDRE                                         r  clk1khz_i_reg[15]/C
                         clock pessimism             -0.516     1.488    
    SLICE_X14Y106        FDRE (Hold_fdre_C_D)         0.134     1.622    clk1khz_i_reg[15]
  -------------------------------------------------------------------
                         required time                         -1.622    
                         arrival time                           1.924    
  -------------------------------------------------------------------
                         slack                                  0.301    

Slack (MET) :             0.302ns  (arrival time - required time)
  Source:                 clk1khz_i_reg[2]/C
                            (rising edge-triggered cell FDRE clocked by sys_clk_pin  {rise@0.000ns fall@5.000ns period=10.000ns})
  Destination:            clk1khz_i_reg[3]/D
                            (rising edge-triggered cell FDRE clocked by sys_clk_pin  {rise@0.000ns fall@5.000ns period=10.000ns})
  Path Group:             sys_clk_pin
  Path Type:              Hold (Min at Fast Process Corner)
  Requirement:            0.000ns  (sys_clk_pin rise@0.000ns - sys_clk_pin rise@0.000ns)
  Data Path Delay:        0.436ns  (logic 0.310ns (71.124%)  route 0.126ns (28.876%))
  Logic Levels:           1  (CARRY4=1)
  Clock Path Skew:        0.000ns (DCD - SCD - CPR)
    Destination Clock Delay (DCD):    2.005ns
    Source Clock Delay      (SCD):    1.488ns
    Clock Pessimism Removal (CPR):    0.516ns

    Location             Delay type                Incr(ns)  Path(ns)    Netlist Resource(s)
  -------------------------------------------------------------------    -------------------
                         (clock sys_clk_pin rise edge)
                                                      0.000     0.000 r  
    E3                                                0.000     0.000 r  clk (IN)
                         net (fo=0)                   0.000     0.000    clk
    E3                   IBUF (Prop_ibuf_I_O)         0.250     0.250 r  clk_IBUF_inst/O
                         net (fo=1, routed)           0.644     0.894    clk_IBUF
    BUFGCTRL_X0Y16       BUFG (Prop_bufg_I_O)         0.026     0.920 r  clk_IBUF_BUFG_inst/O
                         net (fo=18, routed)          0.569     1.488    clk_IBUF_BUFG
    SLICE_X14Y103        FDRE                                         r  clk1khz_i_reg[2]/C
  -------------------------------------------------------------------    -------------------
    SLICE_X14Y103        FDRE (Prop_fdre_C_Q)         0.164     1.652 r  clk1khz_i_reg[2]/Q
                         net (fo=2, routed)           0.126     1.778    clk1khz_i_reg[2]
    SLICE_X14Y103        CARRY4 (Prop_carry4_S[2]_O[3])
                                                      0.146     1.924 r  clk1khz_i_reg[0]_i_2/O[3]
                         net (fo=1, routed)           0.000     1.924    clk1khz_i_reg[0]_i_2_n_5
    SLICE_X14Y103        FDRE                                         r  clk1khz_i_reg[3]/D
  -------------------------------------------------------------------    -------------------

                         (clock sys_clk_pin rise edge)
                                                      0.000     0.000 r  
    E3                                                0.000     0.000 r  clk (IN)
                         net (fo=0)                   0.000     0.000    clk
    E3                   IBUF (Prop_ibuf_I_O)         0.438     0.438 r  clk_IBUF_inst/O
                         net (fo=1, routed)           0.699     1.136    clk_IBUF
    BUFGCTRL_X0Y16       BUFG (Prop_bufg_I_O)         0.029     1.165 r  clk_IBUF_BUFG_inst/O
                         net (fo=18, routed)          0.840     2.005    clk_IBUF_BUFG
    SLICE_X14Y103        FDRE                                         r  clk1khz_i_reg[3]/C
                         clock pessimism             -0.516     1.488    
    SLICE_X14Y103        FDRE (Hold_fdre_C_D)         0.134     1.622    clk1khz_i_reg[3]
  -------------------------------------------------------------------
                         required time                         -1.622    
                         arrival time                           1.924    
  -------------------------------------------------------------------
                         slack                                  0.302    

Slack (MET) :             0.303ns  (arrival time - required time)
  Source:                 clk1khz_i_reg[6]/C
                            (rising edge-triggered cell FDRE clocked by sys_clk_pin  {rise@0.000ns fall@5.000ns period=10.000ns})
  Destination:            clk1khz_i_reg[7]/D
                            (rising edge-triggered cell FDRE clocked by sys_clk_pin  {rise@0.000ns fall@5.000ns period=10.000ns})
  Path Group:             sys_clk_pin
  Path Type:              Hold (Min at Fast Process Corner)
  Requirement:            0.000ns  (sys_clk_pin rise@0.000ns - sys_clk_pin rise@0.000ns)
  Data Path Delay:        0.437ns  (logic 0.310ns (71.017%)  route 0.127ns (28.983%))
  Logic Levels:           1  (CARRY4=1)
  Clock Path Skew:        0.000ns (DCD - SCD - CPR)
    Destination Clock Delay (DCD):    2.005ns
    Source Clock Delay      (SCD):    1.488ns
    Clock Pessimism Removal (CPR):    0.516ns

    Location             Delay type                Incr(ns)  Path(ns)    Netlist Resource(s)
  -------------------------------------------------------------------    -------------------
                         (clock sys_clk_pin rise edge)
                                                      0.000     0.000 r  
    E3                                                0.000     0.000 r  clk (IN)
                         net (fo=0)                   0.000     0.000    clk
    E3                   IBUF (Prop_ibuf_I_O)         0.250     0.250 r  clk_IBUF_inst/O
                         net (fo=1, routed)           0.644     0.894    clk_IBUF
    BUFGCTRL_X0Y16       BUFG (Prop_bufg_I_O)         0.026     0.920 r  clk_IBUF_BUFG_inst/O
                         net (fo=18, routed)          0.569     1.488    clk_IBUF_BUFG
    SLICE_X14Y104        FDRE                                         r  clk1khz_i_reg[6]/C
  -------------------------------------------------------------------    -------------------
    SLICE_X14Y104        FDRE (Prop_fdre_C_Q)         0.164     1.652 r  clk1khz_i_reg[6]/Q
                         net (fo=2, routed)           0.127     1.779    clk1khz_i_reg[6]
    SLICE_X14Y104        CARRY4 (Prop_carry4_S[2]_O[3])
                                                      0.146     1.925 r  clk1khz_i_reg[4]_i_1/O[3]
                         net (fo=1, routed)           0.000     1.925    clk1khz_i_reg[4]_i_1_n_5
    SLICE_X14Y104        FDRE                                         r  clk1khz_i_reg[7]/D
  -------------------------------------------------------------------    -------------------

                         (clock sys_clk_pin rise edge)
                                                      0.000     0.000 r  
    E3                                                0.000     0.000 r  clk (IN)
                         net (fo=0)                   0.000     0.000    clk
    E3                   IBUF (Prop_ibuf_I_O)         0.438     0.438 r  clk_IBUF_inst/O
                         net (fo=1, routed)           0.699     1.136    clk_IBUF
    BUFGCTRL_X0Y16       BUFG (Prop_bufg_I_O)         0.029     1.165 r  clk_IBUF_BUFG_inst/O
                         net (fo=18, routed)          0.840     2.005    clk_IBUF_BUFG
    SLICE_X14Y104        FDRE                                         r  clk1khz_i_reg[7]/C
                         clock pessimism             -0.516     1.488    
    SLICE_X14Y104        FDRE (Hold_fdre_C_D)         0.134     1.622    clk1khz_i_reg[7]
  -------------------------------------------------------------------
                         required time                         -1.622    
                         arrival time                           1.925    
  -------------------------------------------------------------------
                         slack                                  0.303    

Slack (MET) :             0.319ns  (arrival time - required time)
  Source:                 clk1khz_i_reg[5]/C
                            (rising edge-triggered cell FDRE clocked by sys_clk_pin  {rise@0.000ns fall@5.000ns period=10.000ns})
  Destination:            clk1khz_i_reg[5]/D
                            (rising edge-triggered cell FDRE clocked by sys_clk_pin  {rise@0.000ns fall@5.000ns period=10.000ns})
  Path Group:             sys_clk_pin
  Path Type:              Hold (Min at Fast Process Corner)
  Requirement:            0.000ns  (sys_clk_pin rise@0.000ns - sys_clk_pin rise@0.000ns)
  Data Path Delay:        0.453ns  (logic 0.275ns (60.770%)  route 0.178ns (39.230%))
  Logic Levels:           1  (CARRY4=1)
  Clock Path Skew:        0.000ns (DCD - SCD - CPR)
    Destination Clock Delay (DCD):    2.005ns
    Source Clock Delay      (SCD):    1.488ns
    Clock Pessimism Removal (CPR):    0.516ns

    Location             Delay type                Incr(ns)  Path(ns)    Netlist Resource(s)
  -------------------------------------------------------------------    -------------------
                         (clock sys_clk_pin rise edge)
                                                      0.000     0.000 r  
    E3                                                0.000     0.000 r  clk (IN)
                         net (fo=0)                   0.000     0.000    clk
    E3                   IBUF (Prop_ibuf_I_O)         0.250     0.250 r  clk_IBUF_inst/O
                         net (fo=1, routed)           0.644     0.894    clk_IBUF
    BUFGCTRL_X0Y16       BUFG (Prop_bufg_I_O)         0.026     0.920 r  clk_IBUF_BUFG_inst/O
                         net (fo=18, routed)          0.569     1.488    clk_IBUF_BUFG
    SLICE_X14Y104        FDRE                                         r  clk1khz_i_reg[5]/C
  -------------------------------------------------------------------    -------------------
    SLICE_X14Y104        FDRE (Prop_fdre_C_Q)         0.164     1.652 r  clk1khz_i_reg[5]/Q
                         net (fo=2, routed)           0.178     1.830    clk1khz_i_reg[5]
    SLICE_X14Y104        CARRY4 (Prop_carry4_S[1]_O[1])
                                                      0.111     1.941 r  clk1khz_i_reg[4]_i_1/O[1]
                         net (fo=1, routed)           0.000     1.941    clk1khz_i_reg[4]_i_1_n_7
    SLICE_X14Y104        FDRE                                         r  clk1khz_i_reg[5]/D
  -------------------------------------------------------------------    -------------------

                         (clock sys_clk_pin rise edge)
                                                      0.000     0.000 r  
    E3                                                0.000     0.000 r  clk (IN)
                         net (fo=0)                   0.000     0.000    clk
    E3                   IBUF (Prop_ibuf_I_O)         0.438     0.438 r  clk_IBUF_inst/O
                         net (fo=1, routed)           0.699     1.136    clk_IBUF
    BUFGCTRL_X0Y16       BUFG (Prop_bufg_I_O)         0.029     1.165 r  clk_IBUF_BUFG_inst/O
                         net (fo=18, routed)          0.840     2.005    clk_IBUF_BUFG
    SLICE_X14Y104        FDRE                                         r  clk1khz_i_reg[5]/C
                         clock pessimism             -0.516     1.488    
    SLICE_X14Y104        FDRE (Hold_fdre_C_D)         0.134     1.622    clk1khz_i_reg[5]
  -------------------------------------------------------------------
                         required time                         -1.622    
                         arrival time                           1.941    
  -------------------------------------------------------------------
                         slack                                  0.319    





Pulse Width Checks
--------------------------------------------------------------------------------------
Clock Name:         sys_clk_pin
Waveform(ns):       { 0.000 5.000 }
Period(ns):         10.000
Sources:            { clk }

Check Type        Corner  Lib Pin  Reference Pin  Required(ns)  Actual(ns)  Slack(ns)  Location        Pin
Min Period        n/a     BUFG/I   n/a            2.155         10.000      7.845      BUFGCTRL_X0Y16  clk_IBUF_BUFG_inst/I
Min Period        n/a     FDRE/C   n/a            1.000         10.000      9.000      SLICE_X14Y103   clk1khz_i_reg[0]/C
Min Period        n/a     FDRE/C   n/a            1.000         10.000      9.000      SLICE_X14Y105   clk1khz_i_reg[10]/C
Min Period        n/a     FDRE/C   n/a            1.000         10.000      9.000      SLICE_X14Y105   clk1khz_i_reg[11]/C
Min Period        n/a     FDRE/C   n/a            1.000         10.000      9.000      SLICE_X14Y106   clk1khz_i_reg[12]/C
Min Period        n/a     FDRE/C   n/a            1.000         10.000      9.000      SLICE_X14Y106   clk1khz_i_reg[13]/C
Min Period        n/a     FDRE/C   n/a            1.000         10.000      9.000      SLICE_X14Y106   clk1khz_i_reg[14]/C
Min Period        n/a     FDRE/C   n/a            1.000         10.000      9.000      SLICE_X14Y106   clk1khz_i_reg[15]/C
Min Period        n/a     FDRE/C   n/a            1.000         10.000      9.000      SLICE_X14Y107   clk1khz_i_reg[16]/C
Min Period        n/a     FDRE/C   n/a            1.000         10.000      9.000      SLICE_X14Y103   clk1khz_i_reg[1]/C
Low Pulse Width   Slow    FDRE/C   n/a            0.500         5.000       4.500      SLICE_X14Y103   clk1khz_i_reg[0]/C
Low Pulse Width   Slow    FDRE/C   n/a            0.500         5.000       4.500      SLICE_X14Y105   clk1khz_i_reg[10]/C
Low Pulse Width   Slow    FDRE/C   n/a            0.500         5.000       4.500      SLICE_X14Y105   clk1khz_i_reg[11]/C
Low Pulse Width   Slow    FDRE/C   n/a            0.500         5.000       4.500      SLICE_X14Y106   clk1khz_i_reg[12]/C
Low Pulse Width   Slow    FDRE/C   n/a            0.500         5.000       4.500      SLICE_X14Y106   clk1khz_i_reg[13]/C
Low Pulse Width   Slow    FDRE/C   n/a            0.500         5.000       4.500      SLICE_X14Y106   clk1khz_i_reg[14]/C
Low Pulse Width   Slow    FDRE/C   n/a            0.500         5.000       4.500      SLICE_X14Y106   clk1khz_i_reg[15]/C
Low Pulse Width   Slow    FDRE/C   n/a            0.500         5.000       4.500      SLICE_X14Y103   clk1khz_i_reg[1]/C
Low Pulse Width   Slow    FDRE/C   n/a            0.500         5.000       4.500      SLICE_X14Y103   clk1khz_i_reg[2]/C
Low Pulse Width   Slow    FDRE/C   n/a            0.500         5.000       4.500      SLICE_X14Y103   clk1khz_i_reg[3]/C
High Pulse Width  Slow    FDRE/C   n/a            0.500         5.000       4.500      SLICE_X14Y103   clk1khz_i_reg[0]/C
High Pulse Width  Fast    FDRE/C   n/a            0.500         5.000       4.500      SLICE_X14Y103   clk1khz_i_reg[0]/C
High Pulse Width  Slow    FDRE/C   n/a            0.500         5.000       4.500      SLICE_X14Y105   clk1khz_i_reg[10]/C
High Pulse Width  Fast    FDRE/C   n/a            0.500         5.000       4.500      SLICE_X14Y105   clk1khz_i_reg[10]/C
High Pulse Width  Slow    FDRE/C   n/a            0.500         5.000       4.500      SLICE_X14Y105   clk1khz_i_reg[11]/C
High Pulse Width  Fast    FDRE/C   n/a            0.500         5.000       4.500      SLICE_X14Y105   clk1khz_i_reg[11]/C
High Pulse Width  Slow    FDRE/C   n/a            0.500         5.000       4.500      SLICE_X14Y106   clk1khz_i_reg[12]/C
High Pulse Width  Fast    FDRE/C   n/a            0.500         5.000       4.500      SLICE_X14Y106   clk1khz_i_reg[12]/C
High Pulse Width  Slow    FDRE/C   n/a            0.500         5.000       4.500      SLICE_X14Y106   clk1khz_i_reg[13]/C
High Pulse Width  Fast    FDRE/C   n/a            0.500         5.000       4.500      SLICE_X14Y106   clk1khz_i_reg[13]/C



