\BOOKMARK [1][-]{section.1}{\376\377\137\025\212\000}{}% 1
\BOOKMARK [1][-]{section.2}{\376\377\213\276\213\241\166\356\166\204\123\312\211\201\154\102}{}% 2
\BOOKMARK [2][-]{subsection.2.1}{\376\377\127\372\170\100\116\373\122\241}{section.2}% 3
\BOOKMARK [2][-]{subsection.2.2}{\376\377\226\104\122\240\116\373\122\241}{section.2}% 4
\BOOKMARK [1][-]{section.3}{\376\377\135\345\117\134\123\237\164\006}{}% 5
\BOOKMARK [1][-]{section.4}{\376\377\133\236\163\260}{}% 6
\BOOKMARK [2][-]{subsection.4.1}{\376\377\133\236\117\123\116\016\172\357\123\343}{section.4}% 7
\BOOKMARK [2][-]{subsection.4.2}{\376\377\117\341\123\367\133\232\116\111}{section.4}% 8
\BOOKMARK [2][-]{subsection.4.3}{\376\377\116\073\217\307\172\013}{section.4}% 9
\BOOKMARK [2][-]{subsection.4.4}{\376\377\135\346\217\154}{section.4}% 10
\BOOKMARK [2][-]{subsection.4.5}{\376\377\123\363\217\154}{section.4}% 11
\BOOKMARK [2][-]{subsection.4.6}{\376\377\122\115\217\333}{section.4}% 12
\BOOKMARK [2][-]{subsection.4.7}{\376\377\122\071\217\146}{section.4}% 13
\BOOKMARK [2][-]{subsection.4.8}{\376\377\225\031\213\357\131\004\164\006}{section.4}% 14
\BOOKMARK [1][-]{section.5}{\376\377\214\003\213\325\217\307\172\013}{}% 15
\BOOKMARK [1][-]{section.6}{\376\377\213\276\213\241\176\323\213\272}{}% 16
\BOOKMARK [1][-]{section.7}{\376\377\213\276\213\241\137\303\137\227\116\016\140\073\176\323}{}% 17
\BOOKMARK [1][-]{section*.2}{\376\377\123\302\200\003\145\207\163\056}{}% 18
\BOOKMARK [1][-]{section*.3}{\376\377\226\104\137\125}{}% 19
\BOOKMARK [2][-]{section*.4}{\376\377\226\104\137\125\116\000\000\040\000\040\176\246\147\137\145\207\116\366\377\010\173\241\201\032\213\276\177\156\000,\000N\000e\000x\000y\000s\0004\000D\000D\000R\000\137\000M\000a\000s\000t\000e\000r\000.\000x\000d\000c\377\011}{section*.3}% 20
\BOOKMARK [2][-]{section*.5}{\376\377\226\104\137\125\116\214\000\040\000\040\152\041\127\127\145\207\116\366\377\010\000l\000i\000g\000h\000t\000.\000v\000h\000d\377\011}{section*.3}% 21
\BOOKMARK [2][-]{section*.6}{\376\377\226\104\137\125\116\011\000\040\000\040\217\320\210\114\176\323\147\234}{section*.3}% 22
\BOOKMARK [2][-]{section*.12}{\376\377\226\104\137\125\126\333\000\040\000\040\134\017\176\304\122\006\135\345\116\016\124\010\117\134}{section*.3}% 23
\BOOKMARK [1][-]{section*.13}{\376\377\201\364\214\042}{}% 24
