This is pdfTeX, Version 3.14159265-2.6-1.40.17 (TeX Live 2016/W32TeX) (preloaded format=pdflatex 2016.12.22)  22 DEC 2016 11:48
entering extended mode
 \write18 enabled.
 %&-line parsing enabled.
**\nonstopmode\input ./report.tex
(./report.tex (d:/texlive/2016/texmf-dist/tex/latex/base/article.cls
Document Class: article 2014/09/29 v1.4h Standard LaTeX document class
(d:/texlive/2016/texmf-dist/tex/latex/base/size11.clo
File: size11.clo 2014/09/29 v1.4h Standard LaTeX file (size option)
)
\c@part=\count79
\c@section=\count80
\c@subsection=\count81
\c@subsubsection=\count82
\c@paragraph=\count83
\c@subparagraph=\count84
\c@figure=\count85
\c@table=\count86
\abovecaptionskip=\skip41
\belowcaptionskip=\skip42
\bibindent=\dimen102
)
(d:/texlive/2016/texmf-dist/tex/latex/cjk/texinput/CJKutf8.sty
Package: CJKutf8 2015/04/18 4.8.4

(d:/texlive/2016/texmf-dist/tex/generic/oberdiek/ifpdf.sty
Package: ifpdf 2016/05/14 v3.1 Provides the ifpdf switch
)
(d:/texlive/2016/texmf-dist/tex/latex/base/inputenc.sty
Package: inputenc 2015/03/17 v1.2c Input encoding file
\inpenc@prehook=\toks14
\inpenc@posthook=\toks15

(d:/texlive/2016/texmf-dist/tex/latex/base/utf8.def
File: utf8.def 2016/02/28 v1.1s UTF-8 support for inputenc
Now handling font encoding OML ...
... no UTF-8 mapping file for font encoding OML
Now handling font encoding T1 ...
... processing UTF-8 mapping file for font encoding T1

(d:/texlive/2016/texmf-dist/tex/latex/base/t1enc.dfu
File: t1enc.dfu 2016/02/28 v1.1s UTF-8 support for inputenc
   defining Unicode char U+00A0 (decimal 160)
   defining Unicode char U+00A1 (decimal 161)
   defining Unicode char U+00A3 (decimal 163)
   defining Unicode char U+00AB (decimal 171)
   defining Unicode char U+00AD (decimal 173)
   defining Unicode char U+00BB (decimal 187)
   defining Unicode char U+00BF (decimal 191)
   defining Unicode char U+00C0 (decimal 192)
   defining Unicode char U+00C1 (decimal 193)
   defining Unicode char U+00C2 (decimal 194)
   defining Unicode char U+00C3 (decimal 195)
   defining Unicode char U+00C4 (decimal 196)
   defining Unicode char U+00C5 (decimal 197)
   defining Unicode char U+00C6 (decimal 198)
   defining Unicode char U+00C7 (decimal 199)
   defining Unicode char U+00C8 (decimal 200)
   defining Unicode char U+00C9 (decimal 201)
   defining Unicode char U+00CA (decimal 202)
   defining Unicode char U+00CB (decimal 203)
   defining Unicode char U+00CC (decimal 204)
   defining Unicode char U+00CD (decimal 205)
   defining Unicode char U+00CE (decimal 206)
   defining Unicode char U+00CF (decimal 207)
   defining Unicode char U+00D0 (decimal 208)
   defining Unicode char U+00D1 (decimal 209)
   defining Unicode char U+00D2 (decimal 210)
   defining Unicode char U+00D3 (decimal 211)
   defining Unicode char U+00D4 (decimal 212)
   defining Unicode char U+00D5 (decimal 213)
   defining Unicode char U+00D6 (decimal 214)
   defining Unicode char U+00D8 (decimal 216)
   defining Unicode char U+00D9 (decimal 217)
   defining Unicode char U+00DA (decimal 218)
   defining Unicode char U+00DB (decimal 219)
   defining Unicode char U+00DC (decimal 220)
   defining Unicode char U+00DD (decimal 221)
   defining Unicode char U+00DE (decimal 222)
   defining Unicode char U+00DF (decimal 223)
   defining Unicode char U+00E0 (decimal 224)
   defining Unicode char U+00E1 (decimal 225)
   defining Unicode char U+00E2 (decimal 226)
   defining Unicode char U+00E3 (decimal 227)
   defining Unicode char U+00E4 (decimal 228)
   defining Unicode char U+00E5 (decimal 229)
   defining Unicode char U+00E6 (decimal 230)
   defining Unicode char U+00E7 (decimal 231)
   defining Unicode char U+00E8 (decimal 232)
   defining Unicode char U+00E9 (decimal 233)
   defining Unicode char U+00EA (decimal 234)
   defining Unicode char U+00EB (decimal 235)
   defining Unicode char U+00EC (decimal 236)
   defining Unicode char U+00ED (decimal 237)
   defining Unicode char U+00EE (decimal 238)
   defining Unicode char U+00EF (decimal 239)
   defining Unicode char U+00F0 (decimal 240)
   defining Unicode char U+00F1 (decimal 241)
   defining Unicode char U+00F2 (decimal 242)
   defining Unicode char U+00F3 (decimal 243)
   defining Unicode char U+00F4 (decimal 244)
   defining Unicode char U+00F5 (decimal 245)
   defining Unicode char U+00F6 (decimal 246)
   defining Unicode char U+00F8 (decimal 248)
   defining Unicode char U+00F9 (decimal 249)
   defining Unicode char U+00FA (decimal 250)
   defining Unicode char U+00FB (decimal 251)
   defining Unicode char U+00FC (decimal 252)
   defining Unicode char U+00FD (decimal 253)
   defining Unicode char U+00FE (decimal 254)
   defining Unicode char U+00FF (decimal 255)
   defining Unicode char U+0100 (decimal 256)
   defining Unicode char U+0101 (decimal 257)
   defining Unicode char U+0102 (decimal 258)
   defining Unicode char U+0103 (decimal 259)
   defining Unicode char U+0104 (decimal 260)
   defining Unicode char U+0105 (decimal 261)
   defining Unicode char U+0106 (decimal 262)
   defining Unicode char U+0107 (decimal 263)
   defining Unicode char U+0108 (decimal 264)
   defining Unicode char U+0109 (decimal 265)
   defining Unicode char U+010A (decimal 266)
   defining Unicode char U+010B (decimal 267)
   defining Unicode char U+010C (decimal 268)
   defining Unicode char U+010D (decimal 269)
   defining Unicode char U+010E (decimal 270)
   defining Unicode char U+010F (decimal 271)
   defining Unicode char U+0110 (decimal 272)
   defining Unicode char U+0111 (decimal 273)
   defining Unicode char U+0112 (decimal 274)
   defining Unicode char U+0113 (decimal 275)
   defining Unicode char U+0114 (decimal 276)
   defining Unicode char U+0115 (decimal 277)
   defining Unicode char U+0116 (decimal 278)
   defining Unicode char U+0117 (decimal 279)
   defining Unicode char U+0118 (decimal 280)
   defining Unicode char U+0119 (decimal 281)
   defining Unicode char U+011A (decimal 282)
   defining Unicode char U+011B (decimal 283)
   defining Unicode char U+011C (decimal 284)
   defining Unicode char U+011D (decimal 285)
   defining Unicode char U+011E (decimal 286)
   defining Unicode char U+011F (decimal 287)
   defining Unicode char U+0120 (decimal 288)
   defining Unicode char U+0121 (decimal 289)
   defining Unicode char U+0122 (decimal 290)
   defining Unicode char U+0123 (decimal 291)
   defining Unicode char U+0124 (decimal 292)
   defining Unicode char U+0125 (decimal 293)
   defining Unicode char U+0128 (decimal 296)
   defining Unicode char U+0129 (decimal 297)
   defining Unicode char U+012A (decimal 298)
   defining Unicode char U+012B (decimal 299)
   defining Unicode char U+012C (decimal 300)
   defining Unicode char U+012D (decimal 301)
   defining Unicode char U+012E (decimal 302)
   defining Unicode char U+012F (decimal 303)
   defining Unicode char U+0130 (decimal 304)
   defining Unicode char U+0131 (decimal 305)
   defining Unicode char U+0132 (decimal 306)
   defining Unicode char U+0133 (decimal 307)
   defining Unicode char U+0134 (decimal 308)
   defining Unicode char U+0135 (decimal 309)
   defining Unicode char U+0136 (decimal 310)
   defining Unicode char U+0137 (decimal 311)
   defining Unicode char U+0139 (decimal 313)
   defining Unicode char U+013A (decimal 314)
   defining Unicode char U+013B (decimal 315)
   defining Unicode char U+013C (decimal 316)
   defining Unicode char U+013D (decimal 317)
   defining Unicode char U+013E (decimal 318)
   defining Unicode char U+0141 (decimal 321)
   defining Unicode char U+0142 (decimal 322)
   defining Unicode char U+0143 (decimal 323)
   defining Unicode char U+0144 (decimal 324)
   defining Unicode char U+0145 (decimal 325)
   defining Unicode char U+0146 (decimal 326)
   defining Unicode char U+0147 (decimal 327)
   defining Unicode char U+0148 (decimal 328)
   defining Unicode char U+014A (decimal 330)
   defining Unicode char U+014B (decimal 331)
   defining Unicode char U+014C (decimal 332)
   defining Unicode char U+014D (decimal 333)
   defining Unicode char U+014E (decimal 334)
   defining Unicode char U+014F (decimal 335)
   defining Unicode char U+0150 (decimal 336)
   defining Unicode char U+0151 (decimal 337)
   defining Unicode char U+0152 (decimal 338)
   defining Unicode char U+0153 (decimal 339)
   defining Unicode char U+0154 (decimal 340)
   defining Unicode char U+0155 (decimal 341)
   defining Unicode char U+0156 (decimal 342)
   defining Unicode char U+0157 (decimal 343)
   defining Unicode char U+0158 (decimal 344)
   defining Unicode char U+0159 (decimal 345)
   defining Unicode char U+015A (decimal 346)
   defining Unicode char U+015B (decimal 347)
   defining Unicode char U+015C (decimal 348)
   defining Unicode char U+015D (decimal 349)
   defining Unicode char U+015E (decimal 350)
   defining Unicode char U+015F (decimal 351)
   defining Unicode char U+0160 (decimal 352)
   defining Unicode char U+0161 (decimal 353)
   defining Unicode char U+0162 (decimal 354)
   defining Unicode char U+0163 (decimal 355)
   defining Unicode char U+0164 (decimal 356)
   defining Unicode char U+0165 (decimal 357)
   defining Unicode char U+0168 (decimal 360)
   defining Unicode char U+0169 (decimal 361)
   defining Unicode char U+016A (decimal 362)
   defining Unicode char U+016B (decimal 363)
   defining Unicode char U+016C (decimal 364)
   defining Unicode char U+016D (decimal 365)
   defining Unicode char U+016E (decimal 366)
   defining Unicode char U+016F (decimal 367)
   defining Unicode char U+0170 (decimal 368)
   defining Unicode char U+0171 (decimal 369)
   defining Unicode char U+0172 (decimal 370)
   defining Unicode char U+0173 (decimal 371)
   defining Unicode char U+0174 (decimal 372)
   defining Unicode char U+0175 (decimal 373)
   defining Unicode char U+0176 (decimal 374)
   defining Unicode char U+0177 (decimal 375)
   defining Unicode char U+0178 (decimal 376)
   defining Unicode char U+0179 (decimal 377)
   defining Unicode char U+017A (decimal 378)
   defining Unicode char U+017B (decimal 379)
   defining Unicode char U+017C (decimal 380)
   defining Unicode char U+017D (decimal 381)
   defining Unicode char U+017E (decimal 382)
   defining Unicode char U+01CD (decimal 461)
   defining Unicode char U+01CE (decimal 462)
   defining Unicode char U+01CF (decimal 463)
   defining Unicode char U+01D0 (decimal 464)
   defining Unicode char U+01D1 (decimal 465)
   defining Unicode char U+01D2 (decimal 466)
   defining Unicode char U+01D3 (decimal 467)
   defining Unicode char U+01D4 (decimal 468)
   defining Unicode char U+01E2 (decimal 482)
   defining Unicode char U+01E3 (decimal 483)
   defining Unicode char U+01E6 (decimal 486)
   defining Unicode char U+01E7 (decimal 487)
   defining Unicode char U+01E8 (decimal 488)
   defining Unicode char U+01E9 (decimal 489)
   defining Unicode char U+01EA (decimal 490)
   defining Unicode char U+01EB (decimal 491)
   defining Unicode char U+01F0 (decimal 496)
   defining Unicode char U+01F4 (decimal 500)
   defining Unicode char U+01F5 (decimal 501)
   defining Unicode char U+0218 (decimal 536)
   defining Unicode char U+0219 (decimal 537)
   defining Unicode char U+021A (decimal 538)
   defining Unicode char U+021B (decimal 539)
   defining Unicode char U+1E02 (decimal 7682)
   defining Unicode char U+1E03 (decimal 7683)
   defining Unicode char U+200C (decimal 8204)
   defining Unicode char U+2010 (decimal 8208)
   defining Unicode char U+2011 (decimal 8209)
   defining Unicode char U+2012 (decimal 8210)
   defining Unicode char U+2013 (decimal 8211)
   defining Unicode char U+2014 (decimal 8212)
   defining Unicode char U+2015 (decimal 8213)
   defining Unicode char U+2018 (decimal 8216)
   defining Unicode char U+2019 (decimal 8217)
   defining Unicode char U+201A (decimal 8218)
   defining Unicode char U+201C (decimal 8220)
   defining Unicode char U+201D (decimal 8221)
   defining Unicode char U+201E (decimal 8222)
   defining Unicode char U+2030 (decimal 8240)
   defining Unicode char U+2031 (decimal 8241)
   defining Unicode char U+2039 (decimal 8249)
   defining Unicode char U+203A (decimal 8250)
   defining Unicode char U+2423 (decimal 9251)
)
Now handling font encoding OT1 ...
... processing UTF-8 mapping file for font encoding OT1

(d:/texlive/2016/texmf-dist/tex/latex/base/ot1enc.dfu
File: ot1enc.dfu 2016/02/28 v1.1s UTF-8 support for inputenc
   defining Unicode char U+00A0 (decimal 160)
   defining Unicode char U+00A1 (decimal 161)
   defining Unicode char U+00A3 (decimal 163)
   defining Unicode char U+00AD (decimal 173)
   defining Unicode char U+00B8 (decimal 184)
   defining Unicode char U+00BF (decimal 191)
   defining Unicode char U+00C5 (decimal 197)
   defining Unicode char U+00C6 (decimal 198)
   defining Unicode char U+00D8 (decimal 216)
   defining Unicode char U+00DF (decimal 223)
   defining Unicode char U+00E6 (decimal 230)
   defining Unicode char U+00EC (decimal 236)
   defining Unicode char U+00ED (decimal 237)
   defining Unicode char U+00EE (decimal 238)
   defining Unicode char U+00EF (decimal 239)
   defining Unicode char U+00F8 (decimal 248)
   defining Unicode char U+0131 (decimal 305)
   defining Unicode char U+0141 (decimal 321)
   defining Unicode char U+0142 (decimal 322)
   defining Unicode char U+0152 (decimal 338)
   defining Unicode char U+0153 (decimal 339)
   defining Unicode char U+0174 (decimal 372)
   defining Unicode char U+0175 (decimal 373)
   defining Unicode char U+0176 (decimal 374)
   defining Unicode char U+0177 (decimal 375)
   defining Unicode char U+0218 (decimal 536)
   defining Unicode char U+0219 (decimal 537)
   defining Unicode char U+021A (decimal 538)
   defining Unicode char U+021B (decimal 539)
   defining Unicode char U+2013 (decimal 8211)
   defining Unicode char U+2014 (decimal 8212)
   defining Unicode char U+2018 (decimal 8216)
   defining Unicode char U+2019 (decimal 8217)
   defining Unicode char U+201C (decimal 8220)
   defining Unicode char U+201D (decimal 8221)
)
Now handling font encoding OMS ...
... processing UTF-8 mapping file for font encoding OMS

(d:/texlive/2016/texmf-dist/tex/latex/base/omsenc.dfu
File: omsenc.dfu 2016/02/28 v1.1s UTF-8 support for inputenc
   defining Unicode char U+00A7 (decimal 167)
   defining Unicode char U+00B6 (decimal 182)
   defining Unicode char U+00B7 (decimal 183)
   defining Unicode char U+2020 (decimal 8224)
   defining Unicode char U+2021 (decimal 8225)
   defining Unicode char U+2022 (decimal 8226)
)
Now handling font encoding OMX ...
... no UTF-8 mapping file for font encoding OMX
Now handling font encoding U ...
... no UTF-8 mapping file for font encoding U
   defining Unicode char U+00A9 (decimal 169)
   defining Unicode char U+00AA (decimal 170)
   defining Unicode char U+00AE (decimal 174)
   defining Unicode char U+00BA (decimal 186)
   defining Unicode char U+02C6 (decimal 710)
   defining Unicode char U+02DC (decimal 732)
   defining Unicode char U+200C (decimal 8204)
   defining Unicode char U+2026 (decimal 8230)
   defining Unicode char U+2122 (decimal 8482)
   defining Unicode char U+2423 (decimal 9251)
))
(d:/texlive/2016/texmf-dist/tex/latex/cjk/texinput/CJK.sty
Package: CJK 2015/04/18 4.8.4

(d:/texlive/2016/texmf-dist/tex/latex/cjk/texinput/mule/MULEenc.sty
Package: MULEenc 2015/04/18 4.8.4
)
(d:/texlive/2016/texmf-dist/tex/latex/cjk/texinput/CJK.enc
File: CJK.enc 2015/04/18 4.8.4
Now handling font encoding C00 ...
... no UTF-8 mapping file for font encoding C00
Now handling font encoding C05 ...
... no UTF-8 mapping file for font encoding C05
Now handling font encoding C09 ...
... no UTF-8 mapping file for font encoding C09
Now handling font encoding C10 ...
... no UTF-8 mapping file for font encoding C10
Now handling font encoding C20 ...
... no UTF-8 mapping file for font encoding C20
Now handling font encoding C19 ...
... no UTF-8 mapping file for font encoding C19
Now handling font encoding C40 ...
... no UTF-8 mapping file for font encoding C40
Now handling font encoding C42 ...
... no UTF-8 mapping file for font encoding C42
Now handling font encoding C43 ...
... no UTF-8 mapping file for font encoding C43
Now handling font encoding C50 ...
... no UTF-8 mapping file for font encoding C50
Now handling font encoding C52 ...
... no UTF-8 mapping file for font encoding C52
Now handling font encoding C49 ...
... no UTF-8 mapping file for font encoding C49
Now handling font encoding C60 ...
... no UTF-8 mapping file for font encoding C60
Now handling font encoding C61 ...
... no UTF-8 mapping file for font encoding C61
Now handling font encoding C63 ...
... no UTF-8 mapping file for font encoding C63
Now handling font encoding C64 ...
... no UTF-8 mapping file for font encoding C64
Now handling font encoding C65 ...
... no UTF-8 mapping file for font encoding C65
Now handling font encoding C70 ...
... no UTF-8 mapping file for font encoding C70
Now handling font encoding C31 ...
... no UTF-8 mapping file for font encoding C31
Now handling font encoding C32 ...
... no UTF-8 mapping file for font encoding C32
Now handling font encoding C33 ...
... no UTF-8 mapping file for font encoding C33
Now handling font encoding C34 ...
... no UTF-8 mapping file for font encoding C34
Now handling font encoding C35 ...
... no UTF-8 mapping file for font encoding C35
Now handling font encoding C36 ...
... no UTF-8 mapping file for font encoding C36
Now handling font encoding C37 ...
... no UTF-8 mapping file for font encoding C37
Now handling font encoding C80 ...
... no UTF-8 mapping file for font encoding C80
Now handling font encoding C81 ...
... no UTF-8 mapping file for font encoding C81
Now handling font encoding C01 ...
... no UTF-8 mapping file for font encoding C01
Now handling font encoding C11 ...
... no UTF-8 mapping file for font encoding C11
Now handling font encoding C21 ...
... no UTF-8 mapping file for font encoding C21
Now handling font encoding C41 ...
... no UTF-8 mapping file for font encoding C41
Now handling font encoding C62 ...
... no UTF-8 mapping file for font encoding C62
)
LaTeX Info: Redefining \selectfont on input line 755.
\CJK@indent=\box26
)
(d:/texlive/2016/texmf-dist/tex/latex/base/fontenc.sty
Package: fontenc 2005/09/27 v1.99g Standard LaTeX package
))
(d:/texlive/2016/texmf-dist/tex/latex/amscls/amsthm.sty
Package: amsthm 2015/03/04 v2.20.2
\thm@style=\toks16
\thm@bodyfont=\toks17
\thm@headfont=\toks18
\thm@notefont=\toks19
\thm@headpunct=\toks20
\thm@preskip=\skip43
\thm@postskip=\skip44
\thm@headsep=\skip45
\dth@everypar=\toks21
)
(d:/texlive/2016/texmf-dist/tex/generic/ulem/ulem.sty
\UL@box=\box27
\UL@hyphenbox=\box28
\UL@skip=\skip46
\UL@hook=\toks22
\UL@height=\dimen103
\UL@pe=\count87
\UL@pixel=\dimen104
\ULC@box=\box29
Package: ulem 2012/05/18
\ULdepth=\dimen105
)
(d:/texlive/2016/texmf-dist/tex/latex/xcolor/xcolor.sty
Package: xcolor 2016/05/11 v2.12 LaTeX color extensions (UK)

(d:/texlive/2016/texmf-dist/tex/latex/graphics-cfg/color.cfg
File: color.cfg 2016/01/02 v1.6 sample color configuration
)
Package xcolor Info: Driver file: pdftex.def on input line 225.

(d:/texlive/2016/texmf-dist/tex/latex/pdftex-def/pdftex.def
File: pdftex.def 2011/05/27 v0.06d Graphics/color for pdfTeX

(d:/texlive/2016/texmf-dist/tex/generic/oberdiek/infwarerr.sty
Package: infwarerr 2016/05/16 v1.4 Providing info/warning/error messages (HO)
)
(d:/texlive/2016/texmf-dist/tex/generic/oberdiek/ltxcmds.sty
Package: ltxcmds 2016/05/16 v1.23 LaTeX kernel commands for general use (HO)
)
\Gread@gobject=\count88
)
Package xcolor Info: Model `cmy' substituted by `cmy0' on input line 1348.
Package xcolor Info: Model `hsb' substituted by `rgb' on input line 1352.
Package xcolor Info: Model `RGB' extended on input line 1364.
Package xcolor Info: Model `HTML' substituted by `rgb' on input line 1366.
Package xcolor Info: Model `Hsb' substituted by `hsb' on input line 1367.
Package xcolor Info: Model `tHsb' substituted by `hsb' on input line 1368.
Package xcolor Info: Model `HSB' substituted by `hsb' on input line 1369.
Package xcolor Info: Model `Gray' substituted by `gray' on input line 1370.
Package xcolor Info: Model `wave' substituted by `hsb' on input line 1371.
)
(d:/texlive/2016/texmf-dist/tex/latex/amsmath/amsmath.sty
Package: amsmath 2016/03/10 v2.15b AMS math features
\@mathmargin=\skip47

For additional information on amsmath, use the `?' option.
(d:/texlive/2016/texmf-dist/tex/latex/amsmath/amstext.sty
Package: amstext 2000/06/29 v2.01 AMS text

(d:/texlive/2016/texmf-dist/tex/latex/amsmath/amsgen.sty
File: amsgen.sty 1999/11/30 v2.0 generic functions
\@emptytoks=\toks23
\ex@=\dimen106
))
(d:/texlive/2016/texmf-dist/tex/latex/amsmath/amsbsy.sty
Package: amsbsy 1999/11/29 v1.2d Bold Symbols
\pmbraise@=\dimen107
)
(d:/texlive/2016/texmf-dist/tex/latex/amsmath/amsopn.sty
Package: amsopn 2016/03/08 v2.02 operator names
)
\inf@bad=\count89
LaTeX Info: Redefining \frac on input line 199.
\uproot@=\count90
\leftroot@=\count91
LaTeX Info: Redefining \overline on input line 297.
\classnum@=\count92
\DOTSCASE@=\count93
LaTeX Info: Redefining \ldots on input line 394.
LaTeX Info: Redefining \dots on input line 397.
LaTeX Info: Redefining \cdots on input line 518.
\Mathstrutbox@=\box30
\strutbox@=\box31
\big@size=\dimen108
LaTeX Font Info:    Redeclaring font encoding OML on input line 634.
LaTeX Font Info:    Redeclaring font encoding OMS on input line 635.
\macc@depth=\count94
\c@MaxMatrixCols=\count95
\dotsspace@=\muskip10
\c@parentequation=\count96
\dspbrk@lvl=\count97
\tag@help=\toks24
\row@=\count98
\column@=\count99
\maxfields@=\count100
\andhelp@=\toks25
\eqnshift@=\dimen109
\alignsep@=\dimen110
\tagshift@=\dimen111
\tagwidth@=\dimen112
\totwidth@=\dimen113
\lineht@=\dimen114
\@envbody=\toks26
\multlinegap=\skip48
\multlinetaggap=\skip49
\mathdisplay@stack=\toks27
LaTeX Info: Redefining \[ on input line 2739.
LaTeX Info: Redefining \] on input line 2740.
)
(d:/texlive/2016/texmf-dist/tex/latex/amsfonts/amssymb.sty
Package: amssymb 2013/01/14 v3.01 AMS font symbols

(d:/texlive/2016/texmf-dist/tex/latex/amsfonts/amsfonts.sty
Package: amsfonts 2013/01/14 v3.01 Basic AMSFonts support
\symAMSa=\mathgroup4
\symAMSb=\mathgroup5
LaTeX Font Info:    Overwriting math alphabet `\mathfrak' in version `bold'
(Font)                  U/euf/m/n --> U/euf/b/n on input line 106.
))
(d:/texlive/2016/texmf-dist/tex/latex/psnfss/courier.sty
Package: courier 2005/04/12 PSNFSS-v9.2a (WaS) 
)
(d:/texlive/2016/texmf-dist/tex/latex/geometry/geometry.sty
Package: geometry 2010/09/12 v5.6 Page Geometry

(d:/texlive/2016/texmf-dist/tex/latex/graphics/keyval.sty
Package: keyval 2014/10/28 v1.15 key=value parser (DPC)
\KV@toks@=\toks28
)
(d:/texlive/2016/texmf-dist/tex/generic/oberdiek/ifvtex.sty
Package: ifvtex 2016/05/16 v1.6 Detect VTeX and its facilities (HO)
Package ifvtex Info: VTeX not detected.
)
(d:/texlive/2016/texmf-dist/tex/generic/ifxetex/ifxetex.sty
Package: ifxetex 2010/09/12 v0.6 Provides ifxetex conditional
)
\Gm@cnth=\count101
\Gm@cntv=\count102
\c@Gm@tempcnt=\count103
\Gm@bindingoffset=\dimen115
\Gm@wd@mp=\dimen116
\Gm@odd@mp=\dimen117
\Gm@even@mp=\dimen118
\Gm@layoutwidth=\dimen119
\Gm@layoutheight=\dimen120
\Gm@layouthoffset=\dimen121
\Gm@layoutvoffset=\dimen122
\Gm@dimlist=\toks29
)
(d:/texlive/2016/texmf-dist/tex/latex/enumitem/enumitem.sty
Package: enumitem 2011/09/28 v3.5.2 Customized lists
\labelindent=\skip50
\enit@outerparindent=\dimen123
\enit@toks=\toks30
\enit@inbox=\box32
\enitdp@description=\count104
)
(d:/texlive/2016/texmf-dist/tex/latex/graphics/graphicx.sty
Package: graphicx 2014/10/28 v1.0g Enhanced LaTeX Graphics (DPC,SPQR)

(d:/texlive/2016/texmf-dist/tex/latex/graphics/graphics.sty
Package: graphics 2016/05/09 v1.0r Standard LaTeX Graphics (DPC,SPQR)

(d:/texlive/2016/texmf-dist/tex/latex/graphics/trig.sty
Package: trig 2016/01/03 v1.10 sin cos tan (DPC)
)
(d:/texlive/2016/texmf-dist/tex/latex/graphics-cfg/graphics.cfg
File: graphics.cfg 2016/01/02 v1.10 sample graphics configuration
)
Package graphics Info: Driver file: pdftex.def on input line 96.
)
\Gin@req@height=\dimen124
\Gin@req@width=\dimen125
)
(d:/texlive/2016/texmf-dist/tex/latex/listings/listings.sty
\lst@mode=\count105
\lst@gtempboxa=\box33
\lst@token=\toks31
\lst@length=\count106
\lst@currlwidth=\dimen126
\lst@column=\count107
\lst@pos=\count108
\lst@lostspace=\dimen127
\lst@width=\dimen128
\lst@newlines=\count109
\lst@lineno=\count110
\lst@maxwidth=\dimen129

(d:/texlive/2016/texmf-dist/tex/latex/listings/lstmisc.sty
File: lstmisc.sty 2015/06/04 1.6 (Carsten Heinz)
\c@lstnumber=\count111
\lst@skipnumbers=\count112
\lst@framebox=\box34
)
(d:/texlive/2016/texmf-dist/tex/latex/listings/listings.cfg
File: listings.cfg 2015/06/04 1.6 listings configuration
))
Package: listings 2015/06/04 1.6 (Carsten Heinz)

(d:/texlive/2016/texmf-dist/tex/latex/algorithms/algorithm.sty
Package: algorithm 2009/08/24 v0.1 Document Style `algorithm' - floating enviro
nment

(d:/texlive/2016/texmf-dist/tex/latex/float/float.sty
Package: float 2001/11/08 v1.3d Float enhancements (AL)
\c@float@type=\count113
\float@exts=\toks32
\float@box=\box35
\@float@everytoks=\toks33
\@floatcapt=\box36
)
(d:/texlive/2016/texmf-dist/tex/latex/base/ifthen.sty
Package: ifthen 2014/09/29 v1.1c Standard LaTeX ifthen package (DPC)
)
\@float@every@algorithm=\toks34
\c@algorithm=\count114
)
(d:/texlive/2016/texmf-dist/tex/latex/algorithms/algorithmic.sty
Package: algorithmic 2009/08/24 v0.1 Document Style `algorithmic'
\c@ALC@unique=\count115
\c@ALC@line=\count116
\c@ALC@rem=\count117
\c@ALC@depth=\count118
\ALC@tlm=\skip51
\algorithmicindent=\skip52
)
(d:/texlive/2016/texmf-dist/tex/latex/tools/indentfirst.sty
Package: indentfirst 1995/11/23 v1.03 Indent first paragraph (DPC)
)
(d:/texlive/2016/texmf-dist/tex/latex/minted/minted.sty
Package: minted 2015/09/09 v2.1 Yet another Pygments shim for LaTeX

(d:/texlive/2016/texmf-dist/tex/latex/oberdiek/kvoptions.sty
Package: kvoptions 2016/05/16 v3.12 Key value format for package options (HO)

(d:/texlive/2016/texmf-dist/tex/generic/oberdiek/kvsetkeys.sty
Package: kvsetkeys 2016/05/16 v1.17 Key value parser (HO)

(d:/texlive/2016/texmf-dist/tex/generic/oberdiek/etexcmds.sty
Package: etexcmds 2016/05/16 v1.6 Avoid name clashes with e-TeX commands (HO)

(d:/texlive/2016/texmf-dist/tex/generic/oberdiek/ifluatex.sty
Package: ifluatex 2016/05/16 v1.4 Provides the ifluatex switch (HO)
Package ifluatex Info: LuaTeX not detected.
)
Package etexcmds Info: Could not find \expanded.
(etexcmds)             That can mean that you are not using pdfTeX 1.50 or
(etexcmds)             that some package has redefined \expanded.
(etexcmds)             In the latter case, load this package earlier.
)))
(d:/texlive/2016/texmf-dist/tex/latex/fancyvrb/fancyvrb.sty
Package: fancyvrb 2008/02/07

Style option: `fancyvrb' v2.7a, with DG/SPQR fixes, and firstline=lastline fix 
<2008/02/07> (tvz)
\FV@CodeLineNo=\count119
\FV@InFile=\read1
\FV@TabBox=\box37
\c@FancyVerbLine=\count120
\FV@StepNumber=\count121
\FV@OutFile=\write3
) (d:/texlive/2016/texmf-dist/tex/latex/tools/calc.sty
Package: calc 2014/10/28 v4.3 Infix arithmetic (KKT,FJ)
\calc@Acount=\count122
\calc@Bcount=\count123
\calc@Adimen=\dimen130
\calc@Bdimen=\dimen131
\calc@Askip=\skip53
\calc@Bskip=\skip54
LaTeX Info: Redefining \setlength on input line 80.
LaTeX Info: Redefining \addtolength on input line 81.
\calc@Ccount=\count124
\calc@Cskip=\skip55
)
(d:/texlive/2016/texmf-dist/tex/latex/ifplatform/ifplatform.sty
Package: ifplatform 2010/10/22 v0.4 Testing for the operating system

(d:/texlive/2016/texmf-dist/tex/generic/oberdiek/pdftexcmds.sty
Package: pdftexcmds 2016/05/10 v0.21 Utility functions of pdfTeX for LuaTeX (HO
)
Package pdftexcmds Info: LuaTeX not detected.
Package pdftexcmds Info: \pdf@primitive is available.
Package pdftexcmds Info: \pdf@ifprimitive is available.
Package pdftexcmds Info: \pdfdraftmode found.
)
(d:/texlive/2016/texmf-dist/tex/generic/oberdiek/catchfile.sty
Package: catchfile 2016/05/16 v1.7 Catch the contents of a file (HO)
))
(d:/texlive/2016/texmf-dist/tex/latex/etoolbox/etoolbox.sty
Package: etoolbox 2015/08/02 v2.2a e-TeX tools for LaTeX (JAW)
\etb@tempcnta=\count125
)
(d:/texlive/2016/texmf-dist/tex/generic/xstring/xstring.sty
(d:/texlive/2016/texmf-dist/tex/generic/xstring/xstring.tex
\@xs@message=\write4
\integerpart=\count126
\decimalpart=\count127
)
Package: xstring 2013/10/13  v1.7c  String manipulations (C Tellechea)
)
(d:/texlive/2016/texmf-dist/tex/latex/lineno/lineno.sty
Package: lineno 2005/11/02 line numbers on paragraphs v4.41
\linenopenalty=\count128
\output=\toks35
\linenoprevgraf=\count129
\linenumbersep=\dimen132
\linenumberwidth=\dimen133
\c@linenumber=\count130
\c@pagewiselinenumber=\count131
\c@LN@truepage=\count132
\c@internallinenumber=\count133
\c@internallinenumbers=\count134
\quotelinenumbersep=\dimen134
\bframerule=\dimen135
\bframesep=\dimen136
\bframebox=\box38
LaTeX Info: Redefining \\ on input line 3056.
)
\minted@appexistsfile=\read2
\FV@BreakIndent=\dimen137
\FV@BreakSymbolSepLeft=\dimen138
\FV@BreakSymbolSepRight=\dimen139
\FV@BreakSymbolIndentLeft=\dimen140
LaTeX Font Info:    Try loading font information for OT1+pcr on input line 688.


(d:/texlive/2016/texmf-dist/tex/latex/psnfss/ot1pcr.fd
File: ot1pcr.fd 2001/06/04 font definitions for OT1/pcr.
)
\FV@BreakSymbolIndentRight=\dimen141
\c@FancyVerbLineBreakLast=\count135
\FV@LineBox=\box39
\FV@LineIndentBox=\box40
\minted@bgbox=\box41
\minted@code=\write5
\c@minted@FancyVerbLineTemp=\count136
\@float@every@listing=\toks36
\c@listing=\count137
)
runsystem(if not exist "_minted-report" mkdir "_minted-report")...executed.


(./_minted-report/default.pygstyle)
(d:/texlive/2016/texmf-dist/tex/latex/appendix/appendix.sty
Package: appendix 2009/09/02 v1.2b extra appendix facilities
\c@@pps=\count138
\c@@ppsavesec=\count139
\c@@ppsaveapp=\count140
)
(d:/texlive/2016/texmf-dist/tex/latex/footmisc/footmisc.sty
Package: footmisc 2011/06/06 v5.5b a miscellany of footnote facilities
\FN@temptoken=\toks37
\footnotemargin=\dimen142
\c@pp@next@reset=\count141
\c@@fnserial=\count142
Package footmisc Info: Declaring symbol style bringhurst on input line 855.
Package footmisc Info: Declaring symbol style chicago on input line 863.
Package footmisc Info: Declaring symbol style wiley on input line 872.
Package footmisc Info: Declaring symbol style lamport-robust on input line 883.

Package footmisc Info: Declaring symbol style lamport* on input line 903.
Package footmisc Info: Declaring symbol style lamport*-robust on input line 924
.
)
(d:/texlive/2016/texmf-dist/tex/latex/hyperref/hyperref.sty
Package: hyperref 2016/05/05 v6.83n Hypertext links for LaTeX

(d:/texlive/2016/texmf-dist/tex/generic/oberdiek/hobsub-hyperref.sty
Package: hobsub-hyperref 2016/05/16 v1.14 Bundle oberdiek, subset hyperref (HO)


(d:/texlive/2016/texmf-dist/tex/generic/oberdiek/hobsub-generic.sty
Package: hobsub-generic 2016/05/16 v1.14 Bundle oberdiek, subset generic (HO)
Package: hobsub 2016/05/16 v1.14 Construct package bundles (HO)
Package hobsub Info: Skipping package `infwarerr' (already loaded).
Package hobsub Info: Skipping package `ltxcmds' (already loaded).
Package hobsub Info: Skipping package `ifluatex' (already loaded).
Package hobsub Info: Skipping package `ifvtex' (already loaded).
Package: intcalc 2016/05/16 v1.2 Expandable calculations with integers (HO)
Package hobsub Info: Skipping package `ifpdf' (already loaded).
Package hobsub Info: Skipping package `etexcmds' (already loaded).
Package hobsub Info: Skipping package `kvsetkeys' (already loaded).
Package: kvdefinekeys 2016/05/16 v1.4 Define keys (HO)
Package hobsub Info: Skipping package `pdftexcmds' (already loaded).
Package: pdfescape 2016/05/16 v1.14 Implements pdfTeX's escape features (HO)
Package: bigintcalc 2016/05/16 v1.4 Expandable calculations on big integers (HO
)
Package: bitset 2016/05/16 v1.2 Handle bit-vector datatype (HO)
Package: uniquecounter 2016/05/16 v1.3 Provide unlimited unique counter (HO)
)
Package hobsub Info: Skipping package `hobsub' (already loaded).
Package: letltxmacro 2016/05/16 v1.5 Let assignment for LaTeX macros (HO)
Package: hopatch 2016/05/16 v1.3 Wrapper for package hooks (HO)
Package: xcolor-patch 2016/05/16 xcolor patch
Package: atveryend 2016/05/16 v1.9 Hooks at the very end of document (HO)
Package: atbegshi 2016/05/16 v1.17 At begin shipout hook (HO)
Package: refcount 2016/05/16 v3.5 Data extraction from label references (HO)
Package: hycolor 2016/05/16 v1.8 Color options for hyperref/bookmark (HO)
)
(d:/texlive/2016/texmf-dist/tex/latex/oberdiek/auxhook.sty
Package: auxhook 2016/05/16 v1.4 Hooks for auxiliary files (HO)
)
\@linkdim=\dimen143
\Hy@linkcounter=\count143
\Hy@pagecounter=\count144

(d:/texlive/2016/texmf-dist/tex/latex/hyperref/pd1enc.def
File: pd1enc.def 2016/05/05 v6.83n Hyperref: PDFDocEncoding definition (HO)
Now handling font encoding PD1 ...
... no UTF-8 mapping file for font encoding PD1
)
\Hy@SavedSpaceFactor=\count145

(d:/texlive/2016/texmf-dist/tex/latex/latexconfig/hyperref.cfg
File: hyperref.cfg 2002/06/06 v1.2 hyperref configuration of TeXLive
)
Package hyperref Info: Option `colorlinks' set `true' on input line 4322.
Package hyperref Info: Hyper figures OFF on input line 4446.
Package hyperref Info: Link nesting OFF on input line 4451.
Package hyperref Info: Hyper index ON on input line 4454.
Package hyperref Info: Plain pages OFF on input line 4461.
Package hyperref Info: Backreferencing OFF on input line 4466.
Package hyperref Info: Implicit mode ON; LaTeX internals redefined.
Package hyperref Info: Bookmarks ON on input line 4691.
\c@Hy@tempcnt=\count146

(d:/texlive/2016/texmf-dist/tex/latex/url/url.sty
\Urlmuskip=\muskip11
Package: url 2013/09/16  ver 3.4  Verb mode for urls, etc.
)
LaTeX Info: Redefining \url on input line 5044.
\XeTeXLinkMargin=\dimen144
\Fld@menulength=\count147
\Field@Width=\dimen145
\Fld@charsize=\dimen146
Package hyperref Info: Hyper figures OFF on input line 6298.
Package hyperref Info: Link nesting OFF on input line 6303.
Package hyperref Info: Hyper index ON on input line 6306.
Package hyperref Info: backreferencing OFF on input line 6313.
Package hyperref Info: Link coloring ON on input line 6316.
Package hyperref Info: Link coloring with OCG OFF on input line 6323.
Package hyperref Info: PDF/A mode OFF on input line 6328.
LaTeX Info: Redefining \ref on input line 6368.
LaTeX Info: Redefining \pageref on input line 6372.
\Hy@abspage=\count148
\c@Item=\count149
\c@Hfootnote=\count150
)

Package hyperref Message: Driver (autodetected): hpdftex.

(d:/texlive/2016/texmf-dist/tex/latex/hyperref/hpdftex.def
File: hpdftex.def 2016/05/05 v6.83n Hyperref driver for pdfTeX
\Fld@listcount=\count151
\c@bookmark@seq@number=\count152

(d:/texlive/2016/texmf-dist/tex/latex/oberdiek/rerunfilecheck.sty
Package: rerunfilecheck 2016/05/16 v1.8 Rerun checks for auxiliary files (HO)
Package uniquecounter Info: New unique counter `rerunfilecheck' on input line 2
82.
)
\Hy@SectionHShift=\skip56
)
Package hyperref Info: Option `unicode' set `true' on input line 28.

(d:/texlive/2016/texmf-dist/tex/latex/hyperref/puenc.def
File: puenc.def 2016/05/05 v6.83n Hyperref: PDF Unicode definition (HO)
Now handling font encoding PU ...
... no UTF-8 mapping file for font encoding PU
)
(d:/texlive/2016/texmf-dist/tex/latex/listings/lstlang1.sty
File: lstlang1.sty 2015/06/04 1.6 listings language file
)
(d:/texlive/2016/texmf-dist/tex/latex/listings/lstlang1.sty
File: lstlang1.sty 2015/06/04 1.6 listings language file
)
(d:/texlive/2016/texmf-dist/tex/latex/listings/lstmisc.sty
File: lstmisc.sty 2015/06/04 1.6 (Carsten Heinz)
)
runsystem(for ^%i in (pygmentize.exe pygmentize.bat pygmentize.cmd) do set >"re
port.aex" <nul: /p x=^%~$PATH:i>>"report.aex")...executed.

runsystem(del "report.aex")...executed.

 (./report.aux)
\openout1 = `report.aux'.

LaTeX Font Info:    Checking defaults for OML/cmm/m/it on input line 57.
LaTeX Font Info:    ... okay on input line 57.
LaTeX Font Info:    Checking defaults for T1/cmr/m/n on input line 57.
LaTeX Font Info:    ... okay on input line 57.
LaTeX Font Info:    Checking defaults for OT1/cmr/m/n on input line 57.
LaTeX Font Info:    ... okay on input line 57.
LaTeX Font Info:    Checking defaults for OMS/cmsy/m/n on input line 57.
LaTeX Font Info:    ... okay on input line 57.
LaTeX Font Info:    Checking defaults for OMX/cmex/m/n on input line 57.
LaTeX Font Info:    ... okay on input line 57.
LaTeX Font Info:    Checking defaults for U/cmr/m/n on input line 57.
LaTeX Font Info:    ... okay on input line 57.
LaTeX Font Info:    Checking defaults for C00/song/m/n on input line 57.
LaTeX Font Info:    ... okay on input line 57.
LaTeX Font Info:    Checking defaults for C05/song/m/n on input line 57.
LaTeX Font Info:    ... okay on input line 57.
LaTeX Font Info:    Checking defaults for C09/song/m/n on input line 57.
LaTeX Font Info:    ... okay on input line 57.
LaTeX Font Info:    Checking defaults for C10/song/m/n on input line 57.
LaTeX Font Info:    ... okay on input line 57.
LaTeX Font Info:    Checking defaults for C20/song/m/n on input line 57.
LaTeX Font Info:    ... okay on input line 57.
LaTeX Font Info:    Checking defaults for C19/song/m/n on input line 57.
LaTeX Font Info:    ... okay on input line 57.
LaTeX Font Info:    Checking defaults for C40/song/m/n on input line 57.
LaTeX Font Info:    ... okay on input line 57.
LaTeX Font Info:    Checking defaults for C42/song/m/n on input line 57.
LaTeX Font Info:    ... okay on input line 57.
LaTeX Font Info:    Checking defaults for C43/song/m/n on input line 57.
LaTeX Font Info:    ... okay on input line 57.
LaTeX Font Info:    Checking defaults for C50/song/m/n on input line 57.
LaTeX Font Info:    ... okay on input line 57.
LaTeX Font Info:    Checking defaults for C52/song/m/n on input line 57.
LaTeX Font Info:    ... okay on input line 57.
LaTeX Font Info:    Checking defaults for C49/song/m/n on input line 57.
LaTeX Font Info:    ... okay on input line 57.
LaTeX Font Info:    Checking defaults for C60/mj/m/n on input line 57.
LaTeX Font Info:    ... okay on input line 57.
LaTeX Font Info:    Checking defaults for C61/mj/m/n on input line 57.
LaTeX Font Info:    ... okay on input line 57.
LaTeX Font Info:    Checking defaults for C63/mj/m/n on input line 57.
LaTeX Font Info:    ... okay on input line 57.
LaTeX Font Info:    Checking defaults for C64/mj/m/n on input line 57.
LaTeX Font Info:    ... okay on input line 57.
LaTeX Font Info:    Checking defaults for C65/mj/m/n on input line 57.
LaTeX Font Info:    ... okay on input line 57.
LaTeX Font Info:    Checking defaults for C70/song/m/n on input line 57.
LaTeX Font Info:    ... okay on input line 57.
LaTeX Font Info:    Checking defaults for C31/song/m/n on input line 57.
LaTeX Font Info:    ... okay on input line 57.
LaTeX Font Info:    Checking defaults for C32/song/m/n on input line 57.
LaTeX Font Info:    ... okay on input line 57.
LaTeX Font Info:    Checking defaults for C33/song/m/n on input line 57.
LaTeX Font Info:    ... okay on input line 57.
LaTeX Font Info:    Checking defaults for C34/song/m/n on input line 57.
LaTeX Font Info:    ... okay on input line 57.
LaTeX Font Info:    Checking defaults for C35/song/m/n on input line 57.
LaTeX Font Info:    ... okay on input line 57.
LaTeX Font Info:    Checking defaults for C36/song/m/n on input line 57.
LaTeX Font Info:    ... okay on input line 57.
LaTeX Font Info:    Checking defaults for C37/song/m/n on input line 57.
LaTeX Font Info:    ... okay on input line 57.
LaTeX Font Info:    Checking defaults for C80/song/m/n on input line 57.
LaTeX Font Info:    ... okay on input line 57.
LaTeX Font Info:    Checking defaults for C81/song/m/n on input line 57.
LaTeX Font Info:    ... okay on input line 57.
LaTeX Font Info:    Checking defaults for C01/song/m/n on input line 57.
LaTeX Font Info:    ... okay on input line 57.
LaTeX Font Info:    Checking defaults for C11/song/m/n on input line 57.
LaTeX Font Info:    ... okay on input line 57.
LaTeX Font Info:    Checking defaults for C21/song/m/n on input line 57.
LaTeX Font Info:    ... okay on input line 57.
LaTeX Font Info:    Checking defaults for C41/song/m/n on input line 57.
LaTeX Font Info:    ... okay on input line 57.
LaTeX Font Info:    Checking defaults for C62/song/m/n on input line 57.
LaTeX Font Info:    ... okay on input line 57.
LaTeX Font Info:    Checking defaults for PD1/pdf/m/n on input line 57.
LaTeX Font Info:    ... okay on input line 57.
LaTeX Font Info:    Checking defaults for PU/pdf/m/n on input line 57.
LaTeX Font Info:    ... okay on input line 57.

(d:/texlive/2016/texmf-dist/tex/context/base/mkii/supp-pdf.mkii
[Loading MPS to PDF converter (version 2006.09.02).]
\scratchcounter=\count153
\scratchdimen=\dimen147
\scratchbox=\box42
\nofMPsegments=\count154
\nofMParguments=\count155
\everyMPshowfont=\toks38
\MPscratchCnt=\count156
\MPscratchDim=\dimen148
\MPnumerator=\count157
\makeMPintoPDFobject=\count158
\everyMPtoPDFconversion=\toks39
)
*geometry* driver: auto-detecting
*geometry* detected driver: pdftex
*geometry* verbose mode - [ preamble ] result:
* driver: pdftex
* paper: a4paper
* layout: <same size as paper>
* layoutoffset:(h,v)=(0.0pt,0.0pt)
* modes: 
* h-part:(L,W,R)=(76.82234pt, 443.86319pt, 76.82234pt)
* v-part:(T,H,B)=(85.35826pt, 674.33032pt, 85.35826pt)
* \paperwidth=597.50787pt
* \paperheight=845.04684pt
* \textwidth=443.86319pt
* \textheight=674.33032pt
* \oddsidemargin=4.55235pt
* \evensidemargin=4.55235pt
* \topmargin=-23.91173pt
* \headheight=12.0pt
* \headsep=25.0pt
* \topskip=11.0pt
* \footskip=30.0pt
* \marginparwidth=50.0pt
* \marginparsep=10.0pt
* \columnsep=10.0pt
* \skip\footins=10.0pt plus 4.0pt minus 2.0pt
* \hoffset=0.0pt
* \voffset=0.0pt
* \mag=1000
* \@twocolumnfalse
* \@twosidefalse
* \@mparswitchfalse
* \@reversemarginfalse
* (1in=72.27pt=25.4mm, 1cm=28.453pt)

(d:/texlive/2016/texmf-dist/tex/latex/oberdiek/epstopdf-base.sty
Package: epstopdf-base 2016/05/15 v2.6 Base part for package epstopdf

(d:/texlive/2016/texmf-dist/tex/latex/oberdiek/grfext.sty
Package: grfext 2016/05/16 v1.2 Manage graphics extensions (HO)
)
Package grfext Info: Graphics extension search list:
(grfext)             [.png,.pdf,.jpg,.mps,.jpeg,.jbig2,.jb2,.PNG,.PDF,.JPG,.JPE
G,.JBIG2,.JB2,.eps]
(grfext)             \AppendGraphicsExtensions on input line 456.

(d:/texlive/2016/texmf-dist/tex/latex/latexconfig/epstopdf-sys.cfg
File: epstopdf-sys.cfg 2010/07/13 v1.3 Configuration of (r)epstopdf for TeX Liv
e
))
\c@lstlisting=\count159

(./_minted-report/default-pyg-prefix.pygstyle)
\AtBeginShipoutBox=\box43
Package hyperref Info: Link coloring OFF on input line 57.

(d:/texlive/2016/texmf-dist/tex/latex/hyperref/nameref.sty
Package: nameref 2012/10/27 v2.43 Cross-referencing by name of section

(d:/texlive/2016/texmf-dist/tex/generic/oberdiek/gettitlestring.sty
Package: gettitlestring 2016/05/16 v1.5 Cleanup title references (HO)
)
\c@section@level=\count160
)
LaTeX Info: Redefining \ref on input line 57.
LaTeX Info: Redefining \pageref on input line 57.
LaTeX Info: Redefining \nameref on input line 57.

(./report.out) (./report.out)
\@outlinefile=\write6
\openout6 = `report.out'.


(d:/texlive/2016/texmf-dist/tex/latex/cjk/texinput/utf8/UTF8.bdg
File: UTF8.bdg 2015/04/18 4.8.4
)
(d:/texlive/2016/texmf-dist/tex/latex/cjk/texinput/utf8/UTF8.enc
File: UTF8.enc 2015/04/18 4.8.4
)
(d:/texlive/2016/texmf-dist/tex/latex/cjk/texinput/utf8/UTF8.chr
File: UTF8.chr 2015/04/18 4.8.4
)
LaTeX Font Info:    Try loading font information for C70+gbsn on input line 63.


(d:/texlive/2016/texmf-dist/tex/latex/cjk/texinput/utf8/c70gbsn.fd
File: c70gbsn.fd 2015/04/18 4.8.4
)
(d:/texlive/2016/texmf-dist/tex/latex/cjk/texinput/utf8/c70gbsn.fdx
File: c70gbsn.fdx 2015/04/18 4.8.4
)
LaTeX Font Info:    Try loading font information for U+msa on input line 63.

(d:/texlive/2016/texmf-dist/tex/latex/amsfonts/umsa.fd
File: umsa.fd 2013/01/14 v3.01 AMS symbols A
)
LaTeX Font Info:    Try loading font information for U+msb on input line 63.

(d:/texlive/2016/texmf-dist/tex/latex/amsfonts/umsb.fd
File: umsb.fd 2013/01/14 v3.01 AMS symbols B
) [1

{d:/texlive/2016/texmf-var/fonts/map/pdftex/updmap/pdftex.map}] (./report.toc)
\tf@toc=\write7
\openout7 = `report.toc'.

 [2]
LaTeX Font Info:    Try loading font information for OMS+cmr on input line 84.

(d:/texlive/2016/texmf-dist/tex/latex/base/omscmr.fd
File: omscmr.fd 2014/09/29 v2.5h Standard LaTeX font definitions
)
LaTeX Font Info:    Font shape `OMS/cmr/m/n' in size <10.95> not available
(Font)              Font shape `OMS/cmsy/m/n' tried instead on input line 84.
 [3]
<right.jpg, id=269, 666.99188pt x 107.65219pt>
File: right.jpg Graphic file (type jpg)
 <use right.jpg>
Package pdftex.def Info: right.jpg used on input line 96.
(pdftex.def)             Requested size: 223.88383pt x 36.135pt.

Overfull \hbox (146.84561pt too wide) in paragraph at lines 96--97
[]\C70/gbsn/m/n/10.95/6c } \C70/gbsn/bx/n/10.95/8f f \C70/gbsn/m/n/10.95/53 ó \
C70/gbsn/bx/n/10.95/8f l \C70/gbsn/m/n/10.95/5f / \C70/gbsn/m/n/10.95/ff ^^Z \C
70/gbsn/m/n/10.95/63 	 \C70/gbsn/bx/n/10.95/4e  \C70/gbsn/m/n/10.95/53 ó \C70/
gbsn/m/n/10.95/63 	 \C70/gbsn/m/n/10.95/94 ® \C70/gbsn/m/n/10.95/62 ^^V \C70/gb
sn/m/n/10.95/80 ^^E \C70/gbsn/m/n/10.95/54 ^^L \C70/gbsn/m/n/10.95/65 ö \C70/gb
sn/m/n/10.95/63 	 \C70/gbsn/bx/n/10.95/4e  
 \C70/gbsn/m/n/10.95/63 	 \C70/gbsn/m/n/10.95/94 ® \C70/gbsn/bx/n/10.95/4e ^^N 
\C70/gbsn/m/n/10.95/53 ó \C70/gbsn/m/n/10.95/63 	 \C70/gbsn/m/n/10.95/94 ® \C70
/gbsn/m/n/10.95/ff ^^L \C70/gbsn/m/n/10.95/65 p \C70/gbsn/m/n/10.95/78 ^^A \C70
/gbsn/m/n/10.95/7b ¡ \C70/gbsn/m/n/10.95/66 > \C70/gbsn/m/n/10.95/79 :[]\C70/gb
sn/m/n/10.95/ff ^^[ 
 []

<left.jpg, id=270, 505.13719pt x 125.71968pt>
File: left.jpg Graphic file (type jpg)
 <use left.jpg>
Package pdftex.def Info: left.jpg used on input line 97.
(pdftex.def)             Requested size: 145.18341pt x 36.135pt.

Overfull \hbox (68.14519pt too wide) in paragraph at lines 97--98
[]\C70/gbsn/m/n/10.95/6c } \C70/gbsn/bx/n/10.95/8f f \C70/gbsn/m/n/10.95/5d æ \
C70/gbsn/bx/n/10.95/8f l \C70/gbsn/m/n/10.95/5f / \C70/gbsn/m/n/10.95/ff ^^Z \C
70/gbsn/m/n/10.95/63 	 \C70/gbsn/bx/n/10.95/4e  \C70/gbsn/m/n/10.95/5d æ \C70/
gbsn/m/n/10.95/63 	 \C70/gbsn/m/n/10.95/94 ® \C70/gbsn/m/n/10.95/62 ^^V \C70/gb
sn/m/n/10.95/80 ^^E \C70/gbsn/m/n/10.95/54 ^^L \C70/gbsn/m/n/10.95/65 ö \C70/gb
sn/m/n/10.95/63 	 \C70/gbsn/bx/n/10.95/4e  
 \C70/gbsn/m/n/10.95/63 	 \C70/gbsn/m/n/10.95/94 ® \C70/gbsn/bx/n/10.95/4e ^^N 
\C70/gbsn/m/n/10.95/5d æ \C70/gbsn/m/n/10.95/63 	 \C70/gbsn/m/n/10.95/94 ® \C70
/gbsn/m/n/10.95/ff ^^L \C70/gbsn/m/n/10.95/65 p \C70/gbsn/m/n/10.95/78 ^^A \C70
/gbsn/m/n/10.95/7b ¡ \C70/gbsn/m/n/10.95/66 > \C70/gbsn/m/n/10.95/79 :[]\C70/gb
sn/m/n/10.95/ff ^^[ 
 []

<stop.jpg, id=271, 621.82312pt x 126.4725pt>
File: stop.jpg Graphic file (type jpg)
 <use stop.jpg>
Package pdftex.def Info: stop.jpg used on input line 98.
(pdftex.def)             Requested size: 177.66737pt x 36.135pt.

<error.jpg, id=272, 1207.51125pt x 201.75375pt>
File: error.jpg Graphic file (type jpg)
 <use error.jpg>
Package pdftex.def Info: error.jpg used on input line 99.
(pdftex.def)             Requested size: 216.27399pt x 36.135pt.

Overfull \hbox (6.30359pt too wide) in paragraph at lines 104--105
\C70/gbsn/bx/n/10.95/4e * \C70/gbsn/m/n/10.95/8b ¡ \C70/gbsn/m/n/10.95/65 p \C7
0/gbsn/m/n/10.95/56 h \C70/gbsn/m/n/10.95/ff ^^L \C70/gbsn/m/n/10.95/4f ^^Z \C7
0/gbsn/m/n/10.95/57 (\OT1/cmr/m/n/10.95 100MHz\C70/gbsn/m/n/10.95/4f á \C70/gbs
n/m/n/10.95/53 ÷ \C70/gbsn/m/n/10.95/76 „ \C70/gbsn/bx/n/10.95/4e 
 \C70/gbsn/m/n/10.95/53 G \C70/gbsn/m/n/10.95/6c ¿ \C70/gbsn/bx/n/10.95/81 ê \C
70/gbsn/m/n/10.95/52  \OT1/cmr/m/n/10.95 1\C70/gbsn/m/n/10.95/ff ^^L \C70/gbsn/
m/n/10.95/71 6 \C70/gbsn/m/n/10.95/54 ^^N \C70/gbsn/m/n/10.95/52 $ \C70/gbsn/m/
n/10.95/65 ­ \C70/gbsn/m/n/10.95/66 / \C70/gbsn/m/n/10.95/54 & \C70/gbsn/m/n/10
.95/59 ' \C70/gbsn/bx/n/10.95/4e Ž\OT1/cmr/m/n/10.95 100110001001011010000000\C
70/gbsn/m/n/10.95/ff ^^L
 []

\openout3 = `report.pyg'.


(./_minted-report/A9B3CB093DB3F190E8B3039CF2B8C19BE97CC78E486EBD86BC2CFA2E96C28
DAE.pygtex
LaTeX Font Info:    Font shape `OT1/pcr/bx/n' in size <10.95> not available
(Font)              Font shape `OT1/pcr/b/n' tried instead on input line 2.
LaTeX Font Info:    Font shape `OT1/pcr/m/it' in size <10.95> not available
(Font)              Font shape `OT1/pcr/m/sl' tried instead on input line 4.


LaTeX Font Warning: Font shape `C70/gbsn/m/it' undefined
(Font)              using `C70/gbsn/m/n' instead on input line 4.

[4 <./right.jpg> <./left.jpg> <./stop.jpg> <./error.jpg>])
\openout3 = `report.pyg'.


(./_minted-report/61143748603E83D24A15447BF7BC3E67E97CC78E486EBD86BC2CFA2E96C28
DAE.pygtex)
\openout3 = `report.pyg'.


(./_minted-report/D3FBF2BF783951343BB298A180CA22A1E97CC78E486EBD86BC2CFA2E96C28
DAE.pygtex [5] [6])
\openout3 = `report.pyg'.


(./_minted-report/DA282DCCE75538766AD0949B55C03F49E97CC78E486EBD86BC2CFA2E96C28
DAE.pygtex [7])
\openout3 = `report.pyg'.


(./_minted-report/76C963C71B0D885545134D59125A61D9E97CC78E486EBD86BC2CFA2E96C28
DAE.pygtex [8])
\openout3 = `report.pyg'.


(./_minted-report/B027CD90A6F279636A001C639368ED85E97CC78E486EBD86BC2CFA2E96C28
DAE.pygtex)
\openout3 = `report.pyg'.


(./_minted-report/79782900E9A7F4BF6231A0C8C9FBF060E97CC78E486EBD86BC2CFA2E96C28
DAE.pygtex [9])
\openout3 = `report.pyg'.


(./_minted-report/769F2A0E0C9E2DE48174A50FF78E155EE97CC78E486EBD86BC2CFA2E96C28
DAE.pygtex [10]) [11]
Underfull \hbox (badness 10000) in paragraph at lines 388--388
[][][]\OT1/cmr/m/n/9 http://electronics.stackexchange.com/questions/61422/how-t
o-divide-50mhz-down-to-2hz-in-vhdl-on-
 []

[12]
No file report.bbl.
\openout3 = `report.pyg'.


(./_minted-report/A5885C2612E6CCD2A3B8A551EA05CC06B02C7B6F1D455B19A6367B3350C23
C70.pygtex [13])
\openout3 = `report.pyg'.


(./_minted-report/C49E3299B1F59739FAE9FC68AD4FAD91E97CC78E486EBD86BC2CFA2E96C28
DAE.pygtex [14] [15] [16] [17] [18] [19] [20])
<straight2.jpg, id=367, 790.955pt x 1053.9375pt>
File: straight2.jpg Graphic file (type jpg)
 <use straight2.jpg>
Package pdftex.def Info: straight2.jpg used on input line 721.
(pdftex.def)             Requested size: 361.34999pt x 481.4882pt.
 [21]
<left2.jpg, id=372, 790.955pt x 1053.9375pt>
File: left2.jpg Graphic file (type jpg)
 <use left2.jpg>
Package pdftex.def Info: left2.jpg used on input line 727.
(pdftex.def)             Requested size: 361.34999pt x 481.4882pt.
 [22 <./straight2.jpg>] <right2.jpg, id=378, 790.955pt x 1053.9375pt>
File: right2.jpg Graphic file (type jpg)
 <use right2.jpg>
Package pdftex.def Info: right2.jpg used on input line 733.
(pdftex.def)             Requested size: 361.34999pt x 481.4882pt.
 [23 <./left2.jpg>] <stop2.jpg, id=384, 790.955pt x 1053.9375pt>
File: stop2.jpg Graphic file (type jpg)
 <use stop2.jpg>
Package pdftex.def Info: stop2.jpg used on input line 739.
(pdftex.def)             Requested size: 361.34999pt x 481.4882pt.
 [24 <./right2.jpg>] <error2.jpg, id=390, 790.955pt x 1053.9375pt>
File: error2.jpg Graphic file (type jpg)
 <use error2.jpg>
Package pdftex.def Info: error2.jpg used on input line 745.
(pdftex.def)             Requested size: 361.34999pt x 481.4882pt.

[25 <./stop2.jpg>] [26 <./error2.jpg>] [27]
runsystem(del "report.pyg")...executed.

Package atveryend Info: Empty hook `BeforeClearDocument' on input line 766.
Package atveryend Info: Empty hook `AfterLastShipout' on input line 766.
 (./report.aux)
Package atveryend Info: Executing hook `AtVeryEndDocument' on input line 766.
Package atveryend Info: Executing hook `AtEndAfterFileList' on input line 766.
Package rerunfilecheck Info: File `report.out' has not changed.
(rerunfilecheck)             Checksum: E777412FBAE48C134580DD06FBEDBBB9;2325.


LaTeX Font Warning: Some font shapes were not available, defaults substituted.

 ) 
Here is how much of TeX's memory you used:
 18072 strings out of 493014
 261789 string characters out of 6137000
 394348 words of memory out of 5000000
 20957 multiletter control sequences out of 15000+600000
 54664 words of font info for 200 fonts, out of 8000000 for 9000
 1141 hyphenation exceptions out of 8191
 37i,8n,58p,906b,1732s stack positions out of 5000i,500n,10000p,200000b,80000s
{d:/texlive/2016/texmf-dist/fonts/enc/dvips/base/8r.enc}<d:/texlive/2016/texm
f-dist/fonts/type1/public/amsfonts/cm/cmbx10.pfb><d:/texlive/2016/texmf-dist/fo
nts/type1/public/amsfonts/cm/cmbx12.pfb><d:/texlive/2016/texmf-dist/fonts/type1
/public/amsfonts/cm/cmr10.pfb><d:/texlive/2016/texmf-dist/fonts/type1/public/am
sfonts/cm/cmr12.pfb><d:/texlive/2016/texmf-dist/fonts/type1/public/amsfonts/cm/
cmr6.pfb><d:/texlive/2016/texmf-dist/fonts/type1/public/amsfonts/cm/cmr8.pfb><d
:/texlive/2016/texmf-dist/fonts/type1/public/amsfonts/cm/cmr9.pfb><d:/texlive/2
016/texmf-dist/fonts/type1/public/amsfonts/cm/cmsy10.pfb><d:/texlive/2016/texmf
-dist/fonts/type1/arphic/gbsnu/gbsnu30.pfb><d:/texlive/2016/texmf-dist/fonts/ty
pe1/arphic/gbsnu/gbsnu4e.pfb><d:/texlive/2016/texmf-dist/fonts/type1/arphic/gbs
nu/gbsnu4f.pfb><d:/texlive/2016/texmf-dist/fonts/type1/arphic/gbsnu/gbsnu50.pfb
><d:/texlive/2016/texmf-dist/fonts/type1/arphic/gbsnu/gbsnu51.pfb><d:/texlive/2
016/texmf-dist/fonts/type1/arphic/gbsnu/gbsnu52.pfb><d:/texlive/2016/texmf-dist
/fonts/type1/arphic/gbsnu/gbsnu53.pfb><d:/texlive/2016/texmf-dist/fonts/type1/a
rphic/gbsnu/gbsnu54.pfb><d:/texlive/2016/texmf-dist/fonts/type1/arphic/gbsnu/gb
snu56.pfb><d:/texlive/2016/texmf-dist/fonts/type1/arphic/gbsnu/gbsnu57.pfb><d:/
texlive/2016/texmf-dist/fonts/type1/arphic/gbsnu/gbsnu59.pfb><d:/texlive/2016/t
exmf-dist/fonts/type1/arphic/gbsnu/gbsnu5a.pfb><d:/texlive/2016/texmf-dist/font
s/type1/arphic/gbsnu/gbsnu5b.pfb><d:/texlive/2016/texmf-dist/fonts/type1/arphic
/gbsnu/gbsnu5c.pfb><d:/texlive/2016/texmf-dist/fonts/type1/arphic/gbsnu/gbsnu5d
.pfb><d:/texlive/2016/texmf-dist/fonts/type1/arphic/gbsnu/gbsnu5e.pfb><d:/texli
ve/2016/texmf-dist/fonts/type1/arphic/gbsnu/gbsnu5f.pfb><d:/texlive/2016/texmf-
dist/fonts/type1/arphic/gbsnu/gbsnu60.pfb><d:/texlive/2016/texmf-dist/fonts/typ
e1/arphic/gbsnu/gbsnu61.pfb><d:/texlive/2016/texmf-dist/fonts/type1/arphic/gbsn
u/gbsnu62.pfb><d:/texlive/2016/texmf-dist/fonts/type1/arphic/gbsnu/gbsnu63.pfb>
<d:/texlive/2016/texmf-dist/fonts/type1/arphic/gbsnu/gbsnu64.pfb><d:/texlive/20
16/texmf-dist/fonts/type1/arphic/gbsnu/gbsnu65.pfb><d:/texlive/2016/texmf-dist/
fonts/type1/arphic/gbsnu/gbsnu66.pfb><d:/texlive/2016/texmf-dist/fonts/type1/ar
phic/gbsnu/gbsnu67.pfb><d:/texlive/2016/texmf-dist/fonts/type1/arphic/gbsnu/gbs
nu68.pfb><d:/texlive/2016/texmf-dist/fonts/type1/arphic/gbsnu/gbsnu6a.pfb><d:/t
exlive/2016/texmf-dist/fonts/type1/arphic/gbsnu/gbsnu6b.pfb><d:/texlive/2016/te
xmf-dist/fonts/type1/arphic/gbsnu/gbsnu6c.pfb><d:/texlive/2016/texmf-dist/fonts
/type1/arphic/gbsnu/gbsnu6d.pfb><d:/texlive/2016/texmf-dist/fonts/type1/arphic/
gbsnu/gbsnu6e.pfb><d:/texlive/2016/texmf-dist/fonts/type1/arphic/gbsnu/gbsnu70.
pfb><d:/texlive/2016/texmf-dist/fonts/type1/arphic/gbsnu/gbsnu71.pfb><d:/texliv
e/2016/texmf-dist/fonts/type1/arphic/gbsnu/gbsnu72.pfb><d:/texlive/2016/texmf-d
ist/fonts/type1/arphic/gbsnu/gbsnu73.pfb><d:/texlive/2016/texmf-dist/fonts/type
1/arphic/gbsnu/gbsnu74.pfb><d:/texlive/2016/texmf-dist/fonts/type1/arphic/gbsnu
/gbsnu75.pfb><d:/texlive/2016/texmf-dist/fonts/type1/arphic/gbsnu/gbsnu76.pfb><
d:/texlive/2016/texmf-dist/fonts/type1/arphic/gbsnu/gbsnu77.pfb><d:/texlive/201
6/texmf-dist/fonts/type1/arphic/gbsnu/gbsnu78.pfb><d:/texlive/2016/texmf-dist/f
onts/type1/arphic/gbsnu/gbsnu79.pfb><d:/texlive/2016/texmf-dist/fonts/type1/arp
hic/gbsnu/gbsnu7a.pfb><d:/texlive/2016/texmf-dist/fonts/type1/arphic/gbsnu/gbsn
u7b.pfb><d:/texlive/2016/texmf-dist/fonts/type1/arphic/gbsnu/gbsnu7c.pfb><d:/te
xlive/2016/texmf-dist/fonts/type1/arphic/gbsnu/gbsnu7d.pfb><d:/texlive/2016/tex
mf-dist/fonts/type1/arphic/gbsnu/gbsnu7e.pfb><d:/texlive/2016/texmf-dist/fonts/
type1/arphic/gbsnu/gbsnu7f.pfb><d:/texlive/2016/texmf-dist/fonts/type1/arphic/g
bsnu/gbsnu80.pfb><d:/texlive/2016/texmf-dist/fonts/type1/arphic/gbsnu/gbsnu81.p
fb><d:/texlive/2016/texmf-dist/fonts/type1/arphic/gbsnu/gbsnu82.pfb><d:/texlive
/2016/texmf-dist/fonts/type1/arphic/gbsnu/gbsnu83.pfb><d:/texlive/2016/texmf-di
st/fonts/type1/arphic/gbsnu/gbsnu86.pfb><d:/texlive/2016/texmf-dist/fonts/type1
/arphic/gbsnu/gbsnu88.pfb><d:/texlive/2016/texmf-dist/fonts/type1/arphic/gbsnu/
gbsnu89.pfb><d:/texlive/2016/texmf-dist/fonts/type1/arphic/gbsnu/gbsnu8a.pfb><d
:/texlive/2016/texmf-dist/fonts/type1/arphic/gbsnu/gbsnu8b.pfb><d:/texlive/2016
/texmf-dist/fonts/type1/arphic/gbsnu/gbsnu8c.pfb><d:/texlive/2016/texmf-dist/fo
nts/type1/arphic/gbsnu/gbsnu8d.pfb><d:/texlive/2016/texmf-dist/fonts/type1/arph
ic/gbsnu/gbsnu8e.pfb><d:/texlive/2016/texmf-dist/fonts/type1/arphic/gbsnu/gbsnu
8f.pfb><d:/texlive/2016/texmf-dist/fonts/type1/arphic/gbsnu/gbsnu90.pfb><d:/tex
live/2016/texmf-dist/fonts/type1/arphic/gbsnu/gbsnu91.pfb><d:/texlive/2016/texm
f-dist/fonts/type1/arphic/gbsnu/gbsnu94.pfb><d:/texlive/2016/texmf-dist/fonts/t
ype1/arphic/gbsnu/gbsnu95.pfb><d:/texlive/2016/texmf-dist/fonts/type1/arphic/gb
snu/gbsnu96.pfb><d:/texlive/2016/texmf-dist/fonts/type1/arphic/gbsnu/gbsnu97.pf
b><d:/texlive/2016/texmf-dist/fonts/type1/arphic/gbsnu/gbsnu98.pfb><d:/texlive/
2016/texmf-dist/fonts/type1/arphic/gbsnu/gbsnu9a.pfb><d:/texlive/2016/texmf-dis
t/fonts/type1/arphic/gbsnu/gbsnu9b.pfb><d:/texlive/2016/texmf-dist/fonts/type1/
arphic/gbsnu/gbsnuff.pfb><d:/texlive/2016/texmf-dist/fonts/type1/urw/courier/uc
rb8a.pfb><d:/texlive/2016/texmf-dist/fonts/type1/urw/courier/ucrr8a.pfb><d:/tex
live/2016/texmf-dist/fonts/type1/urw/courier/ucrro8a.pfb>
Output written on report.pdf (27 pages, 1988150 bytes).
PDF statistics:
 674 PDF objects out of 1000 (max. 8388607)
 480 compressed objects within 5 object streams
 61 named destinations out of 1000 (max. 500000)
 518 words of extra memory for PDF output out of 10000 (max. 10000000)

