Vivado Simulator 2016.3
Copyright 1986-1999, 2001-2016 Xilinx, Inc. All Rights Reserved.
Running: C:/Xilinx/Vivado/2016.3/bin/unwrapped/win64.o/xelab.exe -wto 691a3a2640fb4ee1b71a08a6717d3221 --debug typical --relax --mt 2 -L xil_defaultlib -L secureip --snapshot sim_ram_behav xil_defaultlib.sim_ram -log elaborate.log 
Using 2 slave threads.
Starting static elaboration
Completed static elaboration
Starting simulation data flow analysis
Completed simulation data flow analysis
Time Resolution for simulation is 1ps
Compiling package std.standard
Compiling package std.textio
Compiling package ieee.std_logic_1164
Compiling package ieee.std_logic_arith
Compiling package ieee.std_logic_unsigned
Compiling package ieee.numeric_std
Compiling package unisim.vcomponents
Compiling architecture behavioral of entity xil_defaultlib.ram [ram_default]
Compiling architecture behavioral of entity xil_defaultlib.perform [perform_default]
Compiling architecture behavioral of entity xil_defaultlib.sim_ram
Built simulation snapshot sim_ram_behav
